#
# There is insufficient memory for the Java Runtime Environment to continue.
# Native memory allocation (malloc) failed to allocate 1474720 bytes for Chunk::new
# Possible reasons:
#   The system is out of physical RAM or swap space
#   The process is running with CompressedOops enabled, and the Java Heap may be blocking the growth of the native heap
# Possible solutions:
#   Reduce memory load on the system
#   Increase physical memory or swap space
#   Check if swap backing store is full
#   Decrease Java heap size (-Xmx/-Xms)
#   Decrease number of Java threads
#   Decrease Java thread stack sizes (-Xss)
#   Set larger code cache with -XX:ReservedCodeCacheSize=
#   JVM is running with Unscaled Compressed Oops mode in which the Java heap is
#     placed in the first 4GB address space. The Java Heap base address is the
#     maximum limit for the native heap growth. Please use -XX:HeapBaseMinAddress
#     to set the Java Heap base and to place the Java Heap above 4GB virtual address.
# This output file may be truncated or incomplete.
#
#  Out of Memory Error (arena.cpp:195), pid=1012, tid=30876
#
# JRE version: OpenJDK Runtime Environment Corretto-16.0.2.7.1 (16.0.2+7) (build 16.0.2+7)
# Java VM: OpenJDK 64-Bit Server VM Corretto-16.0.2.7.1 (16.0.2+7, mixed mode, sharing, tiered, compressed oops, compressed class ptrs, g1 gc, windows-amd64)
# No core dump will be written. Minidumps are not enabled by default on client versions of Windows
#

---------------  S U M M A R Y ------------

Command Line: --add-opens=java.base/java.util=ALL-UNNAMED --add-opens=java.base/java.lang=ALL-UNNAMED --add-opens=java.base/java.lang.invoke=ALL-UNNAMED --add-opens=java.base/java.util=ALL-UNNAMED --add-opens=java.prefs/java.util.prefs=ALL-UNNAMED --add-opens=java.prefs/java.util.prefs=ALL-UNNAMED --add-opens=java.base/java.nio.charset=ALL-UNNAMED --add-opens=java.base/java.net=ALL-UNNAMED --add-opens=java.base/java.util.concurrent.atomic=ALL-UNNAMED -XX:MaxMetaspaceSize=256m -XX:+HeapDumpOnOutOfMemoryError -Xms256m -Xmx512m -Dfile.encoding=windows-1252 -Duser.country=DE -Duser.language=de -Duser.variant org.gradle.launcher.daemon.bootstrap.GradleDaemon 7.5.1

Host: AMD Athlon 300U with Radeon Vega Mobile Gfx    , 4 cores, 5G,  Windows 10 , 64 bit Build 22000 (10.0.22000.708)
Time: Mon Oct 10 16:11:37 2022 Mitteleuropäische Sommerzeit elapsed time: 13.465048 seconds (0d 0h 0m 13s)

---------------  T H R E A D  ---------------

Current thread (0x0000021a5a7938f0):  JavaThread "C2 CompilerThread0" daemon [_thread_in_native, id=30876, stack(0x0000001b15700000,0x0000001b15800000)]


Current CompileTask:
C2:  13465 5714   !   4       java.net.URLClassLoader::findClass (47 bytes)

Stack: [0x0000001b15700000,0x0000001b15800000]
Native frames: (J=compiled Java code, j=interpreted, Vv=VM code, C=native code)
V  [jvm.dll+0x647e0a]
V  [jvm.dll+0x7f0549]
V  [jvm.dll+0x7f1cfe]
V  [jvm.dll+0x7f2343]
V  [jvm.dll+0x23dd88]
V  [jvm.dll+0xc879a]
V  [jvm.dll+0xc8d4c]
V  [jvm.dll+0x351627]
V  [jvm.dll+0x1b730a]
V  [jvm.dll+0x210a7f]
V  [jvm.dll+0x20ff17]
V  [jvm.dll+0x1a0d9b]
V  [jvm.dll+0x21f909]
V  [jvm.dll+0x21da9b]
V  [jvm.dll+0x7a8662]
V  [jvm.dll+0x7a223a]
V  [jvm.dll+0x646c46]
C  [ucrtbase.dll+0x26c0c]
C  [KERNEL32.DLL+0x154e0]
C  [ntdll.dll+0x485b]


---------------  P R O C E S S  ---------------

Threads class SMR info:
_java_thread_list=0x0000021a5f222790, length=42, elements={
0x0000021a3d6ec4e0, 0x0000021a5a771270, 0x0000021a5a7726b0, 0x0000021a5a787100,
0x0000021a5a789b10, 0x0000021a5a78bcc0, 0x0000021a5a78ee70, 0x0000021a5a7938f0,
0x0000021a5a7983f0, 0x0000021a5a799e40, 0x0000021a5b4c35f0, 0x0000021a5b4c5570,
0x0000021a5c532340, 0x0000021a5c8e91b0, 0x0000021a5c8494d0, 0x0000021a5c65f0f0,
0x0000021a5cfce010, 0x0000021a5cf09030, 0x0000021a5cb8ab20, 0x0000021a5cb8cb00,
0x0000021a5cb8c5b0, 0x0000021a5cb8a5d0, 0x0000021a5cb8d050, 0x0000021a5cb8d5a0,
0x0000021a5cb8b5c0, 0x0000021a5cb8bb10, 0x0000021a5cb8c060, 0x0000021a5f06e2a0,
0x0000021a5f06d2b0, 0x0000021a5f06cd60, 0x0000021a5f06ed40, 0x0000021a5f070d20,
0x0000021a5f0717c0, 0x0000021a5f06dd50, 0x0000021a5f06fd30, 0x0000021a5f06f290,
0x0000021a5f071d10, 0x0000021a5f072260, 0x0000021a5f0727b0, 0x0000021a5f0737a0,
0x0000021a5ca67540, 0x0000021a5ca60060
}

Java Threads: ( => current thread )
  0x0000021a3d6ec4e0 JavaThread "main" [_thread_blocked, id=30908, stack(0x0000001b14a00000,0x0000001b14b00000)]
  0x0000021a5a771270 JavaThread "Reference Handler" daemon [_thread_blocked, id=10192, stack(0x0000001b15100000,0x0000001b15200000)]
  0x0000021a5a7726b0 JavaThread "Finalizer" daemon [_thread_blocked, id=14988, stack(0x0000001b15200000,0x0000001b15300000)]
  0x0000021a5a787100 JavaThread "Signal Dispatcher" daemon [_thread_blocked, id=36068, stack(0x0000001b15300000,0x0000001b15400000)]
  0x0000021a5a789b10 JavaThread "Attach Listener" daemon [_thread_blocked, id=30888, stack(0x0000001b15400000,0x0000001b15500000)]
  0x0000021a5a78bcc0 JavaThread "Service Thread" daemon [_thread_blocked, id=33820, stack(0x0000001b15500000,0x0000001b15600000)]
  0x0000021a5a78ee70 JavaThread "Monitor Deflation Thread" daemon [_thread_blocked, id=8908, stack(0x0000001b15600000,0x0000001b15700000)]
=>0x0000021a5a7938f0 JavaThread "C2 CompilerThread0" daemon [_thread_in_native, id=30876, stack(0x0000001b15700000,0x0000001b15800000)]
  0x0000021a5a7983f0 JavaThread "C1 CompilerThread0" daemon [_thread_blocked, id=31360, stack(0x0000001b15800000,0x0000001b15900000)]
  0x0000021a5a799e40 JavaThread "Sweeper thread" daemon [_thread_blocked, id=6132, stack(0x0000001b15900000,0x0000001b15a00000)]
  0x0000021a5b4c35f0 JavaThread "Common-Cleaner" daemon [_thread_blocked, id=30588, stack(0x0000001b15a00000,0x0000001b15b00000)]
  0x0000021a5b4c5570 JavaThread "Notification Thread" daemon [_thread_blocked, id=14824, stack(0x0000001b15b00000,0x0000001b15c00000)]
  0x0000021a5c532340 JavaThread "Daemon health stats" [_thread_blocked, id=36204, stack(0x0000001b15d00000,0x0000001b15e00000)]
  0x0000021a5c8e91b0 JavaThread "Incoming local TCP Connector on port 58095" [_thread_in_native, id=9904, stack(0x0000001b16100000,0x0000001b16200000)]
  0x0000021a5c8494d0 JavaThread "Daemon periodic checks" [_thread_blocked, id=17148, stack(0x0000001b16200000,0x0000001b16300000)]
  0x0000021a5c65f0f0 JavaThread "Daemon" [_thread_blocked, id=17912, stack(0x0000001b16300000,0x0000001b16400000)]
  0x0000021a5cfce010 JavaThread "Handler for socket connection from /127.0.0.1:58095 to /127.0.0.1:58096" [_thread_in_native, id=13720, stack(0x0000001b16400000,0x0000001b16500000)]
  0x0000021a5cf09030 JavaThread "Cancel handler" [_thread_blocked, id=26396, stack(0x0000001b16500000,0x0000001b16600000)]
  0x0000021a5cb8ab20 JavaThread "Daemon worker" [_thread_in_native, id=34212, stack(0x0000001b16600000,0x0000001b16700000)]
  0x0000021a5cb8cb00 JavaThread "Asynchronous log dispatcher for DefaultDaemonConnection: socket connection from /127.0.0.1:58095 to /127.0.0.1:58096" [_thread_blocked, id=19628, stack(0x0000001b16700000,0x0000001b16800000)]
  0x0000021a5cb8c5b0 JavaThread "Stdin handler" [_thread_blocked, id=35876, stack(0x0000001b16800000,0x0000001b16900000)]
  0x0000021a5cb8a5d0 JavaThread "Daemon client event forwarder" [_thread_blocked, id=22656, stack(0x0000001b16900000,0x0000001b16a00000)]
  0x0000021a5cb8d050 JavaThread "Cache worker for journal cache (C:\Users\flori\.gradle\caches\journal-1)" [_thread_blocked, id=17156, stack(0x0000001b16a00000,0x0000001b16b00000)]
  0x0000021a5cb8d5a0 JavaThread "File lock request listener" [_thread_in_native, id=27244, stack(0x0000001b16b00000,0x0000001b16c00000)]
  0x0000021a5cb8b5c0 JavaThread "Cache worker for file hash cache (C:\Users\flori\.gradle\caches\7.5.1\fileHashes)" [_thread_blocked, id=12784, stack(0x0000001b16c00000,0x0000001b16d00000)]
  0x0000021a5cb8bb10 JavaThread "File watcher server" daemon [_thread_in_native, id=22768, stack(0x0000001b16d00000,0x0000001b16e00000)]
  0x0000021a5cb8c060 JavaThread "File watcher consumer" daemon [_thread_blocked, id=35928, stack(0x0000001b16e00000,0x0000001b16f00000)]
  0x0000021a5f06e2a0 JavaThread "Cache worker for file content cache (C:\Users\flori\.gradle\caches\7.5.1\fileContent)" [_thread_blocked, id=6972, stack(0x0000001b17100000,0x0000001b17200000)]
  0x0000021a5f06d2b0 JavaThread "Cache worker for execution history cache (C:\Users\flori\.gradle\caches\7.5.1\executionHistory)" [_thread_blocked, id=5148, stack(0x0000001b17400000,0x0000001b17500000)]
  0x0000021a5f06cd60 JavaThread "jar transforms" [_thread_blocked, id=5004, stack(0x0000001b17500000,0x0000001b17600000)]
  0x0000021a5f06ed40 JavaThread "jar transforms Thread 2" [_thread_blocked, id=20948, stack(0x0000001b17600000,0x0000001b17700000)]
  0x0000021a5f070d20 JavaThread "jar transforms Thread 3" [_thread_blocked, id=22300, stack(0x0000001b17700000,0x0000001b17800000)]
  0x0000021a5f0717c0 JavaThread "jar transforms Thread 4" [_thread_blocked, id=34464, stack(0x0000001b17800000,0x0000001b17900000)]
  0x0000021a5f06dd50 JavaThread "Cache worker for dependencies-accessors (C:\Users\flori\IdeaProjects\prog-exercise-2-florentinahajdini\.gradle\7.5.1\dependencies-accessors)" [_thread_blocked, id=9820, stack(0x0000001b17900000,0x0000001b17a00000)]
  0x0000021a5f06fd30 JavaThread "Memory manager" [_thread_blocked, id=33996, stack(0x0000001b17c00000,0x0000001b17d00000)]
  0x0000021a5f06f290 JavaThread "included builds" [_thread_blocked, id=21160, stack(0x0000001b17d00000,0x0000001b17e00000)]
  0x0000021a5f071d10 JavaThread "Cache worker for Java compile cache (C:\Users\flori\.gradle\caches\7.5.1\javaCompile)" [_thread_blocked, id=10332, stack(0x0000001b18200000,0x0000001b18300000)]
  0x0000021a5f072260 JavaThread "Exec process" [_thread_blocked, id=31864, stack(0x0000001b18400000,0x0000001b18500000)]
  0x0000021a5f0727b0 JavaThread "DisconnectableInputStream source reader" daemon [_thread_blocked, id=13288, stack(0x0000001b18500000,0x0000001b18600000)]
  0x0000021a5f0737a0 JavaThread "Exec process Thread 2" [_thread_blocked, id=30968, stack(0x0000001b18600000,0x0000001b18700000)]
  0x0000021a5ca67540 JavaThread "Exec process Thread 3" [_thread_blocked, id=27056, stack(0x0000001b18700000,0x0000001b18800000)]
  0x0000021a5ca60060 JavaThread "Exec process Thread 4" [_thread_blocked, id=22832, stack(0x0000001b18800000,0x0000001b18900000)]

Other Threads:
  0x0000021a5a76ca90 VMThread "VM Thread" [stack: 0x0000001b15000000,0x0000001b15100000] [id=13540]
  0x0000021a5b4c6ed0 WatcherThread [stack: 0x0000001b15c00000,0x0000001b15d00000] [id=17576]
  0x0000021a3d712190 GCTaskThread "GC Thread#0" [stack: 0x0000001b14b00000,0x0000001b14c00000] [id=14780]
  0x0000021a5bb40200 GCTaskThread "GC Thread#1" [stack: 0x0000001b15e00000,0x0000001b15f00000] [id=20460]
  0x0000021a5bb40510 GCTaskThread "GC Thread#2" [stack: 0x0000001b15f00000,0x0000001b16000000] [id=16892]
  0x0000021a5bb40820 GCTaskThread "GC Thread#3" [stack: 0x0000001b16000000,0x0000001b16100000] [id=22380]
  0x0000021a3d7172d0 ConcurrentGCThread "G1 Main Marker" [stack: 0x0000001b14c00000,0x0000001b14d00000] [id=10680]
  0x0000021a3d7185d0 ConcurrentGCThread "G1 Conc#0" [stack: 0x0000001b14d00000,0x0000001b14e00000] [id=33172]
  0x0000021a3d7ce130 ConcurrentGCThread "G1 Refine#0" [stack: 0x0000001b14e00000,0x0000001b14f00000] [id=22588]
  0x0000021a5d833c50 ConcurrentGCThread "G1 Refine#1" [stack: 0x0000001b17a00000,0x0000001b17b00000] [id=10880]
  0x0000021a5eff3c70 ConcurrentGCThread "G1 Refine#2" [stack: 0x0000001b18300000,0x0000001b18400000] [id=16700]
  0x0000021a5a6250b0 ConcurrentGCThread "G1 Service" [stack: 0x0000001b14f00000,0x0000001b15000000] [id=34984]

Threads with active compile tasks:
C2 CompilerThread0    13501 5714   !   4       java.net.URLClassLoader::findClass (47 bytes)

VM state: not at safepoint (normal execution)

VM Mutex/Monitor currently owned by a thread: None

Heap address: 0x00000000e0000000, size: 512 MB, Compressed Oops mode: 32-bit

CDS archive(s) mapped at: [0x0000000800000000-0x0000000800be0000-0x0000000800be0000), size 12451840, SharedBaseAddress: 0x0000000800000000, ArchiveRelocationMode: 0.
Compressed class space mapped at: 0x0000000800c00000-0x000000080dc00000, reserved size: 218103808
Narrow klass base: 0x0000000800000000, Narrow klass shift: 3, Narrow klass range: 0x100000000

GC Precious Log:
 CPUs: 4 total, 4 available
 Memory: 6058M
 Large Page Support: Disabled
 NUMA Support: Disabled
 Compressed Oops: Enabled (32-bit)
 Heap Region Size: 1M
 Heap Min Capacity: 256M
 Heap Initial Capacity: 256M
 Heap Max Capacity: 512M
 Pre-touch: Disabled
 Parallel Workers: 4
 Concurrent Workers: 1
 Concurrent Refinement Workers: 4
 Periodic GC: Disabled

Heap:
 garbage-first heap   total 262144K, used 68783K [0x00000000e0000000, 0x0000000100000000)
  region size 1024K, 40 young (40960K), 10 survivors (10240K)
 Metaspace       used 55428K, committed 56064K, reserved 262144K
  class space    used 7603K, committed 7872K, reserved 212992K

Heap Regions: E=young(eden), S=young(survivor), O=old, HS=humongous(starts), HC=humongous(continues), CS=collection set, F=free, OA=open archive, CA=closed archive, TAMS=top-at-mark-start (previous, next)
|   0|0x00000000e0000000, 0x00000000e0100000, 0x00000000e0100000|100%|HS|  |TAMS 0x00000000e0100000, 0x00000000e0000000| Complete 
|   1|0x00000000e0100000, 0x00000000e0200000, 0x00000000e0200000|100%|HC|  |TAMS 0x00000000e0200000, 0x00000000e0100000| Complete 
|   2|0x00000000e0200000, 0x00000000e0300000, 0x00000000e0300000|100%|HC|  |TAMS 0x00000000e0300000, 0x00000000e0200000| Complete 
|   3|0x00000000e0300000, 0x00000000e0400000, 0x00000000e0400000|100%| O|  |TAMS 0x00000000e0400000, 0x00000000e0300000| Untracked 
|   4|0x00000000e0400000, 0x00000000e0500000, 0x00000000e0500000|100%| O|  |TAMS 0x00000000e0500000, 0x00000000e0400000| Untracked 
|   5|0x00000000e0500000, 0x00000000e0600000, 0x00000000e0600000|100%| O|  |TAMS 0x00000000e0600000, 0x00000000e0500000| Untracked 
|   6|0x00000000e0600000, 0x00000000e0700000, 0x00000000e0700000|100%| O|  |TAMS 0x00000000e0700000, 0x00000000e0600000| Untracked 
|   7|0x00000000e0700000, 0x00000000e0800000, 0x00000000e0800000|100%| O|  |TAMS 0x00000000e0800000, 0x00000000e0700000| Untracked 
|   8|0x00000000e0800000, 0x00000000e0900000, 0x00000000e0900000|100%| O|  |TAMS 0x00000000e0900000, 0x00000000e0800000| Untracked 
|   9|0x00000000e0900000, 0x00000000e0a00000, 0x00000000e0a00000|100%| O|  |TAMS 0x00000000e0997a00, 0x00000000e0900000| Untracked 
|  10|0x00000000e0a00000, 0x00000000e0a00000, 0x00000000e0b00000|  0%| F|  |TAMS 0x00000000e0a00000, 0x00000000e0a00000| Untracked 
|  11|0x00000000e0b00000, 0x00000000e0c00000, 0x00000000e0c00000|100%| O|  |TAMS 0x00000000e0b00000, 0x00000000e0b00000| Untracked 
|  12|0x00000000e0c00000, 0x00000000e0d00000, 0x00000000e0d00000|100%| O|  |TAMS 0x00000000e0c00000, 0x00000000e0c00000| Untracked 
|  13|0x00000000e0d00000, 0x00000000e0e00000, 0x00000000e0e00000|100%| O|  |TAMS 0x00000000e0d00000, 0x00000000e0d00000| Untracked 
|  14|0x00000000e0e00000, 0x00000000e0f00000, 0x00000000e0f00000|100%| O|  |TAMS 0x00000000e0e00000, 0x00000000e0e00000| Untracked 
|  15|0x00000000e0f00000, 0x00000000e1000000, 0x00000000e1000000|100%| O|  |TAMS 0x00000000e0f00000, 0x00000000e0f00000| Untracked 
|  16|0x00000000e1000000, 0x00000000e1100000, 0x00000000e1100000|100%| O|  |TAMS 0x00000000e1000000, 0x00000000e1000000| Untracked 
|  17|0x00000000e1100000, 0x00000000e1200000, 0x00000000e1200000|100%| O|  |TAMS 0x00000000e1100000, 0x00000000e1100000| Untracked 
|  18|0x00000000e1200000, 0x00000000e1300000, 0x00000000e1300000|100%| O|  |TAMS 0x00000000e1200000, 0x00000000e1200000| Untracked 
|  19|0x00000000e1300000, 0x00000000e1400000, 0x00000000e1400000|100%| O|  |TAMS 0x00000000e1300000, 0x00000000e1300000| Untracked 
|  20|0x00000000e1400000, 0x00000000e1500000, 0x00000000e1500000|100%| O|  |TAMS 0x00000000e1400000, 0x00000000e1400000| Untracked 
|  21|0x00000000e1500000, 0x00000000e1600000, 0x00000000e1600000|100%| O|  |TAMS 0x00000000e1500000, 0x00000000e1500000| Untracked 
|  22|0x00000000e1600000, 0x00000000e1700000, 0x00000000e1700000|100%| O|  |TAMS 0x00000000e1600000, 0x00000000e1600000| Untracked 
|  23|0x00000000e1700000, 0x00000000e1800000, 0x00000000e1800000|100%| O|  |TAMS 0x00000000e1700000, 0x00000000e1700000| Untracked 
|  24|0x00000000e1800000, 0x00000000e1900000, 0x00000000e1900000|100%| O|  |TAMS 0x00000000e1800000, 0x00000000e1800000| Untracked 
|  25|0x00000000e1900000, 0x00000000e1a00000, 0x00000000e1a00000|100%| O|  |TAMS 0x00000000e1900000, 0x00000000e1900000| Untracked 
|  26|0x00000000e1a00000, 0x00000000e1b00000, 0x00000000e1b00000|100%| O|  |TAMS 0x00000000e1a00000, 0x00000000e1a00000| Untracked 
|  27|0x00000000e1b00000, 0x00000000e1c00000, 0x00000000e1c00000|100%| O|  |TAMS 0x00000000e1b00000, 0x00000000e1b00000| Untracked 
|  28|0x00000000e1c00000, 0x00000000e1d00000, 0x00000000e1d00000|100%| O|  |TAMS 0x00000000e1c00000, 0x00000000e1c00000| Untracked 
|  29|0x00000000e1d00000, 0x00000000e1dc7800, 0x00000000e1e00000| 77%| O|  |TAMS 0x00000000e1d00000, 0x00000000e1d00000| Untracked 
|  30|0x00000000e1e00000, 0x00000000e1e00000, 0x00000000e1f00000|  0%| F|  |TAMS 0x00000000e1e00000, 0x00000000e1e00000| Untracked 
|  31|0x00000000e1f00000, 0x00000000e1f00000, 0x00000000e2000000|  0%| F|  |TAMS 0x00000000e1f00000, 0x00000000e1f00000| Untracked 
|  32|0x00000000e2000000, 0x00000000e2000000, 0x00000000e2100000|  0%| F|  |TAMS 0x00000000e2000000, 0x00000000e2000000| Untracked 
|  33|0x00000000e2100000, 0x00000000e2100000, 0x00000000e2200000|  0%| F|  |TAMS 0x00000000e2100000, 0x00000000e2100000| Untracked 
|  34|0x00000000e2200000, 0x00000000e2200000, 0x00000000e2300000|  0%| F|  |TAMS 0x00000000e2200000, 0x00000000e2200000| Untracked 
|  35|0x00000000e2300000, 0x00000000e2300000, 0x00000000e2400000|  0%| F|  |TAMS 0x00000000e2300000, 0x00000000e2300000| Untracked 
|  36|0x00000000e2400000, 0x00000000e2400000, 0x00000000e2500000|  0%| F|  |TAMS 0x00000000e2400000, 0x00000000e2400000| Untracked 
|  37|0x00000000e2500000, 0x00000000e2500000, 0x00000000e2600000|  0%| F|  |TAMS 0x00000000e2500000, 0x00000000e2500000| Untracked 
|  38|0x00000000e2600000, 0x00000000e2600000, 0x00000000e2700000|  0%| F|  |TAMS 0x00000000e2600000, 0x00000000e2600000| Untracked 
|  39|0x00000000e2700000, 0x00000000e2700000, 0x00000000e2800000|  0%| F|  |TAMS 0x00000000e2700000, 0x00000000e2700000| Untracked 
|  40|0x00000000e2800000, 0x00000000e2800000, 0x00000000e2900000|  0%| F|  |TAMS 0x00000000e2800000, 0x00000000e2800000| Untracked 
|  41|0x00000000e2900000, 0x00000000e2900000, 0x00000000e2a00000|  0%| F|  |TAMS 0x00000000e2900000, 0x00000000e2900000| Untracked 
|  42|0x00000000e2a00000, 0x00000000e2a00000, 0x00000000e2b00000|  0%| F|  |TAMS 0x00000000e2a00000, 0x00000000e2a00000| Untracked 
|  43|0x00000000e2b00000, 0x00000000e2b00000, 0x00000000e2c00000|  0%| F|  |TAMS 0x00000000e2b00000, 0x00000000e2b00000| Untracked 
|  44|0x00000000e2c00000, 0x00000000e2c00000, 0x00000000e2d00000|  0%| F|  |TAMS 0x00000000e2c00000, 0x00000000e2c00000| Untracked 
|  45|0x00000000e2d00000, 0x00000000e2d00000, 0x00000000e2e00000|  0%| F|  |TAMS 0x00000000e2d00000, 0x00000000e2d00000| Untracked 
|  46|0x00000000e2e00000, 0x00000000e2e00000, 0x00000000e2f00000|  0%| F|  |TAMS 0x00000000e2e00000, 0x00000000e2e00000| Untracked 
|  47|0x00000000e2f00000, 0x00000000e2f00000, 0x00000000e3000000|  0%| F|  |TAMS 0x00000000e2f00000, 0x00000000e2f00000| Untracked 
|  48|0x00000000e3000000, 0x00000000e3000000, 0x00000000e3100000|  0%| F|  |TAMS 0x00000000e3000000, 0x00000000e3000000| Untracked 
|  49|0x00000000e3100000, 0x00000000e3100000, 0x00000000e3200000|  0%| F|  |TAMS 0x00000000e3100000, 0x00000000e3100000| Untracked 
|  50|0x00000000e3200000, 0x00000000e3200000, 0x00000000e3300000|  0%| F|  |TAMS 0x00000000e3200000, 0x00000000e3200000| Untracked 
|  51|0x00000000e3300000, 0x00000000e3300000, 0x00000000e3400000|  0%| F|  |TAMS 0x00000000e3300000, 0x00000000e3300000| Untracked 
|  52|0x00000000e3400000, 0x00000000e3400000, 0x00000000e3500000|  0%| F|  |TAMS 0x00000000e3400000, 0x00000000e3400000| Untracked 
|  53|0x00000000e3500000, 0x00000000e3500000, 0x00000000e3600000|  0%| F|  |TAMS 0x00000000e3500000, 0x00000000e3500000| Untracked 
|  54|0x00000000e3600000, 0x00000000e3600000, 0x00000000e3700000|  0%| F|  |TAMS 0x00000000e3600000, 0x00000000e3600000| Untracked 
|  55|0x00000000e3700000, 0x00000000e3700000, 0x00000000e3800000|  0%| F|  |TAMS 0x00000000e3700000, 0x00000000e3700000| Untracked 
|  56|0x00000000e3800000, 0x00000000e3800000, 0x00000000e3900000|  0%| F|  |TAMS 0x00000000e3800000, 0x00000000e3800000| Untracked 
|  57|0x00000000e3900000, 0x00000000e3900000, 0x00000000e3a00000|  0%| F|  |TAMS 0x00000000e3900000, 0x00000000e3900000| Untracked 
|  58|0x00000000e3a00000, 0x00000000e3a00000, 0x00000000e3b00000|  0%| F|  |TAMS 0x00000000e3a00000, 0x00000000e3a00000| Untracked 
|  59|0x00000000e3b00000, 0x00000000e3b00000, 0x00000000e3c00000|  0%| F|  |TAMS 0x00000000e3b00000, 0x00000000e3b00000| Untracked 
|  60|0x00000000e3c00000, 0x00000000e3c00000, 0x00000000e3d00000|  0%| F|  |TAMS 0x00000000e3c00000, 0x00000000e3c00000| Untracked 
|  61|0x00000000e3d00000, 0x00000000e3d00000, 0x00000000e3e00000|  0%| F|  |TAMS 0x00000000e3d00000, 0x00000000e3d00000| Untracked 
|  62|0x00000000e3e00000, 0x00000000e3e00000, 0x00000000e3f00000|  0%| F|  |TAMS 0x00000000e3e00000, 0x00000000e3e00000| Untracked 
|  63|0x00000000e3f00000, 0x00000000e3f00000, 0x00000000e4000000|  0%| F|  |TAMS 0x00000000e3f00000, 0x00000000e3f00000| Untracked 
|  64|0x00000000e4000000, 0x00000000e4000000, 0x00000000e4100000|  0%| F|  |TAMS 0x00000000e4000000, 0x00000000e4000000| Untracked 
|  65|0x00000000e4100000, 0x00000000e4100000, 0x00000000e4200000|  0%| F|  |TAMS 0x00000000e4100000, 0x00000000e4100000| Untracked 
|  66|0x00000000e4200000, 0x00000000e4200000, 0x00000000e4300000|  0%| F|  |TAMS 0x00000000e4200000, 0x00000000e4200000| Untracked 
|  67|0x00000000e4300000, 0x00000000e4300000, 0x00000000e4400000|  0%| F|  |TAMS 0x00000000e4300000, 0x00000000e4300000| Untracked 
|  68|0x00000000e4400000, 0x00000000e4400000, 0x00000000e4500000|  0%| F|  |TAMS 0x00000000e4400000, 0x00000000e4400000| Untracked 
|  69|0x00000000e4500000, 0x00000000e4500000, 0x00000000e4600000|  0%| F|  |TAMS 0x00000000e4500000, 0x00000000e4500000| Untracked 
|  70|0x00000000e4600000, 0x00000000e4600000, 0x00000000e4700000|  0%| F|  |TAMS 0x00000000e4600000, 0x00000000e4600000| Untracked 
|  71|0x00000000e4700000, 0x00000000e4700000, 0x00000000e4800000|  0%| F|  |TAMS 0x00000000e4700000, 0x00000000e4700000| Untracked 
|  72|0x00000000e4800000, 0x00000000e4800000, 0x00000000e4900000|  0%| F|  |TAMS 0x00000000e4800000, 0x00000000e4800000| Untracked 
|  73|0x00000000e4900000, 0x00000000e4900000, 0x00000000e4a00000|  0%| F|  |TAMS 0x00000000e4900000, 0x00000000e4900000| Untracked 
|  74|0x00000000e4a00000, 0x00000000e4a00000, 0x00000000e4b00000|  0%| F|  |TAMS 0x00000000e4a00000, 0x00000000e4a00000| Untracked 
|  75|0x00000000e4b00000, 0x00000000e4b00000, 0x00000000e4c00000|  0%| F|  |TAMS 0x00000000e4b00000, 0x00000000e4b00000| Untracked 
|  76|0x00000000e4c00000, 0x00000000e4c00000, 0x00000000e4d00000|  0%| F|  |TAMS 0x00000000e4c00000, 0x00000000e4c00000| Untracked 
|  77|0x00000000e4d00000, 0x00000000e4d00000, 0x00000000e4e00000|  0%| F|  |TAMS 0x00000000e4d00000, 0x00000000e4d00000| Untracked 
|  78|0x00000000e4e00000, 0x00000000e4e00000, 0x00000000e4f00000|  0%| F|  |TAMS 0x00000000e4e00000, 0x00000000e4e00000| Untracked 
|  79|0x00000000e4f00000, 0x00000000e4f00000, 0x00000000e5000000|  0%| F|  |TAMS 0x00000000e4f00000, 0x00000000e4f00000| Untracked 
|  80|0x00000000e5000000, 0x00000000e5000000, 0x00000000e5100000|  0%| F|  |TAMS 0x00000000e5000000, 0x00000000e5000000| Untracked 
|  81|0x00000000e5100000, 0x00000000e5100000, 0x00000000e5200000|  0%| F|  |TAMS 0x00000000e5100000, 0x00000000e5100000| Untracked 
|  82|0x00000000e5200000, 0x00000000e5200000, 0x00000000e5300000|  0%| F|  |TAMS 0x00000000e5200000, 0x00000000e5200000| Untracked 
|  83|0x00000000e5300000, 0x00000000e5300000, 0x00000000e5400000|  0%| F|  |TAMS 0x00000000e5300000, 0x00000000e5300000| Untracked 
|  84|0x00000000e5400000, 0x00000000e5400000, 0x00000000e5500000|  0%| F|  |TAMS 0x00000000e5400000, 0x00000000e5400000| Untracked 
|  85|0x00000000e5500000, 0x00000000e5500000, 0x00000000e5600000|  0%| F|  |TAMS 0x00000000e5500000, 0x00000000e5500000| Untracked 
|  86|0x00000000e5600000, 0x00000000e5600000, 0x00000000e5700000|  0%| F|  |TAMS 0x00000000e5600000, 0x00000000e5600000| Untracked 
|  87|0x00000000e5700000, 0x00000000e5700000, 0x00000000e5800000|  0%| F|  |TAMS 0x00000000e5700000, 0x00000000e5700000| Untracked 
|  88|0x00000000e5800000, 0x00000000e5800000, 0x00000000e5900000|  0%| F|  |TAMS 0x00000000e5800000, 0x00000000e5800000| Untracked 
|  89|0x00000000e5900000, 0x00000000e5900000, 0x00000000e5a00000|  0%| F|  |TAMS 0x00000000e5900000, 0x00000000e5900000| Untracked 
|  90|0x00000000e5a00000, 0x00000000e5a00000, 0x00000000e5b00000|  0%| F|  |TAMS 0x00000000e5a00000, 0x00000000e5a00000| Untracked 
|  91|0x00000000e5b00000, 0x00000000e5b00000, 0x00000000e5c00000|  0%| F|  |TAMS 0x00000000e5b00000, 0x00000000e5b00000| Untracked 
|  92|0x00000000e5c00000, 0x00000000e5c00000, 0x00000000e5d00000|  0%| F|  |TAMS 0x00000000e5c00000, 0x00000000e5c00000| Untracked 
|  93|0x00000000e5d00000, 0x00000000e5d00000, 0x00000000e5e00000|  0%| F|  |TAMS 0x00000000e5d00000, 0x00000000e5d00000| Untracked 
|  94|0x00000000e5e00000, 0x00000000e5e00000, 0x00000000e5f00000|  0%| F|  |TAMS 0x00000000e5e00000, 0x00000000e5e00000| Untracked 
|  95|0x00000000e5f00000, 0x00000000e5f00000, 0x00000000e6000000|  0%| F|  |TAMS 0x00000000e5f00000, 0x00000000e5f00000| Untracked 
|  96|0x00000000e6000000, 0x00000000e6000000, 0x00000000e6100000|  0%| F|  |TAMS 0x00000000e6000000, 0x00000000e6000000| Untracked 
|  97|0x00000000e6100000, 0x00000000e6100000, 0x00000000e6200000|  0%| F|  |TAMS 0x00000000e6100000, 0x00000000e6100000| Untracked 
|  98|0x00000000e6200000, 0x00000000e6200000, 0x00000000e6300000|  0%| F|  |TAMS 0x00000000e6200000, 0x00000000e6200000| Untracked 
|  99|0x00000000e6300000, 0x00000000e6300000, 0x00000000e6400000|  0%| F|  |TAMS 0x00000000e6300000, 0x00000000e6300000| Untracked 
| 100|0x00000000e6400000, 0x00000000e6400000, 0x00000000e6500000|  0%| F|  |TAMS 0x00000000e6400000, 0x00000000e6400000| Untracked 
| 101|0x00000000e6500000, 0x00000000e6500000, 0x00000000e6600000|  0%| F|  |TAMS 0x00000000e6500000, 0x00000000e6500000| Untracked 
| 102|0x00000000e6600000, 0x00000000e6600000, 0x00000000e6700000|  0%| F|  |TAMS 0x00000000e6600000, 0x00000000e6600000| Untracked 
| 103|0x00000000e6700000, 0x00000000e6700000, 0x00000000e6800000|  0%| F|  |TAMS 0x00000000e6700000, 0x00000000e6700000| Untracked 
| 104|0x00000000e6800000, 0x00000000e6800000, 0x00000000e6900000|  0%| F|  |TAMS 0x00000000e6800000, 0x00000000e6800000| Untracked 
| 105|0x00000000e6900000, 0x00000000e6900000, 0x00000000e6a00000|  0%| F|  |TAMS 0x00000000e6900000, 0x00000000e6900000| Untracked 
| 106|0x00000000e6a00000, 0x00000000e6a00000, 0x00000000e6b00000|  0%| F|  |TAMS 0x00000000e6a00000, 0x00000000e6a00000| Untracked 
| 107|0x00000000e6b00000, 0x00000000e6b00000, 0x00000000e6c00000|  0%| F|  |TAMS 0x00000000e6b00000, 0x00000000e6b00000| Untracked 
| 108|0x00000000e6c00000, 0x00000000e6c00000, 0x00000000e6d00000|  0%| F|  |TAMS 0x00000000e6c00000, 0x00000000e6c00000| Untracked 
| 109|0x00000000e6d00000, 0x00000000e6d00000, 0x00000000e6e00000|  0%| F|  |TAMS 0x00000000e6d00000, 0x00000000e6d00000| Untracked 
| 110|0x00000000e6e00000, 0x00000000e6e00000, 0x00000000e6f00000|  0%| F|  |TAMS 0x00000000e6e00000, 0x00000000e6e00000| Untracked 
| 111|0x00000000e6f00000, 0x00000000e6f00000, 0x00000000e7000000|  0%| F|  |TAMS 0x00000000e6f00000, 0x00000000e6f00000| Untracked 
| 112|0x00000000e7000000, 0x00000000e7000000, 0x00000000e7100000|  0%| F|  |TAMS 0x00000000e7000000, 0x00000000e7000000| Untracked 
| 113|0x00000000e7100000, 0x00000000e7100000, 0x00000000e7200000|  0%| F|  |TAMS 0x00000000e7100000, 0x00000000e7100000| Untracked 
| 114|0x00000000e7200000, 0x00000000e7200000, 0x00000000e7300000|  0%| F|  |TAMS 0x00000000e7200000, 0x00000000e7200000| Untracked 
| 115|0x00000000e7300000, 0x00000000e7300000, 0x00000000e7400000|  0%| F|  |TAMS 0x00000000e7300000, 0x00000000e7300000| Untracked 
| 116|0x00000000e7400000, 0x00000000e7400000, 0x00000000e7500000|  0%| F|  |TAMS 0x00000000e7400000, 0x00000000e7400000| Untracked 
| 117|0x00000000e7500000, 0x00000000e7500000, 0x00000000e7600000|  0%| F|  |TAMS 0x00000000e7500000, 0x00000000e7500000| Untracked 
| 118|0x00000000e7600000, 0x00000000e7600000, 0x00000000e7700000|  0%| F|  |TAMS 0x00000000e7600000, 0x00000000e7600000| Untracked 
| 119|0x00000000e7700000, 0x00000000e7700000, 0x00000000e7800000|  0%| F|  |TAMS 0x00000000e7700000, 0x00000000e7700000| Untracked 
| 120|0x00000000e7800000, 0x00000000e7800000, 0x00000000e7900000|  0%| F|  |TAMS 0x00000000e7800000, 0x00000000e7800000| Untracked 
| 121|0x00000000e7900000, 0x00000000e7900000, 0x00000000e7a00000|  0%| F|  |TAMS 0x00000000e7900000, 0x00000000e7900000| Untracked 
| 122|0x00000000e7a00000, 0x00000000e7a00000, 0x00000000e7b00000|  0%| F|  |TAMS 0x00000000e7a00000, 0x00000000e7a00000| Untracked 
| 123|0x00000000e7b00000, 0x00000000e7b00000, 0x00000000e7c00000|  0%| F|  |TAMS 0x00000000e7b00000, 0x00000000e7b00000| Untracked 
| 124|0x00000000e7c00000, 0x00000000e7c00000, 0x00000000e7d00000|  0%| F|  |TAMS 0x00000000e7c00000, 0x00000000e7c00000| Untracked 
| 125|0x00000000e7d00000, 0x00000000e7d00000, 0x00000000e7e00000|  0%| F|  |TAMS 0x00000000e7d00000, 0x00000000e7d00000| Untracked 
| 126|0x00000000e7e00000, 0x00000000e7e00000, 0x00000000e7f00000|  0%| F|  |TAMS 0x00000000e7e00000, 0x00000000e7e00000| Untracked 
| 127|0x00000000e7f00000, 0x00000000e7f00000, 0x00000000e8000000|  0%| F|  |TAMS 0x00000000e7f00000, 0x00000000e7f00000| Untracked 
| 128|0x00000000e8000000, 0x00000000e8064438, 0x00000000e8100000| 39%| S|CS|TAMS 0x00000000e8000000, 0x00000000e8000000| Complete 
| 129|0x00000000e8100000, 0x00000000e8200000, 0x00000000e8200000|100%| S|CS|TAMS 0x00000000e8100000, 0x00000000e8100000| Complete 
| 130|0x00000000e8200000, 0x00000000e8300000, 0x00000000e8300000|100%| S|CS|TAMS 0x00000000e8200000, 0x00000000e8200000| Complete 
| 131|0x00000000e8300000, 0x00000000e8400000, 0x00000000e8400000|100%| S|CS|TAMS 0x00000000e8300000, 0x00000000e8300000| Complete 
| 132|0x00000000e8400000, 0x00000000e8500000, 0x00000000e8500000|100%| S|CS|TAMS 0x00000000e8400000, 0x00000000e8400000| Complete 
| 133|0x00000000e8500000, 0x00000000e8500000, 0x00000000e8600000|  0%| F|  |TAMS 0x00000000e8500000, 0x00000000e8500000| Untracked 
| 134|0x00000000e8600000, 0x00000000e8600000, 0x00000000e8700000|  0%| F|  |TAMS 0x00000000e8600000, 0x00000000e8600000| Untracked 
| 135|0x00000000e8700000, 0x00000000e8700000, 0x00000000e8800000|  0%| F|  |TAMS 0x00000000e8700000, 0x00000000e8700000| Untracked 
| 136|0x00000000e8800000, 0x00000000e8800000, 0x00000000e8900000|  0%| F|  |TAMS 0x00000000e8800000, 0x00000000e8800000| Untracked 
| 137|0x00000000e8900000, 0x00000000e8900000, 0x00000000e8a00000|  0%| F|  |TAMS 0x00000000e8900000, 0x00000000e8900000| Untracked 
| 138|0x00000000e8a00000, 0x00000000e8b00000, 0x00000000e8b00000|100%| S|CS|TAMS 0x00000000e8a00000, 0x00000000e8a00000| Complete 
| 139|0x00000000e8b00000, 0x00000000e8c00000, 0x00000000e8c00000|100%| S|CS|TAMS 0x00000000e8b00000, 0x00000000e8b00000| Complete 
| 140|0x00000000e8c00000, 0x00000000e8d00000, 0x00000000e8d00000|100%| S|CS|TAMS 0x00000000e8c00000, 0x00000000e8c00000| Complete 
| 141|0x00000000e8d00000, 0x00000000e8e00000, 0x00000000e8e00000|100%| S|CS|TAMS 0x00000000e8d00000, 0x00000000e8d00000| Complete 
| 142|0x00000000e8e00000, 0x00000000e8f00000, 0x00000000e8f00000|100%| S|CS|TAMS 0x00000000e8e00000, 0x00000000e8e00000| Complete 
| 143|0x00000000e8f00000, 0x00000000e8f00000, 0x00000000e9000000|  0%| F|  |TAMS 0x00000000e8f00000, 0x00000000e8f00000| Untracked 
| 144|0x00000000e9000000, 0x00000000e9000000, 0x00000000e9100000|  0%| F|  |TAMS 0x00000000e9000000, 0x00000000e9000000| Untracked 
| 145|0x00000000e9100000, 0x00000000e9100000, 0x00000000e9200000|  0%| F|  |TAMS 0x00000000e9100000, 0x00000000e9100000| Untracked 
| 146|0x00000000e9200000, 0x00000000e9200000, 0x00000000e9300000|  0%| F|  |TAMS 0x00000000e9200000, 0x00000000e9200000| Untracked 
| 147|0x00000000e9300000, 0x00000000e9300000, 0x00000000e9400000|  0%| F|  |TAMS 0x00000000e9300000, 0x00000000e9300000| Untracked 
| 148|0x00000000e9400000, 0x00000000e9400000, 0x00000000e9500000|  0%| F|  |TAMS 0x00000000e9400000, 0x00000000e9400000| Untracked 
| 149|0x00000000e9500000, 0x00000000e9500000, 0x00000000e9600000|  0%| F|  |TAMS 0x00000000e9500000, 0x00000000e9500000| Untracked 
| 150|0x00000000e9600000, 0x00000000e9600000, 0x00000000e9700000|  0%| F|  |TAMS 0x00000000e9600000, 0x00000000e9600000| Untracked 
| 151|0x00000000e9700000, 0x00000000e9700000, 0x00000000e9800000|  0%| F|  |TAMS 0x00000000e9700000, 0x00000000e9700000| Untracked 
| 152|0x00000000e9800000, 0x00000000e9800000, 0x00000000e9900000|  0%| F|  |TAMS 0x00000000e9800000, 0x00000000e9800000| Untracked 
| 153|0x00000000e9900000, 0x00000000e9900000, 0x00000000e9a00000|  0%| F|  |TAMS 0x00000000e9900000, 0x00000000e9900000| Untracked 
| 154|0x00000000e9a00000, 0x00000000e9a00000, 0x00000000e9b00000|  0%| F|  |TAMS 0x00000000e9a00000, 0x00000000e9a00000| Untracked 
| 155|0x00000000e9b00000, 0x00000000e9b00000, 0x00000000e9c00000|  0%| F|  |TAMS 0x00000000e9b00000, 0x00000000e9b00000| Untracked 
| 156|0x00000000e9c00000, 0x00000000e9c00000, 0x00000000e9d00000|  0%| F|  |TAMS 0x00000000e9c00000, 0x00000000e9c00000| Untracked 
| 157|0x00000000e9d00000, 0x00000000e9d00000, 0x00000000e9e00000|  0%| F|  |TAMS 0x00000000e9d00000, 0x00000000e9d00000| Untracked 
| 158|0x00000000e9e00000, 0x00000000e9e00000, 0x00000000e9f00000|  0%| F|  |TAMS 0x00000000e9e00000, 0x00000000e9e00000| Untracked 
| 159|0x00000000e9f00000, 0x00000000e9f00000, 0x00000000ea000000|  0%| F|  |TAMS 0x00000000e9f00000, 0x00000000e9f00000| Untracked 
| 160|0x00000000ea000000, 0x00000000ea000000, 0x00000000ea100000|  0%| F|  |TAMS 0x00000000ea000000, 0x00000000ea000000| Untracked 
| 161|0x00000000ea100000, 0x00000000ea100000, 0x00000000ea200000|  0%| F|  |TAMS 0x00000000ea100000, 0x00000000ea100000| Untracked 
| 162|0x00000000ea200000, 0x00000000ea200000, 0x00000000ea300000|  0%| F|  |TAMS 0x00000000ea200000, 0x00000000ea200000| Untracked 
| 163|0x00000000ea300000, 0x00000000ea300000, 0x00000000ea400000|  0%| F|  |TAMS 0x00000000ea300000, 0x00000000ea300000| Untracked 
| 164|0x00000000ea400000, 0x00000000ea400000, 0x00000000ea500000|  0%| F|  |TAMS 0x00000000ea400000, 0x00000000ea400000| Untracked 
| 165|0x00000000ea500000, 0x00000000ea500000, 0x00000000ea600000|  0%| F|  |TAMS 0x00000000ea500000, 0x00000000ea500000| Untracked 
| 166|0x00000000ea600000, 0x00000000ea600000, 0x00000000ea700000|  0%| F|  |TAMS 0x00000000ea600000, 0x00000000ea600000| Untracked 
| 167|0x00000000ea700000, 0x00000000ea700000, 0x00000000ea800000|  0%| F|  |TAMS 0x00000000ea700000, 0x00000000ea700000| Untracked 
| 168|0x00000000ea800000, 0x00000000ea800000, 0x00000000ea900000|  0%| F|  |TAMS 0x00000000ea800000, 0x00000000ea800000| Untracked 
| 169|0x00000000ea900000, 0x00000000ea900000, 0x00000000eaa00000|  0%| F|  |TAMS 0x00000000ea900000, 0x00000000ea900000| Untracked 
| 170|0x00000000eaa00000, 0x00000000eaa00000, 0x00000000eab00000|  0%| F|  |TAMS 0x00000000eaa00000, 0x00000000eaa00000| Untracked 
| 171|0x00000000eab00000, 0x00000000eab00000, 0x00000000eac00000|  0%| F|  |TAMS 0x00000000eab00000, 0x00000000eab00000| Untracked 
| 172|0x00000000eac00000, 0x00000000eac00000, 0x00000000ead00000|  0%| F|  |TAMS 0x00000000eac00000, 0x00000000eac00000| Untracked 
| 173|0x00000000ead00000, 0x00000000ead00000, 0x00000000eae00000|  0%| F|  |TAMS 0x00000000ead00000, 0x00000000ead00000| Untracked 
| 174|0x00000000eae00000, 0x00000000eae00000, 0x00000000eaf00000|  0%| F|  |TAMS 0x00000000eae00000, 0x00000000eae00000| Untracked 
| 175|0x00000000eaf00000, 0x00000000eaf00000, 0x00000000eb000000|  0%| F|  |TAMS 0x00000000eaf00000, 0x00000000eaf00000| Untracked 
| 176|0x00000000eb000000, 0x00000000eb000000, 0x00000000eb100000|  0%| F|  |TAMS 0x00000000eb000000, 0x00000000eb000000| Untracked 
| 177|0x00000000eb100000, 0x00000000eb100000, 0x00000000eb200000|  0%| F|  |TAMS 0x00000000eb100000, 0x00000000eb100000| Untracked 
| 178|0x00000000eb200000, 0x00000000eb200000, 0x00000000eb300000|  0%| F|  |TAMS 0x00000000eb200000, 0x00000000eb200000| Untracked 
| 179|0x00000000eb300000, 0x00000000eb300000, 0x00000000eb400000|  0%| F|  |TAMS 0x00000000eb300000, 0x00000000eb300000| Untracked 
| 180|0x00000000eb400000, 0x00000000eb400000, 0x00000000eb500000|  0%| F|  |TAMS 0x00000000eb400000, 0x00000000eb400000| Untracked 
| 181|0x00000000eb500000, 0x00000000eb500000, 0x00000000eb600000|  0%| F|  |TAMS 0x00000000eb500000, 0x00000000eb500000| Untracked 
| 182|0x00000000eb600000, 0x00000000eb600000, 0x00000000eb700000|  0%| F|  |TAMS 0x00000000eb600000, 0x00000000eb600000| Untracked 
| 183|0x00000000eb700000, 0x00000000eb700000, 0x00000000eb800000|  0%| F|  |TAMS 0x00000000eb700000, 0x00000000eb700000| Untracked 
| 184|0x00000000eb800000, 0x00000000eb800000, 0x00000000eb900000|  0%| F|  |TAMS 0x00000000eb800000, 0x00000000eb800000| Untracked 
| 185|0x00000000eb900000, 0x00000000eb900000, 0x00000000eba00000|  0%| F|  |TAMS 0x00000000eb900000, 0x00000000eb900000| Untracked 
| 186|0x00000000eba00000, 0x00000000eba00000, 0x00000000ebb00000|  0%| F|  |TAMS 0x00000000eba00000, 0x00000000eba00000| Untracked 
| 187|0x00000000ebb00000, 0x00000000ebb00000, 0x00000000ebc00000|  0%| F|  |TAMS 0x00000000ebb00000, 0x00000000ebb00000| Untracked 
| 188|0x00000000ebc00000, 0x00000000ebc00000, 0x00000000ebd00000|  0%| F|  |TAMS 0x00000000ebc00000, 0x00000000ebc00000| Untracked 
| 189|0x00000000ebd00000, 0x00000000ebd00000, 0x00000000ebe00000|  0%| F|  |TAMS 0x00000000ebd00000, 0x00000000ebd00000| Untracked 
| 190|0x00000000ebe00000, 0x00000000ebe00000, 0x00000000ebf00000|  0%| F|  |TAMS 0x00000000ebe00000, 0x00000000ebe00000| Untracked 
| 191|0x00000000ebf00000, 0x00000000ebf00000, 0x00000000ec000000|  0%| F|  |TAMS 0x00000000ebf00000, 0x00000000ebf00000| Untracked 
| 192|0x00000000ec000000, 0x00000000ec000000, 0x00000000ec100000|  0%| F|  |TAMS 0x00000000ec000000, 0x00000000ec000000| Untracked 
| 193|0x00000000ec100000, 0x00000000ec100000, 0x00000000ec200000|  0%| F|  |TAMS 0x00000000ec100000, 0x00000000ec100000| Untracked 
| 194|0x00000000ec200000, 0x00000000ec200000, 0x00000000ec300000|  0%| F|  |TAMS 0x00000000ec200000, 0x00000000ec200000| Untracked 
| 195|0x00000000ec300000, 0x00000000ec300000, 0x00000000ec400000|  0%| F|  |TAMS 0x00000000ec300000, 0x00000000ec300000| Untracked 
| 196|0x00000000ec400000, 0x00000000ec400000, 0x00000000ec500000|  0%| F|  |TAMS 0x00000000ec400000, 0x00000000ec400000| Untracked 
| 197|0x00000000ec500000, 0x00000000ec500000, 0x00000000ec600000|  0%| F|  |TAMS 0x00000000ec500000, 0x00000000ec500000| Untracked 
| 198|0x00000000ec600000, 0x00000000ec600000, 0x00000000ec700000|  0%| F|  |TAMS 0x00000000ec600000, 0x00000000ec600000| Untracked 
| 199|0x00000000ec700000, 0x00000000ec700000, 0x00000000ec800000|  0%| F|  |TAMS 0x00000000ec700000, 0x00000000ec700000| Untracked 
| 200|0x00000000ec800000, 0x00000000ec800000, 0x00000000ec900000|  0%| F|  |TAMS 0x00000000ec800000, 0x00000000ec800000| Untracked 
| 201|0x00000000ec900000, 0x00000000ec900000, 0x00000000eca00000|  0%| F|  |TAMS 0x00000000ec900000, 0x00000000ec900000| Untracked 
| 202|0x00000000eca00000, 0x00000000eca00000, 0x00000000ecb00000|  0%| F|  |TAMS 0x00000000eca00000, 0x00000000eca00000| Untracked 
| 203|0x00000000ecb00000, 0x00000000ecb00000, 0x00000000ecc00000|  0%| F|  |TAMS 0x00000000ecb00000, 0x00000000ecb00000| Untracked 
| 204|0x00000000ecc00000, 0x00000000ecc00000, 0x00000000ecd00000|  0%| F|  |TAMS 0x00000000ecc00000, 0x00000000ecc00000| Untracked 
| 205|0x00000000ecd00000, 0x00000000ecd00000, 0x00000000ece00000|  0%| F|  |TAMS 0x00000000ecd00000, 0x00000000ecd00000| Untracked 
| 206|0x00000000ece00000, 0x00000000ece00000, 0x00000000ecf00000|  0%| F|  |TAMS 0x00000000ece00000, 0x00000000ece00000| Untracked 
| 207|0x00000000ecf00000, 0x00000000ecf00000, 0x00000000ed000000|  0%| F|  |TAMS 0x00000000ecf00000, 0x00000000ecf00000| Untracked 
| 208|0x00000000ed000000, 0x00000000ed000000, 0x00000000ed100000|  0%| F|  |TAMS 0x00000000ed000000, 0x00000000ed000000| Untracked 
| 209|0x00000000ed100000, 0x00000000ed100000, 0x00000000ed200000|  0%| F|  |TAMS 0x00000000ed100000, 0x00000000ed100000| Untracked 
| 210|0x00000000ed200000, 0x00000000ed200000, 0x00000000ed300000|  0%| F|  |TAMS 0x00000000ed200000, 0x00000000ed200000| Untracked 
| 211|0x00000000ed300000, 0x00000000ed300000, 0x00000000ed400000|  0%| F|  |TAMS 0x00000000ed300000, 0x00000000ed300000| Untracked 
| 212|0x00000000ed400000, 0x00000000ed400000, 0x00000000ed500000|  0%| F|  |TAMS 0x00000000ed400000, 0x00000000ed400000| Untracked 
| 213|0x00000000ed500000, 0x00000000ed500000, 0x00000000ed600000|  0%| F|  |TAMS 0x00000000ed500000, 0x00000000ed500000| Untracked 
| 214|0x00000000ed600000, 0x00000000ed600000, 0x00000000ed700000|  0%| F|  |TAMS 0x00000000ed600000, 0x00000000ed600000| Untracked 
| 215|0x00000000ed700000, 0x00000000ed700000, 0x00000000ed800000|  0%| F|  |TAMS 0x00000000ed700000, 0x00000000ed700000| Untracked 
| 216|0x00000000ed800000, 0x00000000ed800000, 0x00000000ed900000|  0%| F|  |TAMS 0x00000000ed800000, 0x00000000ed800000| Untracked 
| 217|0x00000000ed900000, 0x00000000ed900000, 0x00000000eda00000|  0%| F|  |TAMS 0x00000000ed900000, 0x00000000ed900000| Untracked 
| 218|0x00000000eda00000, 0x00000000eda00000, 0x00000000edb00000|  0%| F|  |TAMS 0x00000000eda00000, 0x00000000eda00000| Untracked 
| 219|0x00000000edb00000, 0x00000000edb00000, 0x00000000edc00000|  0%| F|  |TAMS 0x00000000edb00000, 0x00000000edb00000| Untracked 
| 220|0x00000000edc00000, 0x00000000edc00000, 0x00000000edd00000|  0%| F|  |TAMS 0x00000000edc00000, 0x00000000edc00000| Untracked 
| 221|0x00000000edd00000, 0x00000000edd00000, 0x00000000ede00000|  0%| F|  |TAMS 0x00000000edd00000, 0x00000000edd00000| Untracked 
| 222|0x00000000ede00000, 0x00000000ede00000, 0x00000000edf00000|  0%| F|  |TAMS 0x00000000ede00000, 0x00000000ede00000| Untracked 
| 223|0x00000000edf00000, 0x00000000edf00000, 0x00000000ee000000|  0%| F|  |TAMS 0x00000000edf00000, 0x00000000edf00000| Untracked 
| 224|0x00000000ee000000, 0x00000000ee000000, 0x00000000ee100000|  0%| F|  |TAMS 0x00000000ee000000, 0x00000000ee000000| Untracked 
| 225|0x00000000ee100000, 0x00000000ee100000, 0x00000000ee200000|  0%| F|  |TAMS 0x00000000ee100000, 0x00000000ee100000| Untracked 
| 226|0x00000000ee200000, 0x00000000ee2bb740, 0x00000000ee300000| 73%| E|  |TAMS 0x00000000ee200000, 0x00000000ee200000| Complete 
| 227|0x00000000ee300000, 0x00000000ee400000, 0x00000000ee400000|100%| E|CS|TAMS 0x00000000ee300000, 0x00000000ee300000| Complete 
| 228|0x00000000ee400000, 0x00000000ee500000, 0x00000000ee500000|100%| E|CS|TAMS 0x00000000ee400000, 0x00000000ee400000| Complete 
| 229|0x00000000ee500000, 0x00000000ee600000, 0x00000000ee600000|100%| E|CS|TAMS 0x00000000ee500000, 0x00000000ee500000| Complete 
| 230|0x00000000ee600000, 0x00000000ee700000, 0x00000000ee700000|100%| E|CS|TAMS 0x00000000ee600000, 0x00000000ee600000| Complete 
| 231|0x00000000ee700000, 0x00000000ee800000, 0x00000000ee800000|100%| E|CS|TAMS 0x00000000ee700000, 0x00000000ee700000| Complete 
| 232|0x00000000ee800000, 0x00000000ee900000, 0x00000000ee900000|100%| E|CS|TAMS 0x00000000ee800000, 0x00000000ee800000| Complete 
| 233|0x00000000ee900000, 0x00000000eea00000, 0x00000000eea00000|100%| E|CS|TAMS 0x00000000ee900000, 0x00000000ee900000| Complete 
| 234|0x00000000eea00000, 0x00000000eeb00000, 0x00000000eeb00000|100%| E|CS|TAMS 0x00000000eea00000, 0x00000000eea00000| Complete 
| 235|0x00000000eeb00000, 0x00000000eec00000, 0x00000000eec00000|100%| E|CS|TAMS 0x00000000eeb00000, 0x00000000eeb00000| Complete 
| 236|0x00000000eec00000, 0x00000000eed00000, 0x00000000eed00000|100%| E|CS|TAMS 0x00000000eec00000, 0x00000000eec00000| Complete 
| 237|0x00000000eed00000, 0x00000000eee00000, 0x00000000eee00000|100%| E|CS|TAMS 0x00000000eed00000, 0x00000000eed00000| Complete 
| 238|0x00000000eee00000, 0x00000000eef00000, 0x00000000eef00000|100%| E|CS|TAMS 0x00000000eee00000, 0x00000000eee00000| Complete 
| 239|0x00000000eef00000, 0x00000000ef000000, 0x00000000ef000000|100%| E|CS|TAMS 0x00000000eef00000, 0x00000000eef00000| Complete 
| 240|0x00000000ef000000, 0x00000000ef100000, 0x00000000ef100000|100%| E|CS|TAMS 0x00000000ef000000, 0x00000000ef000000| Complete 
| 241|0x00000000ef100000, 0x00000000ef200000, 0x00000000ef200000|100%| E|CS|TAMS 0x00000000ef100000, 0x00000000ef100000| Complete 
| 242|0x00000000ef200000, 0x00000000ef300000, 0x00000000ef300000|100%| E|CS|TAMS 0x00000000ef200000, 0x00000000ef200000| Complete 
| 243|0x00000000ef300000, 0x00000000ef400000, 0x00000000ef400000|100%| E|CS|TAMS 0x00000000ef300000, 0x00000000ef300000| Complete 
| 244|0x00000000ef400000, 0x00000000ef500000, 0x00000000ef500000|100%| E|CS|TAMS 0x00000000ef400000, 0x00000000ef400000| Complete 
| 245|0x00000000ef500000, 0x00000000ef600000, 0x00000000ef600000|100%| E|CS|TAMS 0x00000000ef500000, 0x00000000ef500000| Complete 
| 246|0x00000000ef600000, 0x00000000ef700000, 0x00000000ef700000|100%| E|CS|TAMS 0x00000000ef600000, 0x00000000ef600000| Complete 
| 247|0x00000000ef700000, 0x00000000ef800000, 0x00000000ef800000|100%| E|CS|TAMS 0x00000000ef700000, 0x00000000ef700000| Complete 
| 248|0x00000000ef800000, 0x00000000ef900000, 0x00000000ef900000|100%| E|CS|TAMS 0x00000000ef800000, 0x00000000ef800000| Complete 
| 249|0x00000000ef900000, 0x00000000efa00000, 0x00000000efa00000|100%| E|CS|TAMS 0x00000000ef900000, 0x00000000ef900000| Complete 
| 250|0x00000000efa00000, 0x00000000efb00000, 0x00000000efb00000|100%| E|CS|TAMS 0x00000000efa00000, 0x00000000efa00000| Complete 
| 251|0x00000000efb00000, 0x00000000efc00000, 0x00000000efc00000|100%| E|CS|TAMS 0x00000000efb00000, 0x00000000efb00000| Complete 
| 252|0x00000000efc00000, 0x00000000efd00000, 0x00000000efd00000|100%| E|CS|TAMS 0x00000000efc00000, 0x00000000efc00000| Complete 
| 253|0x00000000efd00000, 0x00000000efe00000, 0x00000000efe00000|100%| E|CS|TAMS 0x00000000efd00000, 0x00000000efd00000| Complete 
| 254|0x00000000efe00000, 0x00000000eff00000, 0x00000000eff00000|100%| E|CS|TAMS 0x00000000efe00000, 0x00000000efe00000| Complete 
| 255|0x00000000eff00000, 0x00000000f0000000, 0x00000000f0000000|100%| E|CS|TAMS 0x00000000eff00000, 0x00000000eff00000| Complete 

Card table byte_map: [0x0000021a56fb0000,0x0000021a570b0000] _byte_map_base: 0x0000021a568b0000

Marking Bits (Prev, Next): (CMBitMap*) 0x0000021a3d712880, (CMBitMap*) 0x0000021a3d7128c0
 Prev Bits: [0x0000021a571b0000, 0x0000021a579b0000)
 Next Bits: [0x0000021a579b0000, 0x0000021a581b0000)

Polling page: 0x0000021a3d5c0000

Metaspace:

Usage:
  Non-class:     46.70 MB used.
      Class:      7.43 MB used.
       Both:     54.13 MB used.

Virtual space:
  Non-class space:       48.00 MB reserved,      47.06 MB ( 98%) committed,  6 nodes.
      Class space:      208.00 MB reserved,       7.69 MB (  4%) committed,  1 nodes.
              Both:      256.00 MB reserved,      54.75 MB ( 21%) committed. 

Chunk freelists:
   Non-Class:  693.00 KB
       Class:  187.00 KB
        Both:  880.00 KB

MaxMetaspaceSize: 256.00 MB
CompressedClassSpaceSize: 208.00 MB
 - commit_granule_bytes: 65536.
 - commit_granule_words: 8192.
 - virtual_space_node_default_size: 1048576.
 - enlarge_chunks_in_place: 1.
 - new_chunks_are_fully_committed: 0.
 - uncommit_free_chunks: 1.
 - use_allocation_guard: 0.
 - handle_deallocations: 1.


Internal statistics:

num_allocs_failed_limit: 8.
num_arena_births: 646.
num_arena_deaths: 0.
num_vsnodes_births: 7.
num_vsnodes_deaths: 0.
num_space_committed: 876.
num_space_uncommitted: 0.
num_chunks_returned_to_freelist: 8.
num_chunks_taken_from_freelist: 2857.
num_chunk_merges: 5.
num_chunk_splits: 1866.
num_chunks_enlarged: 1222.
num_purges: 0.

CodeHeap 'non-profiled nmethods': size=120000Kb used=2725Kb max_used=2725Kb free=117274Kb
 bounds [0x0000021a4f360000, 0x0000021a4f610000, 0x0000021a56890000]
CodeHeap 'profiled nmethods': size=120000Kb used=11871Kb max_used=11871Kb free=108128Kb
 bounds [0x0000021a47e30000, 0x0000021a489d0000, 0x0000021a4f360000]
CodeHeap 'non-nmethods': size=5760Kb used=2345Kb max_used=2380Kb free=3415Kb
 bounds [0x0000021a47890000, 0x0000021a47b00000, 0x0000021a47e30000]
 total_blobs=6628 nmethods=5768 adapters=771
 compilation: enabled
              stopped_count=0, restarted_count=0
 full_count=0

Compilation events (20 events):
Event: 13.412 Thread 0x0000021a5a7983f0 5830       1       java.io.ObjectStreamField::getOffset (5 bytes)
Event: 13.412 Thread 0x0000021a5a7983f0 nmethod 5830 0x0000021a4f609490 code [0x0000021a4f609620, 0x0000021a4f6096f8]
Event: 13.413 Thread 0x0000021a5a7983f0 5832       2       java.io.ObjectStreamClass$FieldReflector::getPrimFieldValues (317 bytes)
Event: 13.414 Thread 0x0000021a5a7983f0 nmethod 5832 0x0000021a489c2b10 code [0x0000021a489c2d40, 0x0000021a489c3458]
Event: 13.414 Thread 0x0000021a5a7983f0 5833       2       java.io.ObjectOutputStream$BlockDataOutputStream::write (152 bytes)
Event: 13.415 Thread 0x0000021a5a7983f0 nmethod 5833 0x0000021a489c3910 code [0x0000021a489c3b00, 0x0000021a489c3f78]
Event: 13.415 Thread 0x0000021a5a7983f0 5834       2       java.io.ObjectStreamClass::getClassDataLayout (20 bytes)
Event: 13.415 Thread 0x0000021a5a7983f0 nmethod 5834 0x0000021a489c4190 code [0x0000021a489c4340, 0x0000021a489c44c8]
Event: 13.415 Thread 0x0000021a5a7983f0 5835       2       java.io.ObjectStreamClass$FieldReflector::getObjFieldValues (99 bytes)
Event: 13.415 Thread 0x0000021a5a7983f0 nmethod 5835 0x0000021a489c4590 code [0x0000021a489c4780, 0x0000021a489c4c78]
Event: 13.416 Thread 0x0000021a5a7983f0 5836   !   2       org.gradle.internal.serialize.ExceptionReplacingObjectOutputStream$1::transform (15 bytes)
Event: 13.416 Thread 0x0000021a5a7983f0 nmethod 5836 0x0000021a489c4f90 code [0x0000021a489c5160, 0x0000021a489c54d8]
Event: 13.416 Thread 0x0000021a5a7983f0 5837   !   2       java.io.ObjectOutputStream::writeSerialData (223 bytes)
Event: 13.417 Thread 0x0000021a5a7983f0 nmethod 5837 0x0000021a489c5710 code [0x0000021a489c5940, 0x0000021a489c6208]
Event: 13.418 Thread 0x0000021a5a7983f0 5838   !   2       java.io.ObjectOutputStream::writeObject (38 bytes)
Event: 13.418 Thread 0x0000021a5a7983f0 nmethod 5838 0x0000021a489c6710 code [0x0000021a489c68c0, 0x0000021a489c6a98]
Event: 13.422 Thread 0x0000021a5a7983f0 5839       2       java.util.concurrent.locks.ReentrantLock::lockInterruptibly (8 bytes)
Event: 13.422 Thread 0x0000021a5a7983f0 nmethod 5839 0x0000021a489c6b90 code [0x0000021a489c6d60, 0x0000021a489c6fd8]
Event: 13.422 Thread 0x0000021a5a7983f0 5840       2       java.util.concurrent.locks.ReentrantLock$Sync::lockInterruptibly (27 bytes)
Event: 13.423 Thread 0x0000021a5a7983f0 nmethod 5840 0x0000021a489c7190 code [0x0000021a489c7360, 0x0000021a489c75d8]

GC Heap History (12 events):
Event: 0.845 GC heap before
{Heap before GC invocations=0 (full 0):
 garbage-first heap   total 262144K, used 15360K [0x00000000e0000000, 0x0000000100000000)
  region size 1024K, 13 young (13312K), 0 survivors (0K)
 Metaspace       used 1092K, committed 1216K, reserved 221184K
  class space    used 74K, committed 128K, reserved 212992K
}
Event: 0.848 GC heap after
{Heap after GC invocations=1 (full 0):
 garbage-first heap   total 262144K, used 3351K [0x00000000e0000000, 0x0000000100000000)
  region size 1024K, 2 young (2048K), 2 survivors (2048K)
 Metaspace       used 1092K, committed 1216K, reserved 221184K
  class space    used 74K, committed 128K, reserved 212992K
}
Event: 1.492 GC heap before
{Heap before GC invocations=1 (full 0):
 garbage-first heap   total 262144K, used 21783K [0x00000000e0000000, 0x0000000100000000)
  region size 1024K, 18 young (18432K), 2 survivors (2048K)
 Metaspace       used 4015K, committed 4224K, reserved 221184K
  class space    used 474K, committed 576K, reserved 212992K
}
Event: 1.496 GC heap after
{Heap after GC invocations=2 (full 0):
 garbage-first heap   total 262144K, used 9714K [0x00000000e0000000, 0x0000000100000000)
  region size 1024K, 3 young (3072K), 3 survivors (3072K)
 Metaspace       used 4015K, committed 4224K, reserved 221184K
  class space    used 474K, committed 576K, reserved 212992K
}
Event: 1.902 GC heap before
{Heap before GC invocations=2 (full 0):
 garbage-first heap   total 262144K, used 31218K [0x00000000e0000000, 0x0000000100000000)
  region size 1024K, 24 young (24576K), 3 survivors (3072K)
 Metaspace       used 4239K, committed 4416K, reserved 221184K
  class space    used 488K, committed 576K, reserved 212992K
}
Event: 1.904 GC heap after
{Heap after GC invocations=3 (full 0):
 garbage-first heap   total 262144K, used 10595K [0x00000000e0000000, 0x0000000100000000)
  region size 1024K, 1 young (1024K), 1 survivors (1024K)
 Metaspace       used 4239K, committed 4416K, reserved 221184K
  class space    used 488K, committed 576K, reserved 212992K
}
Event: 5.768 GC heap before
{Heap before GC invocations=3 (full 0):
 garbage-first heap   total 262144K, used 118115K [0x00000000e0000000, 0x0000000100000000)
  region size 1024K, 107 young (109568K), 1 survivors (1024K)
 Metaspace       used 20932K, committed 21248K, reserved 237568K
  class space    used 3028K, committed 3200K, reserved 212992K
}
Event: 5.783 GC heap after
{Heap after GC invocations=4 (full 0):
 garbage-first heap   total 262144K, used 20551K [0x00000000e0000000, 0x0000000100000000)
  region size 1024K, 11 young (11264K), 11 survivors (11264K)
 Metaspace       used 20932K, committed 21248K, reserved 237568K
  class space    used 3028K, committed 3200K, reserved 212992K
}
Event: 9.005 GC heap before
{Heap before GC invocations=5 (full 0):
 garbage-first heap   total 262144K, used 126023K [0x00000000e0000000, 0x0000000100000000)
  region size 1024K, 113 young (115712K), 11 survivors (11264K)
 Metaspace       used 35297K, committed 35648K, reserved 245760K
  class space    used 4790K, committed 4992K, reserved 212992K
}
Event: 9.031 GC heap after
{Heap after GC invocations=6 (full 0):
 garbage-first heap   total 262144K, used 30088K [0x00000000e0000000, 0x0000000100000000)
  region size 1024K, 10 young (10240K), 10 survivors (10240K)
 Metaspace       used 35297K, committed 35648K, reserved 245760K
  class space    used 4790K, committed 4992K, reserved 212992K
}
Event: 11.576 GC heap before
{Heap before GC invocations=7 (full 0):
 garbage-first heap   total 262144K, used 141704K [0x00000000e0000000, 0x0000000100000000)
  region size 1024K, 118 young (120832K), 10 survivors (10240K)
 Metaspace       used 46007K, committed 46528K, reserved 253952K
  class space    used 6399K, committed 6656K, reserved 212992K
}
Event: 11.602 GC heap after
{Heap after GC invocations=8 (full 0):
 garbage-first heap   total 262144K, used 39087K [0x00000000e0000000, 0x0000000100000000)
  region size 1024K, 10 young (10240K), 10 survivors (10240K)
 Metaspace       used 46007K, committed 46528K, reserved 253952K
  class space    used 6399K, committed 6656K, reserved 212992K
}

Deoptimization events (20 events):
Event: 13.096 Thread 0x0000021a5cb8ab20 DEOPT PACKING pc=0x0000021a4f51f300 sp=0x0000001b166fba10
Event: 13.096 Thread 0x0000021a5cb8ab20 DEOPT UNPACKING pc=0x0000021a478dd72e sp=0x0000001b166fb9e0 mode 2
Event: 13.379 Thread 0x0000021a5cb8ab20 Uncommon trap: trap_request=0xffffffde fr.pc=0x0000021a4f3877b8 relative=0x0000000000000198
Event: 13.379 Thread 0x0000021a5cb8ab20 Uncommon trap: reason=class_check action=maybe_recompile pc=0x0000021a4f3877b8 method=java.lang.String.equals(Ljava/lang/Object;)Z @ 8 c2
Event: 13.379 Thread 0x0000021a5cb8ab20 DEOPT PACKING pc=0x0000021a4f3877b8 sp=0x0000001b166fc870
Event: 13.380 Thread 0x0000021a5cb8ab20 DEOPT UNPACKING pc=0x0000021a478dd72e sp=0x0000001b166fc818 mode 2
Event: 13.380 Thread 0x0000021a5cb8ab20 Uncommon trap: trap_request=0xffffffde fr.pc=0x0000021a4f3877b8 relative=0x0000000000000198
Event: 13.380 Thread 0x0000021a5cb8ab20 Uncommon trap: reason=class_check action=maybe_recompile pc=0x0000021a4f3877b8 method=java.lang.String.equals(Ljava/lang/Object;)Z @ 8 c2
Event: 13.380 Thread 0x0000021a5cb8ab20 DEOPT PACKING pc=0x0000021a4f3877b8 sp=0x0000001b166fc870
Event: 13.380 Thread 0x0000021a5cb8ab20 DEOPT UNPACKING pc=0x0000021a478dd72e sp=0x0000001b166fc818 mode 2
Event: 13.380 Thread 0x0000021a5cb8ab20 Uncommon trap: trap_request=0xffffffde fr.pc=0x0000021a4f3877b8 relative=0x0000000000000198
Event: 13.380 Thread 0x0000021a5cb8ab20 Uncommon trap: reason=class_check action=maybe_recompile pc=0x0000021a4f3877b8 method=java.lang.String.equals(Ljava/lang/Object;)Z @ 8 c2
Event: 13.380 Thread 0x0000021a5cb8ab20 DEOPT PACKING pc=0x0000021a4f3877b8 sp=0x0000001b166fc870
Event: 13.380 Thread 0x0000021a5cb8ab20 DEOPT UNPACKING pc=0x0000021a478dd72e sp=0x0000001b166fc818 mode 2
Event: 13.380 Thread 0x0000021a5cb8ab20 Uncommon trap: trap_request=0xffffffde fr.pc=0x0000021a4f3877b8 relative=0x0000000000000198
Event: 13.380 Thread 0x0000021a5cb8ab20 Uncommon trap: reason=class_check action=maybe_recompile pc=0x0000021a4f3877b8 method=java.lang.String.equals(Ljava/lang/Object;)Z @ 8 c2
Event: 13.380 Thread 0x0000021a5cb8ab20 DEOPT PACKING pc=0x0000021a4f3877b8 sp=0x0000001b166fc870
Event: 13.380 Thread 0x0000021a5cb8ab20 DEOPT UNPACKING pc=0x0000021a478dd72e sp=0x0000001b166fc818 mode 2
Event: 13.380 Thread 0x0000021a5cb8ab20 DEOPT PACKING pc=0x0000021a4896ea90 sp=0x0000001b166fc8e0
Event: 13.380 Thread 0x0000021a5cb8ab20 DEOPT UNPACKING pc=0x0000021a478ddece sp=0x0000001b166fbdb0 mode 0

Classes unloaded (0 events):
No events

Classes redefined (0 events):
No events

Internal exceptions (20 events):
Event: 12.631 Thread 0x0000021a5f06f290 Exception <a 'sun/nio/fs/WindowsException'{0x00000000eec637a8}> (0x00000000eec637a8) 
thrown [c:\wsjdk\correttojdksrc\installers\windows\zip\corretto-build\buildroot\src\hotspot\share\prims\jni.cpp, line 579]
Event: 12.631 Thread 0x0000021a5f06f290 Exception <a 'sun/nio/fs/WindowsException'{0x00000000eec63af0}> (0x00000000eec63af0) 
thrown [c:\wsjdk\correttojdksrc\installers\windows\zip\corretto-build\buildroot\src\hotspot\share\prims\jni.cpp, line 579]
Event: 12.631 Thread 0x0000021a5f06f290 Exception <a 'sun/nio/fs/WindowsException'{0x00000000eec66248}> (0x00000000eec66248) 
thrown [c:\wsjdk\correttojdksrc\installers\windows\zip\corretto-build\buildroot\src\hotspot\share\prims\jni.cpp, line 579]
Event: 12.683 Thread 0x0000021a5f06f290 Exception <a 'java/lang/NoSuchMethodError'{0x00000000eec97428}: 'int java.lang.invoke.DirectMethodHandle$Holder.invokeStatic(java.lang.Object)'> (0x00000000eec97428) 
thrown [c:\wsjdk\correttojdksrc\installers\windows\zip\corretto-build\buildroot\src\hotspot\share\interpreter\linkResolver.cpp, line 790]
Event: 12.683 Thread 0x0000021a5f06f290 Exception <a 'java/lang/NoSuchMethodError'{0x00000000eec9b770}: 'int java.lang.invoke.DirectMethodHandle$Holder.invokeStaticInit(java.lang.Object)'> (0x00000000eec9b770) 
thrown [c:\wsjdk\correttojdksrc\installers\windows\zip\corretto-build\buildroot\src\hotspot\share\interpreter\linkResolver.cpp, line 790]
Event: 12.788 Thread 0x0000021a5cb8a5d0 Exception <a 'java/lang/NoSuchMethodError'{0x00000000eff08508}: static Lorg/gradle/internal/build/event/types/DefaultTaskFinishedProgressEvent;.<clinit>()V> (0x00000000eff08508) 
thrown [c:\wsjdk\correttojdksrc\installers\windows\zip\corretto-build\buildroot\src\hotspot\share\prims\jni.cpp, line 1210]
Event: 12.791 Thread 0x0000021a5cb8a5d0 Exception <a 'java/lang/NoSuchMethodError'{0x00000000ee94c2a0}: static Lorg/gradle/internal/build/event/types/DefaultJavaCompileTaskSuccessResult;.<clinit>()V> (0x00000000ee94c2a0) 
thrown [c:\wsjdk\correttojdksrc\installers\windows\zip\corretto-build\buildroot\src\hotspot\share\prims\jni.cpp, line 1210]
Event: 12.791 Thread 0x0000021a5cb8a5d0 Exception <a 'java/lang/NoSuchMethodError'{0x00000000ee94dac8}: static Lorg/gradle/internal/build/event/types/DefaultTaskSuccessResult;.<clinit>()V> (0x00000000ee94dac8) 
thrown [c:\wsjdk\correttojdksrc\installers\windows\zip\corretto-build\buildroot\src\hotspot\share\prims\jni.cpp, line 1210]
Event: 12.791 Thread 0x0000021a5cb8a5d0 Exception <a 'java/lang/NoSuchMethodError'{0x00000000ee94ecf8}: static Lorg/gradle/internal/build/event/types/AbstractTaskResult;.<clinit>()V> (0x00000000ee94ecf8) 
thrown [c:\wsjdk\correttojdksrc\installers\windows\zip\corretto-build\buildroot\src\hotspot\share\prims\jni.cpp, line 1210]
Event: 12.791 Thread 0x0000021a5cb8a5d0 Exception <a 'java/lang/NoSuchMethodError'{0x00000000ee9502d8}: static Lorg/gradle/internal/build/event/types/AbstractResult;.<clinit>()V> (0x00000000ee9502d8) 
thrown [c:\wsjdk\correttojdksrc\installers\windows\zip\corretto-build\buildroot\src\hotspot\share\prims\jni.cpp, line 1210]
Event: 12.796 Thread 0x0000021a5cb8a5d0 Exception <a 'java/lang/NoSuchMethodError'{0x00000000ee968730}: static [Ljava/lang/Object;.<clinit>()V> (0x00000000ee968730) 
thrown [c:\wsjdk\correttojdksrc\installers\windows\zip\corretto-build\buildroot\src\hotspot\share\prims\jni.cpp, line 1210]
Event: 12.818 Thread 0x0000021a5cb8a5d0 Exception <a 'java/lang/NoSuchMethodError'{0x00000000ee9719e8}: static Lorg/gradle/internal/build/event/types/DefaultTaskSkippedResult;.<clinit>()V> (0x00000000ee9719e8) 
thrown [c:\wsjdk\correttojdksrc\installers\windows\zip\corretto-build\buildroot\src\hotspot\share\prims\jni.cpp, line 1210]
Event: 12.830 Thread 0x0000021a5f06f290 Exception <a 'java/lang/NoSuchMethodError'{0x00000000ee9d1d90}: 'void java.lang.invoke.DirectMethodHandle$Holder.invokeInterface(java.lang.Object, java.lang.Object, java.lang.Object, java.lang.Object)'> (0x00000000ee9d1d90) 
thrown [c:\wsjdk\correttojdksrc\installers\windows\zip\corretto-build\buildroot\src\hotspot\share\interpreter\linkResolver.cpp, line 790]
Event: 12.925 Thread 0x0000021a5f072260 Exception <a 'java/lang/NoSuchMethodError'{0x00000000ee8fa628}: 'void java.lang.invoke.DirectMethodHandle$Holder.invokeStatic(java.lang.Object, long)'> (0x00000000ee8fa628) 
thrown [c:\wsjdk\correttojdksrc\installers\windows\zip\corretto-build\buildroot\src\hotspot\share\interpreter\linkResolver.cpp, line 790]
Event: 12.926 Thread 0x0000021a5f072260 Exception <a 'java/lang/NoSuchMethodError'{0x00000000ee8ffb10}: 'java.lang.Object java.lang.invoke.DirectMethodHandle$Holder.newInvokeSpecial(java.lang.Object, long)'> (0x00000000ee8ffb10) 
thrown [c:\wsjdk\correttojdksrc\installers\windows\zip\corretto-build\buildroot\src\hotspot\share\interpreter\linkResolver.cpp, line 790]
Event: 12.928 Thread 0x0000021a5f072260 Exception <a 'java/lang/NoSuchMethodError'{0x00000000ee706ec0}: 'java.lang.Object java.lang.invoke.DirectMethodHandle$Holder.invokeStatic(java.lang.Object, java.lang.Object, long, java.lang.Object)'> (0x00000000ee706ec0) 
thrown [c:\wsjdk\correttojdksrc\installers\windows\zip\corretto-build\buildroot\src\hotspot\share\interpreter\linkResolver.cpp, line 790]
Event: 12.929 Thread 0x0000021a5f072260 Exception <a 'java/lang/NoSuchMethodError'{0x00000000ee70ab60}: 'java.lang.Object java.lang.invoke.DirectMethodHandle$Holder.invokeStaticInit(java.lang.Object, java.lang.Object, long, java.lang.Object)'> (0x00000000ee70ab60) 
thrown [c:\wsjdk\correttojdksrc\installers\windows\zip\corretto-build\buildroot\src\hotspot\share\interpreter\linkResolver.cpp, line 790]
Event: 13.039 Thread 0x0000021a5f06f290 Exception <a 'java/lang/reflect/InvocationTargetException'{0x00000000ee8efd80}> (0x00000000ee8efd80) 
thrown [c:\wsjdk\correttojdksrc\installers\windows\zip\corretto-build\buildroot\src\hotspot\share\runtime\reflection.cpp, line 1157]
Event: 13.049 Thread 0x0000021a5cb8a5d0 Exception <a 'java/lang/NoSuchMethodError'{0x00000000ee8118d0}: static Lorg/gradle/internal/build/event/types/DefaultTaskFailureResult;.<clinit>()V> (0x00000000ee8118d0) 
thrown [c:\wsjdk\correttojdksrc\installers\windows\zip\corretto-build\buildroot\src\hotspot\share\prims\jni.cpp, line 1210]
Event: 13.054 Thread 0x0000021a5cb8a5d0 Exception <a 'java/lang/NoSuchMethodError'{0x00000000ee502c40}: static Lorg/gradle/internal/build/event/types/DefaultFailure;.<clinit>()V> (0x00000000ee502c40) 
thrown [c:\wsjdk\correttojdksrc\installers\windows\zip\corretto-build\buildroot\src\hotspot\share\prims\jni.cpp, line 1210]

Events (20 events):
Event: 13.098 loading class java/util/logging/LogRecord done
Event: 13.134 Executing  VM operation: HandshakeAllThreads
Event: 13.134 Executing  VM operation: HandshakeAllThreads done
Event: 13.292 Thread 0x0000021a5f073cf0 Thread exited: 0x0000021a5f073cf0
Event: 13.297 Thread 0x0000021a5f071270 Thread exited: 0x0000021a5f071270
Event: 13.312 Thread 0x0000021a5f06f7e0 Thread exited: 0x0000021a5f06f7e0
Event: 13.333 Thread 0x0000021a5cb8a080 Thread exited: 0x0000021a5cb8a080
Event: 13.335 Thread 0x0000021a5f073250 Thread exited: 0x0000021a5f073250
Event: 13.335 Thread 0x0000021a5f0707d0 Thread exited: 0x0000021a5f0707d0
Event: 13.335 Thread 0x0000021a5f070280 Thread exited: 0x0000021a5f070280
Event: 13.336 Thread 0x0000021a5ca62ae0 Thread added: 0x0000021a5ca62ae0
Event: 13.341 Thread 0x0000021a5ca62ae0 Thread exited: 0x0000021a5ca62ae0
Event: 13.374 loading class java/lang/Short$ShortCache
Event: 13.374 loading class java/lang/Short$ShortCache done
Event: 13.393 loading class java/io/NotSerializableException
Event: 13.394 loading class java/io/NotSerializableException done
Event: 13.399 loading class java/util/Collections$EmptyListIterator
Event: 13.399 loading class java/util/Collections$EmptyListIterator done
Event: 13.422 Thread 0x0000021a5cb8b070 Thread exited: 0x0000021a5cb8b070
Event: 13.429 Thread 0x0000021a5f06d800 Thread exited: 0x0000021a5f06d800


Dynamic libraries:
0x00007ff782270000 - 0x00007ff78227d000 	C:\Users\flori\.jdks\corretto-16.0.2\bin\java.exe
0x00007ffdc2e60000 - 0x00007ffdc3069000 	C:\WINDOWS\SYSTEM32\ntdll.dll
0x00007ffdc1980000 - 0x00007ffdc1a3d000 	C:\WINDOWS\System32\KERNEL32.DLL
0x00007ffdc0800000 - 0x00007ffdc0b7c000 	C:\WINDOWS\System32\KERNELBASE.dll
0x00007ffdc0340000 - 0x00007ffdc0451000 	C:\WINDOWS\System32\ucrtbase.dll
0x00007ffda8600000 - 0x00007ffda8618000 	C:\Users\flori\.jdks\corretto-16.0.2\bin\jli.dll
0x00007ffda95f0000 - 0x00007ffda9605000 	C:\Users\flori\.jdks\corretto-16.0.2\bin\VCRUNTIME140.dll
0x00007ffdc13d0000 - 0x00007ffdc157d000 	C:\WINDOWS\System32\USER32.dll
0x00007ffdc07d0000 - 0x00007ffdc07f6000 	C:\WINDOWS\System32\win32u.dll
0x00007ffda9a50000 - 0x00007ffda9cf5000 	C:\WINDOWS\WinSxS\amd64_microsoft.windows.common-controls_6595b64144ccf1df_6.0.22000.120_none_9d947278b86cc467\COMCTL32.dll
0x00007ffdc2b70000 - 0x00007ffdc2b99000 	C:\WINDOWS\System32\GDI32.dll
0x00007ffdc1a40000 - 0x00007ffdc1ae3000 	C:\WINDOWS\System32\msvcrt.dll
0x00007ffdc0460000 - 0x00007ffdc0579000 	C:\WINDOWS\System32\gdi32full.dll
0x00007ffdc0580000 - 0x00007ffdc061d000 	C:\WINDOWS\System32\msvcp_win.dll
0x00007ffdc2de0000 - 0x00007ffdc2e11000 	C:\WINDOWS\System32\IMM32.DLL
0x00007ffd85f70000 - 0x00007ffd8600b000 	C:\Users\flori\.jdks\corretto-16.0.2\bin\msvcp140.dll
0x00007ffd48a00000 - 0x00007ffd49609000 	C:\Users\flori\.jdks\corretto-16.0.2\bin\server\jvm.dll
0x00007ffdc1320000 - 0x00007ffdc13ce000 	C:\WINDOWS\System32\ADVAPI32.dll
0x00007ffdc23d0000 - 0x00007ffdc246e000 	C:\WINDOWS\System32\sechost.dll
0x00007ffdc1090000 - 0x00007ffdc11b0000 	C:\WINDOWS\System32\RPCRT4.dll
0x00007ffdc0f60000 - 0x00007ffdc0f68000 	C:\WINDOWS\System32\PSAPI.DLL
0x00007ffd36ac0000 - 0x00007ffd36ac9000 	C:\WINDOWS\SYSTEM32\WSOCK32.dll
0x00007ffdc2b00000 - 0x00007ffdc2b6f000 	C:\WINDOWS\System32\WS2_32.dll
0x00007ffdba450000 - 0x00007ffdba483000 	C:\WINDOWS\SYSTEM32\WINMM.dll
0x00007ffdb7140000 - 0x00007ffdb714a000 	C:\WINDOWS\SYSTEM32\VERSION.dll
0x00007ffdbf430000 - 0x00007ffdbf448000 	C:\WINDOWS\SYSTEM32\kernel.appcore.dll
0x00007ffdb5cd0000 - 0x00007ffdb5cda000 	C:\Users\flori\.jdks\corretto-16.0.2\bin\jimage.dll
0x00007ffdab880000 - 0x00007ffdabaa1000 	C:\WINDOWS\SYSTEM32\DBGHELP.DLL
0x00007ffda50b0000 - 0x00007ffda50e1000 	C:\WINDOWS\SYSTEM32\dbgcore.DLL
0x00007ffdc0690000 - 0x00007ffdc070f000 	C:\WINDOWS\System32\bcryptPrimitives.dll
0x00007ffda09f0000 - 0x00007ffda0a15000 	C:\Users\flori\.jdks\corretto-16.0.2\bin\java.dll
0x00007ffdc1b90000 - 0x00007ffdc2348000 	C:\WINDOWS\System32\SHELL32.dll
0x00007ffdbe4a0000 - 0x00007ffdbed08000 	C:\WINDOWS\SYSTEM32\windows.storage.dll
0x00007ffdc1600000 - 0x00007ffdc1979000 	C:\WINDOWS\System32\combase.dll
0x00007ffdbe330000 - 0x00007ffdbe496000 	C:\WINDOWS\SYSTEM32\wintypes.dll
0x00007ffdc11b0000 - 0x00007ffdc129a000 	C:\WINDOWS\System32\SHCORE.dll
0x00007ffdc2370000 - 0x00007ffdc23cd000 	C:\WINDOWS\System32\shlwapi.dll
0x00007ffdc0270000 - 0x00007ffdc0291000 	C:\WINDOWS\SYSTEM32\profapi.dll
0x00007ffda7f50000 - 0x00007ffda7f69000 	C:\Users\flori\.jdks\corretto-16.0.2\bin\net.dll
0x00007ffdb8880000 - 0x00007ffdb898c000 	C:\WINDOWS\SYSTEM32\WINHTTP.dll
0x00007ffdbf860000 - 0x00007ffdbf8c7000 	C:\WINDOWS\system32\mswsock.dll
0x00007ffda73b0000 - 0x00007ffda73c3000 	C:\Users\flori\.jdks\corretto-16.0.2\bin\nio.dll
0x00007ffda5f60000 - 0x00007ffda5f78000 	C:\Users\flori\.jdks\corretto-16.0.2\bin\zip.dll
0x00007ffdb58e0000 - 0x00007ffdb58f0000 	C:\Users\flori\.jdks\corretto-16.0.2\bin\verify.dll
0x00007ffda8cd0000 - 0x00007ffda8cf7000 	C:\Users\flori\.gradle\native\e1d6ef7f7dcc3fd88c89a11ec53ec762bb8ba0a96d01ffa2cd45eb1d1d8dd5c5\windows-amd64\native-platform.dll
0x00007ffd85470000 - 0x00007ffd855b4000 	C:\Users\flori\.gradle\native\0d407fdbe67a94daf76414ababcb853783967236a71b16ec16e742cd7a986fd3\windows-amd64\native-platform-file-events.dll
0x00007ffdb4c40000 - 0x00007ffdb4c49000 	C:\Users\flori\.jdks\corretto-16.0.2\bin\management.dll
0x00007ffdb4b10000 - 0x00007ffdb4b1b000 	C:\Users\flori\.jdks\corretto-16.0.2\bin\management_ext.dll
0x00007ffdbfaa0000 - 0x00007ffdbfab8000 	C:\WINDOWS\SYSTEM32\CRYPTSP.dll
0x00007ffdbf390000 - 0x00007ffdbf3c5000 	C:\WINDOWS\system32\rsaenh.dll
0x00007ffdbf950000 - 0x00007ffdbf979000 	C:\WINDOWS\SYSTEM32\USERENV.dll
0x00007ffdbfc30000 - 0x00007ffdbfc57000 	C:\WINDOWS\SYSTEM32\bcrypt.dll
0x00007ffdbfac0000 - 0x00007ffdbfacc000 	C:\WINDOWS\SYSTEM32\CRYPTBASE.dll
0x00007ffdbef60000 - 0x00007ffdbef8d000 	C:\WINDOWS\SYSTEM32\IPHLPAPI.DLL
0x00007ffdc1af0000 - 0x00007ffdc1af9000 	C:\WINDOWS\System32\NSI.dll
0x00007ffdb93f0000 - 0x00007ffdb9409000 	C:\WINDOWS\SYSTEM32\dhcpcsvc6.DLL
0x00007ffdb99f0000 - 0x00007ffdb9a0e000 	C:\WINDOWS\SYSTEM32\dhcpcsvc.DLL
0x00007ffdbefd0000 - 0x00007ffdbf0b8000 	C:\WINDOWS\SYSTEM32\DNSAPI.dll
0x00007ffdae700000 - 0x00007ffdae70e000 	C:\Users\flori\.jdks\corretto-16.0.2\bin\sunmscapi.dll
0x00007ffdc0b80000 - 0x00007ffdc0ce2000 	C:\WINDOWS\System32\CRYPT32.dll
0x00007ffdbfc00000 - 0x00007ffdbfc28000 	C:\WINDOWS\SYSTEM32\ncrypt.dll
0x00007ffdbfbc0000 - 0x00007ffdbfbf7000 	C:\WINDOWS\SYSTEM32\NTASN1.dll
0x00007ffdb5d70000 - 0x00007ffdb5d78000 	C:\WINDOWS\system32\wshunix.dll

dbghelp: loaded successfully - version: 4.0.5 - missing functions: none
symbol engine: initialized successfully - sym options: 0x614 - pdb path: .;C:\Users\flori\.jdks\corretto-16.0.2\bin;C:\WINDOWS\SYSTEM32;C:\WINDOWS\WinSxS\amd64_microsoft.windows.common-controls_6595b64144ccf1df_6.0.22000.120_none_9d947278b86cc467;C:\Users\flori\.jdks\corretto-16.0.2\bin\server;C:\Users\flori\.gradle\native\e1d6ef7f7dcc3fd88c89a11ec53ec762bb8ba0a96d01ffa2cd45eb1d1d8dd5c5\windows-amd64;C:\Users\flori\.gradle\native\0d407fdbe67a94daf76414ababcb853783967236a71b16ec16e742cd7a986fd3\windows-amd64

VM Arguments:
jvm_args: --add-opens=java.base/java.util=ALL-UNNAMED --add-opens=java.base/java.lang=ALL-UNNAMED --add-opens=java.base/java.lang.invoke=ALL-UNNAMED --add-opens=java.base/java.util=ALL-UNNAMED --add-opens=java.prefs/java.util.prefs=ALL-UNNAMED --add-opens=java.prefs/java.util.prefs=ALL-UNNAMED --add-opens=java.base/java.nio.charset=ALL-UNNAMED --add-opens=java.base/java.net=ALL-UNNAMED --add-opens=java.base/java.util.concurrent.atomic=ALL-UNNAMED -XX:MaxMetaspaceSize=256m -XX:+HeapDumpOnOutOfMemoryError -Xms256m -Xmx512m -Dfile.encoding=windows-1252 -Duser.country=DE -Duser.language=de -Duser.variant 
java_command: org.gradle.launcher.daemon.bootstrap.GradleDaemon 7.5.1
java_class_path (initial): C:\Users\flori\.gradle\wrapper\dists\gradle-7.5.1-bin\7jzzequgds1hbszbhq3npc5ng\gradle-7.5.1\lib\gradle-launcher-7.5.1.jar
Launcher Type: SUN_STANDARD

[Global flags]
     intx CICompilerCount                          = 3                                         {product} {ergonomic}
   size_t CompressedClassSpaceSize                 = 218103808                                 {product} {ergonomic}
     uint ConcGCThreads                            = 1                                         {product} {ergonomic}
     uint G1ConcRefinementThreads                  = 4                                         {product} {ergonomic}
   size_t G1HeapRegionSize                         = 1048576                                   {product} {ergonomic}
    uintx GCDrainStackTargetSize                   = 64                                        {product} {ergonomic}
     bool HeapDumpOnOutOfMemoryError               = true                                   {manageable} {command line}
   size_t InitialHeapSize                          = 268435456                                 {product} {command line}
   size_t MarkStackSize                            = 4194304                                   {product} {ergonomic}
   size_t MaxHeapSize                              = 536870912                                 {product} {command line}
   size_t MaxMetaspaceSize                         = 268435456                                 {product} {command line}
   size_t MaxNewSize                               = 321912832                                 {product} {ergonomic}
   size_t MinHeapDeltaBytes                        = 1048576                                   {product} {ergonomic}
   size_t MinHeapSize                              = 268435456                                 {product} {command line}
    uintx NonNMethodCodeHeapSize                   = 5832780                                {pd product} {ergonomic}
    uintx NonProfiledCodeHeapSize                  = 122912730                              {pd product} {ergonomic}
    uintx ProfiledCodeHeapSize                     = 122912730                              {pd product} {ergonomic}
    uintx ReservedCodeCacheSize                    = 251658240                              {pd product} {ergonomic}
     bool SegmentedCodeCache                       = true                                      {product} {ergonomic}
   size_t SoftMaxHeapSize                          = 536870912                              {manageable} {ergonomic}
     bool UseCompressedClassPointers               = true                           {product lp64_product} {ergonomic}
     bool UseCompressedOops                        = true                           {product lp64_product} {ergonomic}
     bool UseG1GC                                  = true                                      {product} {ergonomic}
     bool UseLargePagesIndividualAllocation        = false                                  {pd product} {ergonomic}

Logging:
Log output configuration:
 #0: stdout all=warning uptime,level,tags
 #1: stderr all=off uptime,level,tags

Environment Variables:
PATH=C:\WINDOWS\system32;C:\WINDOWS;C:\WINDOWS\System32\Wbem;C:\WINDOWS\System32\WindowsPowerShell\v1.0\;C:\WINDOWS\System32\OpenSSH\;C:\Program Files\Microsoft SQL Server\120\Tools\Binn\;C:\Users\flori\AppData\Local\Microsoft\WindowsApps;%DASHLANE_DLL_DIR%;;C:\Users\flori\Downloads\Tina\Neuer Ordner\IntelliJ IDEA Community Edition 2022.2.1\bin;
USERNAME=flori
OS=Windows_NT
PROCESSOR_IDENTIFIER=AMD64 Family 23 Model 24 Stepping 1, AuthenticAMD



---------------  S Y S T E M  ---------------

OS:
 Windows 10 , 64 bit Build 22000 (10.0.22000.708)
OS uptime: 13 days 16:25 hours

CPU: total 4 (initial active 4) (4 cores per cpu, 2 threads per core) family 23 model 24 stepping 1 microcode 0x0, cx8, cmov, fxsr, ht, mmx, 3dnowpref, sse, sse2, sse3, ssse3, sse4a, sse4.1, sse4.2, popcnt, lzcnt, tsc, tscinvbit, avx, avx2, aes, clmul, bmi1, bmi2, adx, sha, fma, vzeroupper, clflush, clflushopt

Memory: 4k page, system-wide physical 6058M (328M free)
TotalPageFile size 24490M (AvailPageFile size 6M)
current process WorkingSet (physical memory assigned to process): 335M, peak: 337M
current process commit charge ("private bytes"): 463M, peak: 464M

vm_info: OpenJDK 64-Bit Server VM (16.0.2+7) for windows-amd64 JRE (16.0.2+7), built on Jul 22 2021 01:11:46 by "Administrator" with MS VC++ 15.9 (VS2017)

END.
