#
# There is insufficient memory for the Java Runtime Environment to continue.
# Native memory allocation (malloc) failed to allocate 824256 bytes for Chunk::new
# Possible reasons:
#   The system is out of physical RAM or swap space
#   The process is running with CompressedOops enabled, and the Java Heap may be blocking the growth of the native heap
# Possible solutions:
#   Reduce memory load on the system
#   Increase physical memory or swap space
#   Check if swap backing store is full
#   Decrease Java heap size (-Xmx/-Xms)
#   Decrease number of Java threads
#   Decrease Java thread stack sizes (-Xss)
#   Set larger code cache with -XX:ReservedCodeCacheSize=
#   JVM is running with Unscaled Compressed Oops mode in which the Java heap is
#     placed in the first 4GB address space. The Java Heap base address is the
#     maximum limit for the native heap growth. Please use -XX:HeapBaseMinAddress
#     to set the Java Heap base and to place the Java Heap above 4GB virtual address.
# This output file may be truncated or incomplete.
#
#  Out of Memory Error (arena.cpp:195), pid=19116, tid=29444
#
# JRE version: OpenJDK Runtime Environment Corretto-16.0.2.7.1 (16.0.2+7) (build 16.0.2+7)
# Java VM: OpenJDK 64-Bit Server VM Corretto-16.0.2.7.1 (16.0.2+7, mixed mode, sharing, tiered, compressed oops, compressed class ptrs, g1 gc, windows-amd64)
# No core dump will be written. Minidumps are not enabled by default on client versions of Windows
#

---------------  S U M M A R Y ------------

Command Line: --add-opens=java.base/java.util=ALL-UNNAMED --add-opens=java.base/java.lang=ALL-UNNAMED --add-opens=java.base/java.lang.invoke=ALL-UNNAMED --add-opens=java.base/java.util=ALL-UNNAMED --add-opens=java.prefs/java.util.prefs=ALL-UNNAMED --add-opens=java.prefs/java.util.prefs=ALL-UNNAMED --add-opens=java.base/java.nio.charset=ALL-UNNAMED --add-opens=java.base/java.net=ALL-UNNAMED --add-opens=java.base/java.util.concurrent.atomic=ALL-UNNAMED -XX:MaxMetaspaceSize=256m -XX:+HeapDumpOnOutOfMemoryError -Xms256m -Xmx512m -Dfile.encoding=windows-1252 -Duser.country=DE -Duser.language=de -Duser.variant org.gradle.launcher.daemon.bootstrap.GradleDaemon 7.5.1

Host: AMD Athlon 300U with Radeon Vega Mobile Gfx    , 4 cores, 5G,  Windows 10 , 64 bit Build 22000 (10.0.22000.708)
Time: Mon Oct 10 16:11:14 2022 Mitteleuropäische Sommerzeit elapsed time: 13.268123 seconds (0d 0h 0m 13s)

---------------  T H R E A D  ---------------

Current thread (0x00000162fd580cd0):  JavaThread "C2 CompilerThread0" daemon [_thread_in_native, id=29444, stack(0x0000004f3c100000,0x0000004f3c200000)]


Current CompileTask:
C2:  13268 5581   !   4       com.sun.tools.javac.jvm.ClassReader::classSigToType (497 bytes)

Stack: [0x0000004f3c100000,0x0000004f3c200000]
Native frames: (J=compiled Java code, j=interpreted, Vv=VM code, C=native code)
V  [jvm.dll+0x647e0a]
V  [jvm.dll+0x7f0549]
V  [jvm.dll+0x7f1cfe]
V  [jvm.dll+0x7f2343]
V  [jvm.dll+0x23dd88]
V  [jvm.dll+0xc879a]
V  [jvm.dll+0xc8d4c]
V  [jvm.dll+0x29fbb2]
V  [jvm.dll+0x557f02]
V  [jvm.dll+0x218e28]
V  [jvm.dll+0x21209e]
V  [jvm.dll+0x20fe07]
V  [jvm.dll+0x1a0d9b]
V  [jvm.dll+0x21f909]
V  [jvm.dll+0x21da9b]
V  [jvm.dll+0x7a8662]
V  [jvm.dll+0x7a223a]
V  [jvm.dll+0x646c46]
C  [ucrtbase.dll+0x26c0c]
C  [KERNEL32.DLL+0x154e0]
C  [ntdll.dll+0x485b]


---------------  P R O C E S S  ---------------

Threads class SMR info:
_java_thread_list=0x0000016298257980, length=46, elements={
0x00000162f9cdc140, 0x00000162fd561090, 0x00000162fd561c90, 0x00000162fd5780b0,
0x00000162fd57eaf0, 0x00000162fd57f4f0, 0x00000162fd57fef0, 0x00000162fd580cd0,
0x00000162fd585280, 0x00000162fd5e7f10, 0x00000162fe04d420, 0x00000162fe05e950,
0x00000162ff4bc8c0, 0x00000162feec8bd0, 0x00000162ff6bff90, 0x00000162ffbcc070,
0x00000162ff4827b0, 0x00000162ff482d00, 0x00000162ff483250, 0x00000162ff4837a0,
0x00000162ff482260, 0x00000162ff410100, 0x00000162ff4110f0, 0x00000162ff410650,
0x00000162ff40dbd0, 0x00000162ff40bbf0, 0x00000162ff40b150, 0x00000162ff40f660,
0x00000162ff40b6a0, 0x00000162ff40c690, 0x00000162ff40ebc0, 0x00000162ff40e120,
0x00000162ff40cbe0, 0x00000162ff411b90, 0x00000162ff40c140, 0x00000162ff40d130,
0x00000162ff40d680, 0x00000162ff40f110, 0x00000162ff40e670, 0x00000162ff40fbb0,
0x00000162ff410ba0, 0x00000162ff411640, 0x00000162ff40a160, 0x00000162ff40a6b0,
0x00000162ff40ac00, 0x00000162feecfe80
}

Java Threads: ( => current thread )
  0x00000162f9cdc140 JavaThread "main" [_thread_blocked, id=24080, stack(0x0000004f3b300000,0x0000004f3b400000)]
  0x00000162fd561090 JavaThread "Reference Handler" daemon [_thread_blocked, id=11604, stack(0x0000004f3bb00000,0x0000004f3bc00000)]
  0x00000162fd561c90 JavaThread "Finalizer" daemon [_thread_blocked, id=36660, stack(0x0000004f3bc00000,0x0000004f3bd00000)]
  0x00000162fd5780b0 JavaThread "Signal Dispatcher" daemon [_thread_blocked, id=34452, stack(0x0000004f3bd00000,0x0000004f3be00000)]
  0x00000162fd57eaf0 JavaThread "Attach Listener" daemon [_thread_blocked, id=26060, stack(0x0000004f3be00000,0x0000004f3bf00000)]
  0x00000162fd57f4f0 JavaThread "Service Thread" daemon [_thread_blocked, id=35048, stack(0x0000004f3bf00000,0x0000004f3c000000)]
  0x00000162fd57fef0 JavaThread "Monitor Deflation Thread" daemon [_thread_blocked, id=36396, stack(0x0000004f3c000000,0x0000004f3c100000)]
=>0x00000162fd580cd0 JavaThread "C2 CompilerThread0" daemon [_thread_in_native, id=29444, stack(0x0000004f3c100000,0x0000004f3c200000)]
  0x00000162fd585280 JavaThread "C1 CompilerThread0" daemon [_thread_blocked, id=20160, stack(0x0000004f3c200000,0x0000004f3c300000)]
  0x00000162fd5e7f10 JavaThread "Sweeper thread" daemon [_thread_blocked, id=20660, stack(0x0000004f3c300000,0x0000004f3c400000)]
  0x00000162fe04d420 JavaThread "Common-Cleaner" daemon [_thread_blocked, id=33032, stack(0x0000004f3c400000,0x0000004f3c500000)]
  0x00000162fe05e950 JavaThread "Notification Thread" daemon [_thread_blocked, id=16688, stack(0x0000004f3c500000,0x0000004f3c600000)]
  0x00000162ff4bc8c0 JavaThread "Daemon health stats" [_thread_blocked, id=22428, stack(0x0000004f3ca00000,0x0000004f3cb00000)]
  0x00000162feec8bd0 JavaThread "Incoming local TCP Connector on port 58062" [_thread_in_native, id=10788, stack(0x0000004f3cb00000,0x0000004f3cc00000)]
  0x00000162ff6bff90 JavaThread "Daemon periodic checks" [_thread_blocked, id=35324, stack(0x0000004f3cc00000,0x0000004f3cd00000)]
  0x00000162ffbcc070 JavaThread "Daemon" [_thread_blocked, id=9992, stack(0x0000004f3cd00000,0x0000004f3ce00000)]
  0x00000162ff4827b0 JavaThread "Handler for socket connection from /127.0.0.1:58062 to /127.0.0.1:58063" [_thread_in_native, id=19240, stack(0x0000004f3ce00000,0x0000004f3cf00000)]
  0x00000162ff482d00 JavaThread "Cancel handler" [_thread_blocked, id=35472, stack(0x0000004f3cf00000,0x0000004f3d000000)]
  0x00000162ff483250 JavaThread "Daemon worker" [_thread_blocked, id=35728, stack(0x0000004f3d000000,0x0000004f3d100000)]
  0x00000162ff4837a0 JavaThread "Asynchronous log dispatcher for DefaultDaemonConnection: socket connection from /127.0.0.1:58062 to /127.0.0.1:58063" [_thread_blocked, id=4348, stack(0x0000004f3d100000,0x0000004f3d200000)]
  0x00000162ff482260 JavaThread "Stdin handler" [_thread_blocked, id=30668, stack(0x0000004f3d200000,0x0000004f3d300000)]
  0x00000162ff410100 JavaThread "Daemon client event forwarder" [_thread_blocked, id=21268, stack(0x0000004f3d300000,0x0000004f3d400000)]
  0x00000162ff4110f0 JavaThread "Cache worker for journal cache (C:\Users\flori\.gradle\caches\journal-1)" [_thread_blocked, id=8704, stack(0x0000004f3d400000,0x0000004f3d500000)]
  0x00000162ff410650 JavaThread "File lock request listener" [_thread_in_native, id=6072, stack(0x0000004f3d500000,0x0000004f3d600000)]
  0x00000162ff40dbd0 JavaThread "Cache worker for file hash cache (C:\Users\flori\.gradle\caches\7.5.1\fileHashes)" [_thread_blocked, id=25436, stack(0x0000004f3d600000,0x0000004f3d700000)]
  0x00000162ff40bbf0 JavaThread "File watcher server" daemon [_thread_in_native, id=5576, stack(0x0000004f3d700000,0x0000004f3d800000)]
  0x00000162ff40b150 JavaThread "File watcher consumer" daemon [_thread_blocked, id=34992, stack(0x0000004f3d800000,0x0000004f3d900000)]
  0x00000162ff40f660 JavaThread "Cache worker for checksums cache (C:\Users\flori\IdeaProjects\prog-exercise-2-florentinahajdini\.gradle\7.5.1\checksums)" [_thread_blocked, id=32708, stack(0x0000004f3d900000,0x0000004f3da00000)]
  0x00000162ff40b6a0 JavaThread "Cache worker for cache directory md-rule (C:\Users\flori\.gradle\caches\7.5.1\md-rule)" [_thread_blocked, id=12236, stack(0x0000004f3da00000,0x0000004f3db00000)]
  0x00000162ff40c690 JavaThread "Cache worker for file content cache (C:\Users\flori\.gradle\caches\7.5.1\fileContent)" [_thread_blocked, id=6588, stack(0x0000004f3db00000,0x0000004f3dc00000)]
  0x00000162ff40ebc0 JavaThread "Cache worker for file hash cache (C:\Users\flori\IdeaProjects\prog-exercise-2-florentinahajdini\.gradle\7.5.1\fileHashes)" [_thread_blocked, id=33104, stack(0x0000004f3dc00000,0x0000004f3dd00000)]
  0x00000162ff40e120 JavaThread "Cache worker for cache directory md-supplier (C:\Users\flori\.gradle\caches\7.5.1\md-supplier)" [_thread_blocked, id=16160, stack(0x0000004f3dd00000,0x0000004f3de00000)]
  0x00000162ff40cbe0 JavaThread "Cache worker for execution history cache (C:\Users\flori\.gradle\caches\7.5.1\executionHistory)" [_thread_blocked, id=30852, stack(0x0000004f3de00000,0x0000004f3df00000)]
  0x00000162ff411b90 JavaThread "jar transforms" [_thread_blocked, id=26040, stack(0x0000004f3df00000,0x0000004f3e000000)]
  0x00000162ff40c140 JavaThread "jar transforms Thread 2" [_thread_blocked, id=18132, stack(0x0000004f3e000000,0x0000004f3e100000)]
  0x00000162ff40d130 JavaThread "jar transforms Thread 3" [_thread_blocked, id=23756, stack(0x0000004f3e100000,0x0000004f3e200000)]
  0x00000162ff40d680 JavaThread "jar transforms Thread 4" [_thread_blocked, id=24144, stack(0x0000004f3e200000,0x0000004f3e300000)]
  0x00000162ff40f110 JavaThread "Cache worker for dependencies-accessors (C:\Users\flori\IdeaProjects\prog-exercise-2-florentinahajdini\.gradle\7.5.1\dependencies-accessors)" [_thread_blocked, id=2596, stack(0x0000004f3e300000,0x0000004f3e400000)]
  0x00000162ff40e670 JavaThread "Cache worker for Build Output Cleanup Cache (C:\Users\flori\IdeaProjects\prog-exercise-2-florentinahajdini\.gradle\buildOutputCleanup)" [_thread_blocked, id=30032, stack(0x0000004f3e500000,0x0000004f3e600000)]
  0x00000162ff40fbb0 JavaThread "Memory manager" [_thread_blocked, id=16060, stack(0x0000004f3e600000,0x0000004f3e700000)]
  0x00000162ff410ba0 JavaThread "included builds" [_thread_blocked, id=7688, stack(0x0000004f3e700000,0x0000004f3e800000)]
  0x00000162ff411640 JavaThread "Execution worker" [_thread_blocked, id=34604, stack(0x0000004f3e800000,0x0000004f3e900000)]
  0x00000162ff40a160 JavaThread "Execution worker Thread 2" [_thread_blocked, id=26516, stack(0x0000004f3e900000,0x0000004f3ea00000)]
  0x00000162ff40a6b0 JavaThread "Execution worker Thread 3" [_thread_in_native, id=31348, stack(0x0000004f3ea00000,0x0000004f3eb00000)]
  0x00000162ff40ac00 JavaThread "Cache worker for execution history cache (C:\Users\flori\IdeaProjects\prog-exercise-2-florentinahajdini\.gradle\7.5.1\executionHistory)" [_thread_blocked, id=36760, stack(0x0000004f3eb00000,0x0000004f3ec00000)]
  0x00000162feecfe80 JavaThread "Cache worker for Java compile cache (C:\Users\flori\.gradle\caches\7.5.1\javaCompile)" [_thread_blocked, id=18416, stack(0x0000004f3ec00000,0x0000004f3ed00000)]

Other Threads:
  0x00000162fd55b870 VMThread "VM Thread" [stack: 0x0000004f3ba00000,0x0000004f3bb00000] [id=32532]
  0x00000162fe05ee70 WatcherThread [stack: 0x0000004f3c600000,0x0000004f3c700000] [id=31524]
  0x00000162f9d00f50 GCTaskThread "GC Thread#0" [stack: 0x0000004f3b500000,0x0000004f3b600000] [id=2368]
  0x00000162fe2c3d10 GCTaskThread "GC Thread#1" [stack: 0x0000004f3c700000,0x0000004f3c800000] [id=34632]
  0x00000162fe4968c0 GCTaskThread "GC Thread#2" [stack: 0x0000004f3c800000,0x0000004f3c900000] [id=36300]
  0x00000162fe308490 GCTaskThread "GC Thread#3" [stack: 0x0000004f3c900000,0x0000004f3ca00000] [id=28540]
  0x00000162f9d06fa0 ConcurrentGCThread "G1 Main Marker" [stack: 0x0000004f3b600000,0x0000004f3b700000] [id=13644]
  0x00000162f9d07b70 ConcurrentGCThread "G1 Conc#0" [stack: 0x0000004f3b700000,0x0000004f3b800000] [id=10408]
  0x00000162f9dbd8f0 ConcurrentGCThread "G1 Refine#0" [stack: 0x0000004f3b800000,0x0000004f3b900000] [id=26080]
  0x000001629992bd10 ConcurrentGCThread "G1 Refine#1" [stack: 0x0000004f3e400000,0x0000004f3e500000] [id=32292]
  0x00000162f9dbe370 ConcurrentGCThread "G1 Service" [stack: 0x0000004f3b900000,0x0000004f3ba00000] [id=27928]

Threads with active compile tasks:
C2 CompilerThread0    13312 5581   !   4       com.sun.tools.javac.jvm.ClassReader::classSigToType (497 bytes)

VM state: not at safepoint (normal execution)

VM Mutex/Monitor currently owned by a thread: None

Heap address: 0x00000000e0000000, size: 512 MB, Compressed Oops mode: 32-bit

CDS archive(s) mapped at: [0x0000000800000000-0x0000000800be0000-0x0000000800be0000), size 12451840, SharedBaseAddress: 0x0000000800000000, ArchiveRelocationMode: 0.
Compressed class space mapped at: 0x0000000800c00000-0x000000080dc00000, reserved size: 218103808
Narrow klass base: 0x0000000800000000, Narrow klass shift: 3, Narrow klass range: 0x100000000

GC Precious Log:
 CPUs: 4 total, 4 available
 Memory: 6058M
 Large Page Support: Disabled
 NUMA Support: Disabled
 Compressed Oops: Enabled (32-bit)
 Heap Region Size: 1M
 Heap Min Capacity: 256M
 Heap Initial Capacity: 256M
 Heap Max Capacity: 512M
 Pre-touch: Disabled
 Parallel Workers: 4
 Concurrent Workers: 1
 Concurrent Refinement Workers: 4
 Periodic GC: Disabled

Heap:
 garbage-first heap   total 262144K, used 60469K [0x00000000e0000000, 0x0000000100000000)
  region size 1024K, 32 young (32768K), 10 survivors (10240K)
 Metaspace       used 54303K, committed 54848K, reserved 262144K
  class space    used 7425K, committed 7680K, reserved 212992K

Heap Regions: E=young(eden), S=young(survivor), O=old, HS=humongous(starts), HC=humongous(continues), CS=collection set, F=free, OA=open archive, CA=closed archive, TAMS=top-at-mark-start (previous, next)
|   0|0x00000000e0000000, 0x00000000e0100000, 0x00000000e0100000|100%|HS|  |TAMS 0x00000000e0100000, 0x00000000e0000000| Complete 
|   1|0x00000000e0100000, 0x00000000e0200000, 0x00000000e0200000|100%|HC|  |TAMS 0x00000000e0200000, 0x00000000e0100000| Complete 
|   2|0x00000000e0200000, 0x00000000e0300000, 0x00000000e0300000|100%|HC|  |TAMS 0x00000000e0300000, 0x00000000e0200000| Complete 
|   3|0x00000000e0300000, 0x00000000e0400000, 0x00000000e0400000|100%| O|  |TAMS 0x00000000e0400000, 0x00000000e0300000| Untracked 
|   4|0x00000000e0400000, 0x00000000e0500000, 0x00000000e0500000|100%| O|  |TAMS 0x00000000e0500000, 0x00000000e0400000| Untracked 
|   5|0x00000000e0500000, 0x00000000e0600000, 0x00000000e0600000|100%| O|  |TAMS 0x00000000e0600000, 0x00000000e0500000| Untracked 
|   6|0x00000000e0600000, 0x00000000e0700000, 0x00000000e0700000|100%| O|  |TAMS 0x00000000e0700000, 0x00000000e0600000| Untracked 
|   7|0x00000000e0700000, 0x00000000e0800000, 0x00000000e0800000|100%| O|  |TAMS 0x00000000e0800000, 0x00000000e0700000| Untracked 
|   8|0x00000000e0800000, 0x00000000e0900000, 0x00000000e0900000|100%| O|  |TAMS 0x00000000e0900000, 0x00000000e0800000| Untracked 
|   9|0x00000000e0900000, 0x00000000e0a00000, 0x00000000e0a00000|100%| O|  |TAMS 0x00000000e094ac00, 0x00000000e0900000| Untracked 
|  10|0x00000000e0a00000, 0x00000000e0a00000, 0x00000000e0b00000|  0%| F|  |TAMS 0x00000000e0a00000, 0x00000000e0a00000| Untracked 
|  11|0x00000000e0b00000, 0x00000000e0c00000, 0x00000000e0c00000|100%| O|  |TAMS 0x00000000e0b00000, 0x00000000e0b00000| Untracked 
|  12|0x00000000e0c00000, 0x00000000e0d00000, 0x00000000e0d00000|100%| O|  |TAMS 0x00000000e0c00000, 0x00000000e0c00000| Untracked 
|  13|0x00000000e0d00000, 0x00000000e0e00000, 0x00000000e0e00000|100%| O|  |TAMS 0x00000000e0d00000, 0x00000000e0d00000| Untracked 
|  14|0x00000000e0e00000, 0x00000000e0f00000, 0x00000000e0f00000|100%| O|  |TAMS 0x00000000e0e00000, 0x00000000e0e00000| Untracked 
|  15|0x00000000e0f00000, 0x00000000e1000000, 0x00000000e1000000|100%| O|  |TAMS 0x00000000e0f00000, 0x00000000e0f00000| Untracked 
|  16|0x00000000e1000000, 0x00000000e1100000, 0x00000000e1100000|100%| O|  |TAMS 0x00000000e1000000, 0x00000000e1000000| Untracked 
|  17|0x00000000e1100000, 0x00000000e1200000, 0x00000000e1200000|100%| O|  |TAMS 0x00000000e1100000, 0x00000000e1100000| Untracked 
|  18|0x00000000e1200000, 0x00000000e1300000, 0x00000000e1300000|100%| O|  |TAMS 0x00000000e1200000, 0x00000000e1200000| Untracked 
|  19|0x00000000e1300000, 0x00000000e1400000, 0x00000000e1400000|100%| O|  |TAMS 0x00000000e1300000, 0x00000000e1300000| Untracked 
|  20|0x00000000e1400000, 0x00000000e1500000, 0x00000000e1500000|100%| O|  |TAMS 0x00000000e1400000, 0x00000000e1400000| Untracked 
|  21|0x00000000e1500000, 0x00000000e1600000, 0x00000000e1600000|100%| O|  |TAMS 0x00000000e1500000, 0x00000000e1500000| Untracked 
|  22|0x00000000e1600000, 0x00000000e1700000, 0x00000000e1700000|100%| O|  |TAMS 0x00000000e1600000, 0x00000000e1600000| Untracked 
|  23|0x00000000e1700000, 0x00000000e1800000, 0x00000000e1800000|100%| O|  |TAMS 0x00000000e1700000, 0x00000000e1700000| Untracked 
|  24|0x00000000e1800000, 0x00000000e1900000, 0x00000000e1900000|100%| O|  |TAMS 0x00000000e1800000, 0x00000000e1800000| Untracked 
|  25|0x00000000e1900000, 0x00000000e1a00000, 0x00000000e1a00000|100%| O|  |TAMS 0x00000000e1900000, 0x00000000e1900000| Untracked 
|  26|0x00000000e1a00000, 0x00000000e1b00000, 0x00000000e1b00000|100%| O|  |TAMS 0x00000000e1a00000, 0x00000000e1a00000| Untracked 
|  27|0x00000000e1b00000, 0x00000000e1c00000, 0x00000000e1c00000|100%| O|  |TAMS 0x00000000e1b00000, 0x00000000e1b00000| Untracked 
|  28|0x00000000e1c00000, 0x00000000e1d00000, 0x00000000e1d00000|100%| O|  |TAMS 0x00000000e1c00000, 0x00000000e1c00000| Untracked 
|  29|0x00000000e1d00000, 0x00000000e1d44000, 0x00000000e1e00000| 26%| O|  |TAMS 0x00000000e1d00000, 0x00000000e1d00000| Untracked 
|  30|0x00000000e1e00000, 0x00000000e1e00000, 0x00000000e1f00000|  0%| F|  |TAMS 0x00000000e1e00000, 0x00000000e1e00000| Untracked 
|  31|0x00000000e1f00000, 0x00000000e1f00000, 0x00000000e2000000|  0%| F|  |TAMS 0x00000000e1f00000, 0x00000000e1f00000| Untracked 
|  32|0x00000000e2000000, 0x00000000e2000000, 0x00000000e2100000|  0%| F|  |TAMS 0x00000000e2000000, 0x00000000e2000000| Untracked 
|  33|0x00000000e2100000, 0x00000000e2100000, 0x00000000e2200000|  0%| F|  |TAMS 0x00000000e2100000, 0x00000000e2100000| Untracked 
|  34|0x00000000e2200000, 0x00000000e2200000, 0x00000000e2300000|  0%| F|  |TAMS 0x00000000e2200000, 0x00000000e2200000| Untracked 
|  35|0x00000000e2300000, 0x00000000e2300000, 0x00000000e2400000|  0%| F|  |TAMS 0x00000000e2300000, 0x00000000e2300000| Untracked 
|  36|0x00000000e2400000, 0x00000000e2400000, 0x00000000e2500000|  0%| F|  |TAMS 0x00000000e2400000, 0x00000000e2400000| Untracked 
|  37|0x00000000e2500000, 0x00000000e2500000, 0x00000000e2600000|  0%| F|  |TAMS 0x00000000e2500000, 0x00000000e2500000| Untracked 
|  38|0x00000000e2600000, 0x00000000e2600000, 0x00000000e2700000|  0%| F|  |TAMS 0x00000000e2600000, 0x00000000e2600000| Untracked 
|  39|0x00000000e2700000, 0x00000000e2700000, 0x00000000e2800000|  0%| F|  |TAMS 0x00000000e2700000, 0x00000000e2700000| Untracked 
|  40|0x00000000e2800000, 0x00000000e2800000, 0x00000000e2900000|  0%| F|  |TAMS 0x00000000e2800000, 0x00000000e2800000| Untracked 
|  41|0x00000000e2900000, 0x00000000e2900000, 0x00000000e2a00000|  0%| F|  |TAMS 0x00000000e2900000, 0x00000000e2900000| Untracked 
|  42|0x00000000e2a00000, 0x00000000e2a00000, 0x00000000e2b00000|  0%| F|  |TAMS 0x00000000e2a00000, 0x00000000e2a00000| Untracked 
|  43|0x00000000e2b00000, 0x00000000e2b00000, 0x00000000e2c00000|  0%| F|  |TAMS 0x00000000e2b00000, 0x00000000e2b00000| Untracked 
|  44|0x00000000e2c00000, 0x00000000e2c00000, 0x00000000e2d00000|  0%| F|  |TAMS 0x00000000e2c00000, 0x00000000e2c00000| Untracked 
|  45|0x00000000e2d00000, 0x00000000e2d00000, 0x00000000e2e00000|  0%| F|  |TAMS 0x00000000e2d00000, 0x00000000e2d00000| Untracked 
|  46|0x00000000e2e00000, 0x00000000e2e00000, 0x00000000e2f00000|  0%| F|  |TAMS 0x00000000e2e00000, 0x00000000e2e00000| Untracked 
|  47|0x00000000e2f00000, 0x00000000e2f00000, 0x00000000e3000000|  0%| F|  |TAMS 0x00000000e2f00000, 0x00000000e2f00000| Untracked 
|  48|0x00000000e3000000, 0x00000000e3000000, 0x00000000e3100000|  0%| F|  |TAMS 0x00000000e3000000, 0x00000000e3000000| Untracked 
|  49|0x00000000e3100000, 0x00000000e3100000, 0x00000000e3200000|  0%| F|  |TAMS 0x00000000e3100000, 0x00000000e3100000| Untracked 
|  50|0x00000000e3200000, 0x00000000e3200000, 0x00000000e3300000|  0%| F|  |TAMS 0x00000000e3200000, 0x00000000e3200000| Untracked 
|  51|0x00000000e3300000, 0x00000000e3300000, 0x00000000e3400000|  0%| F|  |TAMS 0x00000000e3300000, 0x00000000e3300000| Untracked 
|  52|0x00000000e3400000, 0x00000000e3400000, 0x00000000e3500000|  0%| F|  |TAMS 0x00000000e3400000, 0x00000000e3400000| Untracked 
|  53|0x00000000e3500000, 0x00000000e3500000, 0x00000000e3600000|  0%| F|  |TAMS 0x00000000e3500000, 0x00000000e3500000| Untracked 
|  54|0x00000000e3600000, 0x00000000e3600000, 0x00000000e3700000|  0%| F|  |TAMS 0x00000000e3600000, 0x00000000e3600000| Untracked 
|  55|0x00000000e3700000, 0x00000000e3700000, 0x00000000e3800000|  0%| F|  |TAMS 0x00000000e3700000, 0x00000000e3700000| Untracked 
|  56|0x00000000e3800000, 0x00000000e3800000, 0x00000000e3900000|  0%| F|  |TAMS 0x00000000e3800000, 0x00000000e3800000| Untracked 
|  57|0x00000000e3900000, 0x00000000e3900000, 0x00000000e3a00000|  0%| F|  |TAMS 0x00000000e3900000, 0x00000000e3900000| Untracked 
|  58|0x00000000e3a00000, 0x00000000e3a00000, 0x00000000e3b00000|  0%| F|  |TAMS 0x00000000e3a00000, 0x00000000e3a00000| Untracked 
|  59|0x00000000e3b00000, 0x00000000e3b00000, 0x00000000e3c00000|  0%| F|  |TAMS 0x00000000e3b00000, 0x00000000e3b00000| Untracked 
|  60|0x00000000e3c00000, 0x00000000e3c00000, 0x00000000e3d00000|  0%| F|  |TAMS 0x00000000e3c00000, 0x00000000e3c00000| Untracked 
|  61|0x00000000e3d00000, 0x00000000e3d00000, 0x00000000e3e00000|  0%| F|  |TAMS 0x00000000e3d00000, 0x00000000e3d00000| Untracked 
|  62|0x00000000e3e00000, 0x00000000e3e00000, 0x00000000e3f00000|  0%| F|  |TAMS 0x00000000e3e00000, 0x00000000e3e00000| Untracked 
|  63|0x00000000e3f00000, 0x00000000e3f00000, 0x00000000e4000000|  0%| F|  |TAMS 0x00000000e3f00000, 0x00000000e3f00000| Untracked 
|  64|0x00000000e4000000, 0x00000000e4000000, 0x00000000e4100000|  0%| F|  |TAMS 0x00000000e4000000, 0x00000000e4000000| Untracked 
|  65|0x00000000e4100000, 0x00000000e4100000, 0x00000000e4200000|  0%| F|  |TAMS 0x00000000e4100000, 0x00000000e4100000| Untracked 
|  66|0x00000000e4200000, 0x00000000e4200000, 0x00000000e4300000|  0%| F|  |TAMS 0x00000000e4200000, 0x00000000e4200000| Untracked 
|  67|0x00000000e4300000, 0x00000000e4300000, 0x00000000e4400000|  0%| F|  |TAMS 0x00000000e4300000, 0x00000000e4300000| Untracked 
|  68|0x00000000e4400000, 0x00000000e4400000, 0x00000000e4500000|  0%| F|  |TAMS 0x00000000e4400000, 0x00000000e4400000| Untracked 
|  69|0x00000000e4500000, 0x00000000e4500000, 0x00000000e4600000|  0%| F|  |TAMS 0x00000000e4500000, 0x00000000e4500000| Untracked 
|  70|0x00000000e4600000, 0x00000000e4600000, 0x00000000e4700000|  0%| F|  |TAMS 0x00000000e4600000, 0x00000000e4600000| Untracked 
|  71|0x00000000e4700000, 0x00000000e4700000, 0x00000000e4800000|  0%| F|  |TAMS 0x00000000e4700000, 0x00000000e4700000| Untracked 
|  72|0x00000000e4800000, 0x00000000e4800000, 0x00000000e4900000|  0%| F|  |TAMS 0x00000000e4800000, 0x00000000e4800000| Untracked 
|  73|0x00000000e4900000, 0x00000000e4900000, 0x00000000e4a00000|  0%| F|  |TAMS 0x00000000e4900000, 0x00000000e4900000| Untracked 
|  74|0x00000000e4a00000, 0x00000000e4a00000, 0x00000000e4b00000|  0%| F|  |TAMS 0x00000000e4a00000, 0x00000000e4a00000| Untracked 
|  75|0x00000000e4b00000, 0x00000000e4b00000, 0x00000000e4c00000|  0%| F|  |TAMS 0x00000000e4b00000, 0x00000000e4b00000| Untracked 
|  76|0x00000000e4c00000, 0x00000000e4c00000, 0x00000000e4d00000|  0%| F|  |TAMS 0x00000000e4c00000, 0x00000000e4c00000| Untracked 
|  77|0x00000000e4d00000, 0x00000000e4d00000, 0x00000000e4e00000|  0%| F|  |TAMS 0x00000000e4d00000, 0x00000000e4d00000| Untracked 
|  78|0x00000000e4e00000, 0x00000000e4e00000, 0x00000000e4f00000|  0%| F|  |TAMS 0x00000000e4e00000, 0x00000000e4e00000| Untracked 
|  79|0x00000000e4f00000, 0x00000000e4f00000, 0x00000000e5000000|  0%| F|  |TAMS 0x00000000e4f00000, 0x00000000e4f00000| Untracked 
|  80|0x00000000e5000000, 0x00000000e5000000, 0x00000000e5100000|  0%| F|  |TAMS 0x00000000e5000000, 0x00000000e5000000| Untracked 
|  81|0x00000000e5100000, 0x00000000e5100000, 0x00000000e5200000|  0%| F|  |TAMS 0x00000000e5100000, 0x00000000e5100000| Untracked 
|  82|0x00000000e5200000, 0x00000000e5200000, 0x00000000e5300000|  0%| F|  |TAMS 0x00000000e5200000, 0x00000000e5200000| Untracked 
|  83|0x00000000e5300000, 0x00000000e5300000, 0x00000000e5400000|  0%| F|  |TAMS 0x00000000e5300000, 0x00000000e5300000| Untracked 
|  84|0x00000000e5400000, 0x00000000e5400000, 0x00000000e5500000|  0%| F|  |TAMS 0x00000000e5400000, 0x00000000e5400000| Untracked 
|  85|0x00000000e5500000, 0x00000000e5500000, 0x00000000e5600000|  0%| F|  |TAMS 0x00000000e5500000, 0x00000000e5500000| Untracked 
|  86|0x00000000e5600000, 0x00000000e5600000, 0x00000000e5700000|  0%| F|  |TAMS 0x00000000e5600000, 0x00000000e5600000| Untracked 
|  87|0x00000000e5700000, 0x00000000e5700000, 0x00000000e5800000|  0%| F|  |TAMS 0x00000000e5700000, 0x00000000e5700000| Untracked 
|  88|0x00000000e5800000, 0x00000000e5800000, 0x00000000e5900000|  0%| F|  |TAMS 0x00000000e5800000, 0x00000000e5800000| Untracked 
|  89|0x00000000e5900000, 0x00000000e5900000, 0x00000000e5a00000|  0%| F|  |TAMS 0x00000000e5900000, 0x00000000e5900000| Untracked 
|  90|0x00000000e5a00000, 0x00000000e5a00000, 0x00000000e5b00000|  0%| F|  |TAMS 0x00000000e5a00000, 0x00000000e5a00000| Untracked 
|  91|0x00000000e5b00000, 0x00000000e5b00000, 0x00000000e5c00000|  0%| F|  |TAMS 0x00000000e5b00000, 0x00000000e5b00000| Untracked 
|  92|0x00000000e5c00000, 0x00000000e5c00000, 0x00000000e5d00000|  0%| F|  |TAMS 0x00000000e5c00000, 0x00000000e5c00000| Untracked 
|  93|0x00000000e5d00000, 0x00000000e5d00000, 0x00000000e5e00000|  0%| F|  |TAMS 0x00000000e5d00000, 0x00000000e5d00000| Untracked 
|  94|0x00000000e5e00000, 0x00000000e5e00000, 0x00000000e5f00000|  0%| F|  |TAMS 0x00000000e5e00000, 0x00000000e5e00000| Untracked 
|  95|0x00000000e5f00000, 0x00000000e5f00000, 0x00000000e6000000|  0%| F|  |TAMS 0x00000000e5f00000, 0x00000000e5f00000| Untracked 
|  96|0x00000000e6000000, 0x00000000e6000000, 0x00000000e6100000|  0%| F|  |TAMS 0x00000000e6000000, 0x00000000e6000000| Untracked 
|  97|0x00000000e6100000, 0x00000000e6100000, 0x00000000e6200000|  0%| F|  |TAMS 0x00000000e6100000, 0x00000000e6100000| Untracked 
|  98|0x00000000e6200000, 0x00000000e6200000, 0x00000000e6300000|  0%| F|  |TAMS 0x00000000e6200000, 0x00000000e6200000| Untracked 
|  99|0x00000000e6300000, 0x00000000e6300000, 0x00000000e6400000|  0%| F|  |TAMS 0x00000000e6300000, 0x00000000e6300000| Untracked 
| 100|0x00000000e6400000, 0x00000000e6400000, 0x00000000e6500000|  0%| F|  |TAMS 0x00000000e6400000, 0x00000000e6400000| Untracked 
| 101|0x00000000e6500000, 0x00000000e6500000, 0x00000000e6600000|  0%| F|  |TAMS 0x00000000e6500000, 0x00000000e6500000| Untracked 
| 102|0x00000000e6600000, 0x00000000e6600000, 0x00000000e6700000|  0%| F|  |TAMS 0x00000000e6600000, 0x00000000e6600000| Untracked 
| 103|0x00000000e6700000, 0x00000000e6700000, 0x00000000e6800000|  0%| F|  |TAMS 0x00000000e6700000, 0x00000000e6700000| Untracked 
| 104|0x00000000e6800000, 0x00000000e6800000, 0x00000000e6900000|  0%| F|  |TAMS 0x00000000e6800000, 0x00000000e6800000| Untracked 
| 105|0x00000000e6900000, 0x00000000e6900000, 0x00000000e6a00000|  0%| F|  |TAMS 0x00000000e6900000, 0x00000000e6900000| Untracked 
| 106|0x00000000e6a00000, 0x00000000e6a00000, 0x00000000e6b00000|  0%| F|  |TAMS 0x00000000e6a00000, 0x00000000e6a00000| Untracked 
| 107|0x00000000e6b00000, 0x00000000e6b00000, 0x00000000e6c00000|  0%| F|  |TAMS 0x00000000e6b00000, 0x00000000e6b00000| Untracked 
| 108|0x00000000e6c00000, 0x00000000e6c00000, 0x00000000e6d00000|  0%| F|  |TAMS 0x00000000e6c00000, 0x00000000e6c00000| Untracked 
| 109|0x00000000e6d00000, 0x00000000e6d00000, 0x00000000e6e00000|  0%| F|  |TAMS 0x00000000e6d00000, 0x00000000e6d00000| Untracked 
| 110|0x00000000e6e00000, 0x00000000e6e00000, 0x00000000e6f00000|  0%| F|  |TAMS 0x00000000e6e00000, 0x00000000e6e00000| Untracked 
| 111|0x00000000e6f00000, 0x00000000e6f00000, 0x00000000e7000000|  0%| F|  |TAMS 0x00000000e6f00000, 0x00000000e6f00000| Untracked 
| 112|0x00000000e7000000, 0x00000000e7000000, 0x00000000e7100000|  0%| F|  |TAMS 0x00000000e7000000, 0x00000000e7000000| Untracked 
| 113|0x00000000e7100000, 0x00000000e7100000, 0x00000000e7200000|  0%| F|  |TAMS 0x00000000e7100000, 0x00000000e7100000| Untracked 
| 114|0x00000000e7200000, 0x00000000e7200000, 0x00000000e7300000|  0%| F|  |TAMS 0x00000000e7200000, 0x00000000e7200000| Untracked 
| 115|0x00000000e7300000, 0x00000000e7300000, 0x00000000e7400000|  0%| F|  |TAMS 0x00000000e7300000, 0x00000000e7300000| Untracked 
| 116|0x00000000e7400000, 0x00000000e7400000, 0x00000000e7500000|  0%| F|  |TAMS 0x00000000e7400000, 0x00000000e7400000| Untracked 
| 117|0x00000000e7500000, 0x00000000e7500000, 0x00000000e7600000|  0%| F|  |TAMS 0x00000000e7500000, 0x00000000e7500000| Untracked 
| 118|0x00000000e7600000, 0x00000000e7600000, 0x00000000e7700000|  0%| F|  |TAMS 0x00000000e7600000, 0x00000000e7600000| Untracked 
| 119|0x00000000e7700000, 0x00000000e7700000, 0x00000000e7800000|  0%| F|  |TAMS 0x00000000e7700000, 0x00000000e7700000| Untracked 
| 120|0x00000000e7800000, 0x00000000e7800000, 0x00000000e7900000|  0%| F|  |TAMS 0x00000000e7800000, 0x00000000e7800000| Untracked 
| 121|0x00000000e7900000, 0x00000000e7900000, 0x00000000e7a00000|  0%| F|  |TAMS 0x00000000e7900000, 0x00000000e7900000| Untracked 
| 122|0x00000000e7a00000, 0x00000000e7a00000, 0x00000000e7b00000|  0%| F|  |TAMS 0x00000000e7a00000, 0x00000000e7a00000| Untracked 
| 123|0x00000000e7b00000, 0x00000000e7b00000, 0x00000000e7c00000|  0%| F|  |TAMS 0x00000000e7b00000, 0x00000000e7b00000| Untracked 
| 124|0x00000000e7c00000, 0x00000000e7c00000, 0x00000000e7d00000|  0%| F|  |TAMS 0x00000000e7c00000, 0x00000000e7c00000| Untracked 
| 125|0x00000000e7d00000, 0x00000000e7d00000, 0x00000000e7e00000|  0%| F|  |TAMS 0x00000000e7d00000, 0x00000000e7d00000| Untracked 
| 126|0x00000000e7e00000, 0x00000000e7ec94c0, 0x00000000e7f00000| 78%| S|CS|TAMS 0x00000000e7e00000, 0x00000000e7e00000| Complete 
| 127|0x00000000e7f00000, 0x00000000e8000000, 0x00000000e8000000|100%| S|CS|TAMS 0x00000000e7f00000, 0x00000000e7f00000| Complete 
| 128|0x00000000e8000000, 0x00000000e8100000, 0x00000000e8100000|100%| S|CS|TAMS 0x00000000e8000000, 0x00000000e8000000| Complete 
| 129|0x00000000e8100000, 0x00000000e8200000, 0x00000000e8200000|100%| S|CS|TAMS 0x00000000e8100000, 0x00000000e8100000| Complete 
| 130|0x00000000e8200000, 0x00000000e8300000, 0x00000000e8300000|100%| S|CS|TAMS 0x00000000e8200000, 0x00000000e8200000| Complete 
| 131|0x00000000e8300000, 0x00000000e8400000, 0x00000000e8400000|100%| S|CS|TAMS 0x00000000e8300000, 0x00000000e8300000| Complete 
| 132|0x00000000e8400000, 0x00000000e8500000, 0x00000000e8500000|100%| S|CS|TAMS 0x00000000e8400000, 0x00000000e8400000| Complete 
| 133|0x00000000e8500000, 0x00000000e8500000, 0x00000000e8600000|  0%| F|  |TAMS 0x00000000e8500000, 0x00000000e8500000| Untracked 
| 134|0x00000000e8600000, 0x00000000e8600000, 0x00000000e8700000|  0%| F|  |TAMS 0x00000000e8600000, 0x00000000e8600000| Untracked 
| 135|0x00000000e8700000, 0x00000000e8700000, 0x00000000e8800000|  0%| F|  |TAMS 0x00000000e8700000, 0x00000000e8700000| Untracked 
| 136|0x00000000e8800000, 0x00000000e8800000, 0x00000000e8900000|  0%| F|  |TAMS 0x00000000e8800000, 0x00000000e8800000| Untracked 
| 137|0x00000000e8900000, 0x00000000e8900000, 0x00000000e8a00000|  0%| F|  |TAMS 0x00000000e8900000, 0x00000000e8900000| Untracked 
| 138|0x00000000e8a00000, 0x00000000e8b00000, 0x00000000e8b00000|100%| S|CS|TAMS 0x00000000e8a00000, 0x00000000e8a00000| Complete 
| 139|0x00000000e8b00000, 0x00000000e8c00000, 0x00000000e8c00000|100%| S|CS|TAMS 0x00000000e8b00000, 0x00000000e8b00000| Complete 
| 140|0x00000000e8c00000, 0x00000000e8d00000, 0x00000000e8d00000|100%| S|CS|TAMS 0x00000000e8c00000, 0x00000000e8c00000| Complete 
| 141|0x00000000e8d00000, 0x00000000e8d00000, 0x00000000e8e00000|  0%| F|  |TAMS 0x00000000e8d00000, 0x00000000e8d00000| Untracked 
| 142|0x00000000e8e00000, 0x00000000e8e00000, 0x00000000e8f00000|  0%| F|  |TAMS 0x00000000e8e00000, 0x00000000e8e00000| Untracked 
| 143|0x00000000e8f00000, 0x00000000e8f00000, 0x00000000e9000000|  0%| F|  |TAMS 0x00000000e8f00000, 0x00000000e8f00000| Untracked 
| 144|0x00000000e9000000, 0x00000000e9000000, 0x00000000e9100000|  0%| F|  |TAMS 0x00000000e9000000, 0x00000000e9000000| Untracked 
| 145|0x00000000e9100000, 0x00000000e9100000, 0x00000000e9200000|  0%| F|  |TAMS 0x00000000e9100000, 0x00000000e9100000| Untracked 
| 146|0x00000000e9200000, 0x00000000e9200000, 0x00000000e9300000|  0%| F|  |TAMS 0x00000000e9200000, 0x00000000e9200000| Untracked 
| 147|0x00000000e9300000, 0x00000000e9300000, 0x00000000e9400000|  0%| F|  |TAMS 0x00000000e9300000, 0x00000000e9300000| Untracked 
| 148|0x00000000e9400000, 0x00000000e9400000, 0x00000000e9500000|  0%| F|  |TAMS 0x00000000e9400000, 0x00000000e9400000| Untracked 
| 149|0x00000000e9500000, 0x00000000e9500000, 0x00000000e9600000|  0%| F|  |TAMS 0x00000000e9500000, 0x00000000e9500000| Untracked 
| 150|0x00000000e9600000, 0x00000000e9600000, 0x00000000e9700000|  0%| F|  |TAMS 0x00000000e9600000, 0x00000000e9600000| Untracked 
| 151|0x00000000e9700000, 0x00000000e9700000, 0x00000000e9800000|  0%| F|  |TAMS 0x00000000e9700000, 0x00000000e9700000| Untracked 
| 152|0x00000000e9800000, 0x00000000e9800000, 0x00000000e9900000|  0%| F|  |TAMS 0x00000000e9800000, 0x00000000e9800000| Untracked 
| 153|0x00000000e9900000, 0x00000000e9900000, 0x00000000e9a00000|  0%| F|  |TAMS 0x00000000e9900000, 0x00000000e9900000| Untracked 
| 154|0x00000000e9a00000, 0x00000000e9a00000, 0x00000000e9b00000|  0%| F|  |TAMS 0x00000000e9a00000, 0x00000000e9a00000| Untracked 
| 155|0x00000000e9b00000, 0x00000000e9b00000, 0x00000000e9c00000|  0%| F|  |TAMS 0x00000000e9b00000, 0x00000000e9b00000| Untracked 
| 156|0x00000000e9c00000, 0x00000000e9c00000, 0x00000000e9d00000|  0%| F|  |TAMS 0x00000000e9c00000, 0x00000000e9c00000| Untracked 
| 157|0x00000000e9d00000, 0x00000000e9d00000, 0x00000000e9e00000|  0%| F|  |TAMS 0x00000000e9d00000, 0x00000000e9d00000| Untracked 
| 158|0x00000000e9e00000, 0x00000000e9e00000, 0x00000000e9f00000|  0%| F|  |TAMS 0x00000000e9e00000, 0x00000000e9e00000| Untracked 
| 159|0x00000000e9f00000, 0x00000000e9f00000, 0x00000000ea000000|  0%| F|  |TAMS 0x00000000e9f00000, 0x00000000e9f00000| Untracked 
| 160|0x00000000ea000000, 0x00000000ea000000, 0x00000000ea100000|  0%| F|  |TAMS 0x00000000ea000000, 0x00000000ea000000| Untracked 
| 161|0x00000000ea100000, 0x00000000ea100000, 0x00000000ea200000|  0%| F|  |TAMS 0x00000000ea100000, 0x00000000ea100000| Untracked 
| 162|0x00000000ea200000, 0x00000000ea200000, 0x00000000ea300000|  0%| F|  |TAMS 0x00000000ea200000, 0x00000000ea200000| Untracked 
| 163|0x00000000ea300000, 0x00000000ea300000, 0x00000000ea400000|  0%| F|  |TAMS 0x00000000ea300000, 0x00000000ea300000| Untracked 
| 164|0x00000000ea400000, 0x00000000ea400000, 0x00000000ea500000|  0%| F|  |TAMS 0x00000000ea400000, 0x00000000ea400000| Untracked 
| 165|0x00000000ea500000, 0x00000000ea500000, 0x00000000ea600000|  0%| F|  |TAMS 0x00000000ea500000, 0x00000000ea500000| Untracked 
| 166|0x00000000ea600000, 0x00000000ea600000, 0x00000000ea700000|  0%| F|  |TAMS 0x00000000ea600000, 0x00000000ea600000| Untracked 
| 167|0x00000000ea700000, 0x00000000ea700000, 0x00000000ea800000|  0%| F|  |TAMS 0x00000000ea700000, 0x00000000ea700000| Untracked 
| 168|0x00000000ea800000, 0x00000000ea800000, 0x00000000ea900000|  0%| F|  |TAMS 0x00000000ea800000, 0x00000000ea800000| Untracked 
| 169|0x00000000ea900000, 0x00000000ea900000, 0x00000000eaa00000|  0%| F|  |TAMS 0x00000000ea900000, 0x00000000ea900000| Untracked 
| 170|0x00000000eaa00000, 0x00000000eaa00000, 0x00000000eab00000|  0%| F|  |TAMS 0x00000000eaa00000, 0x00000000eaa00000| Untracked 
| 171|0x00000000eab00000, 0x00000000eab00000, 0x00000000eac00000|  0%| F|  |TAMS 0x00000000eab00000, 0x00000000eab00000| Untracked 
| 172|0x00000000eac00000, 0x00000000eac00000, 0x00000000ead00000|  0%| F|  |TAMS 0x00000000eac00000, 0x00000000eac00000| Untracked 
| 173|0x00000000ead00000, 0x00000000ead00000, 0x00000000eae00000|  0%| F|  |TAMS 0x00000000ead00000, 0x00000000ead00000| Untracked 
| 174|0x00000000eae00000, 0x00000000eae00000, 0x00000000eaf00000|  0%| F|  |TAMS 0x00000000eae00000, 0x00000000eae00000| Untracked 
| 175|0x00000000eaf00000, 0x00000000eaf00000, 0x00000000eb000000|  0%| F|  |TAMS 0x00000000eaf00000, 0x00000000eaf00000| Untracked 
| 176|0x00000000eb000000, 0x00000000eb000000, 0x00000000eb100000|  0%| F|  |TAMS 0x00000000eb000000, 0x00000000eb000000| Untracked 
| 177|0x00000000eb100000, 0x00000000eb100000, 0x00000000eb200000|  0%| F|  |TAMS 0x00000000eb100000, 0x00000000eb100000| Untracked 
| 178|0x00000000eb200000, 0x00000000eb200000, 0x00000000eb300000|  0%| F|  |TAMS 0x00000000eb200000, 0x00000000eb200000| Untracked 
| 179|0x00000000eb300000, 0x00000000eb300000, 0x00000000eb400000|  0%| F|  |TAMS 0x00000000eb300000, 0x00000000eb300000| Untracked 
| 180|0x00000000eb400000, 0x00000000eb400000, 0x00000000eb500000|  0%| F|  |TAMS 0x00000000eb400000, 0x00000000eb400000| Untracked 
| 181|0x00000000eb500000, 0x00000000eb500000, 0x00000000eb600000|  0%| F|  |TAMS 0x00000000eb500000, 0x00000000eb500000| Untracked 
| 182|0x00000000eb600000, 0x00000000eb600000, 0x00000000eb700000|  0%| F|  |TAMS 0x00000000eb600000, 0x00000000eb600000| Untracked 
| 183|0x00000000eb700000, 0x00000000eb700000, 0x00000000eb800000|  0%| F|  |TAMS 0x00000000eb700000, 0x00000000eb700000| Untracked 
| 184|0x00000000eb800000, 0x00000000eb800000, 0x00000000eb900000|  0%| F|  |TAMS 0x00000000eb800000, 0x00000000eb800000| Untracked 
| 185|0x00000000eb900000, 0x00000000eb900000, 0x00000000eba00000|  0%| F|  |TAMS 0x00000000eb900000, 0x00000000eb900000| Untracked 
| 186|0x00000000eba00000, 0x00000000eba00000, 0x00000000ebb00000|  0%| F|  |TAMS 0x00000000eba00000, 0x00000000eba00000| Untracked 
| 187|0x00000000ebb00000, 0x00000000ebb00000, 0x00000000ebc00000|  0%| F|  |TAMS 0x00000000ebb00000, 0x00000000ebb00000| Untracked 
| 188|0x00000000ebc00000, 0x00000000ebc00000, 0x00000000ebd00000|  0%| F|  |TAMS 0x00000000ebc00000, 0x00000000ebc00000| Untracked 
| 189|0x00000000ebd00000, 0x00000000ebd00000, 0x00000000ebe00000|  0%| F|  |TAMS 0x00000000ebd00000, 0x00000000ebd00000| Untracked 
| 190|0x00000000ebe00000, 0x00000000ebe00000, 0x00000000ebf00000|  0%| F|  |TAMS 0x00000000ebe00000, 0x00000000ebe00000| Untracked 
| 191|0x00000000ebf00000, 0x00000000ebf00000, 0x00000000ec000000|  0%| F|  |TAMS 0x00000000ebf00000, 0x00000000ebf00000| Untracked 
| 192|0x00000000ec000000, 0x00000000ec000000, 0x00000000ec100000|  0%| F|  |TAMS 0x00000000ec000000, 0x00000000ec000000| Untracked 
| 193|0x00000000ec100000, 0x00000000ec100000, 0x00000000ec200000|  0%| F|  |TAMS 0x00000000ec100000, 0x00000000ec100000| Untracked 
| 194|0x00000000ec200000, 0x00000000ec200000, 0x00000000ec300000|  0%| F|  |TAMS 0x00000000ec200000, 0x00000000ec200000| Untracked 
| 195|0x00000000ec300000, 0x00000000ec300000, 0x00000000ec400000|  0%| F|  |TAMS 0x00000000ec300000, 0x00000000ec300000| Untracked 
| 196|0x00000000ec400000, 0x00000000ec400000, 0x00000000ec500000|  0%| F|  |TAMS 0x00000000ec400000, 0x00000000ec400000| Untracked 
| 197|0x00000000ec500000, 0x00000000ec500000, 0x00000000ec600000|  0%| F|  |TAMS 0x00000000ec500000, 0x00000000ec500000| Untracked 
| 198|0x00000000ec600000, 0x00000000ec600000, 0x00000000ec700000|  0%| F|  |TAMS 0x00000000ec600000, 0x00000000ec600000| Untracked 
| 199|0x00000000ec700000, 0x00000000ec700000, 0x00000000ec800000|  0%| F|  |TAMS 0x00000000ec700000, 0x00000000ec700000| Untracked 
| 200|0x00000000ec800000, 0x00000000ec800000, 0x00000000ec900000|  0%| F|  |TAMS 0x00000000ec800000, 0x00000000ec800000| Untracked 
| 201|0x00000000ec900000, 0x00000000ec900000, 0x00000000eca00000|  0%| F|  |TAMS 0x00000000ec900000, 0x00000000ec900000| Untracked 
| 202|0x00000000eca00000, 0x00000000eca00000, 0x00000000ecb00000|  0%| F|  |TAMS 0x00000000eca00000, 0x00000000eca00000| Untracked 
| 203|0x00000000ecb00000, 0x00000000ecb00000, 0x00000000ecc00000|  0%| F|  |TAMS 0x00000000ecb00000, 0x00000000ecb00000| Untracked 
| 204|0x00000000ecc00000, 0x00000000ecc00000, 0x00000000ecd00000|  0%| F|  |TAMS 0x00000000ecc00000, 0x00000000ecc00000| Untracked 
| 205|0x00000000ecd00000, 0x00000000ecd00000, 0x00000000ece00000|  0%| F|  |TAMS 0x00000000ecd00000, 0x00000000ecd00000| Untracked 
| 206|0x00000000ece00000, 0x00000000ece00000, 0x00000000ecf00000|  0%| F|  |TAMS 0x00000000ece00000, 0x00000000ece00000| Untracked 
| 207|0x00000000ecf00000, 0x00000000ecf00000, 0x00000000ed000000|  0%| F|  |TAMS 0x00000000ecf00000, 0x00000000ecf00000| Untracked 
| 208|0x00000000ed000000, 0x00000000ed000000, 0x00000000ed100000|  0%| F|  |TAMS 0x00000000ed000000, 0x00000000ed000000| Untracked 
| 209|0x00000000ed100000, 0x00000000ed100000, 0x00000000ed200000|  0%| F|  |TAMS 0x00000000ed100000, 0x00000000ed100000| Untracked 
| 210|0x00000000ed200000, 0x00000000ed200000, 0x00000000ed300000|  0%| F|  |TAMS 0x00000000ed200000, 0x00000000ed200000| Untracked 
| 211|0x00000000ed300000, 0x00000000ed300000, 0x00000000ed400000|  0%| F|  |TAMS 0x00000000ed300000, 0x00000000ed300000| Untracked 
| 212|0x00000000ed400000, 0x00000000ed400000, 0x00000000ed500000|  0%| F|  |TAMS 0x00000000ed400000, 0x00000000ed400000| Untracked 
| 213|0x00000000ed500000, 0x00000000ed500000, 0x00000000ed600000|  0%| F|  |TAMS 0x00000000ed500000, 0x00000000ed500000| Untracked 
| 214|0x00000000ed600000, 0x00000000ed600000, 0x00000000ed700000|  0%| F|  |TAMS 0x00000000ed600000, 0x00000000ed600000| Untracked 
| 215|0x00000000ed700000, 0x00000000ed700000, 0x00000000ed800000|  0%| F|  |TAMS 0x00000000ed700000, 0x00000000ed700000| Untracked 
| 216|0x00000000ed800000, 0x00000000ed800000, 0x00000000ed900000|  0%| F|  |TAMS 0x00000000ed800000, 0x00000000ed800000| Untracked 
| 217|0x00000000ed900000, 0x00000000ed900000, 0x00000000eda00000|  0%| F|  |TAMS 0x00000000ed900000, 0x00000000ed900000| Untracked 
| 218|0x00000000eda00000, 0x00000000eda00000, 0x00000000edb00000|  0%| F|  |TAMS 0x00000000eda00000, 0x00000000eda00000| Untracked 
| 219|0x00000000edb00000, 0x00000000edb00000, 0x00000000edc00000|  0%| F|  |TAMS 0x00000000edb00000, 0x00000000edb00000| Untracked 
| 220|0x00000000edc00000, 0x00000000edc00000, 0x00000000edd00000|  0%| F|  |TAMS 0x00000000edc00000, 0x00000000edc00000| Untracked 
| 221|0x00000000edd00000, 0x00000000edd00000, 0x00000000ede00000|  0%| F|  |TAMS 0x00000000edd00000, 0x00000000edd00000| Untracked 
| 222|0x00000000ede00000, 0x00000000ede00000, 0x00000000edf00000|  0%| F|  |TAMS 0x00000000ede00000, 0x00000000ede00000| Untracked 
| 223|0x00000000edf00000, 0x00000000edf00000, 0x00000000ee000000|  0%| F|  |TAMS 0x00000000edf00000, 0x00000000edf00000| Untracked 
| 224|0x00000000ee000000, 0x00000000ee000000, 0x00000000ee100000|  0%| F|  |TAMS 0x00000000ee000000, 0x00000000ee000000| Untracked 
| 225|0x00000000ee100000, 0x00000000ee100000, 0x00000000ee200000|  0%| F|  |TAMS 0x00000000ee100000, 0x00000000ee100000| Untracked 
| 226|0x00000000ee200000, 0x00000000ee200000, 0x00000000ee300000|  0%| F|  |TAMS 0x00000000ee200000, 0x00000000ee200000| Untracked 
| 227|0x00000000ee300000, 0x00000000ee300000, 0x00000000ee400000|  0%| F|  |TAMS 0x00000000ee300000, 0x00000000ee300000| Untracked 
| 228|0x00000000ee400000, 0x00000000ee400000, 0x00000000ee500000|  0%| F|  |TAMS 0x00000000ee400000, 0x00000000ee400000| Untracked 
| 229|0x00000000ee500000, 0x00000000ee500000, 0x00000000ee600000|  0%| F|  |TAMS 0x00000000ee500000, 0x00000000ee500000| Untracked 
| 230|0x00000000ee600000, 0x00000000ee600000, 0x00000000ee700000|  0%| F|  |TAMS 0x00000000ee600000, 0x00000000ee600000| Untracked 
| 231|0x00000000ee700000, 0x00000000ee700000, 0x00000000ee800000|  0%| F|  |TAMS 0x00000000ee700000, 0x00000000ee700000| Untracked 
| 232|0x00000000ee800000, 0x00000000ee800000, 0x00000000ee900000|  0%| F|  |TAMS 0x00000000ee800000, 0x00000000ee800000| Untracked 
| 233|0x00000000ee900000, 0x00000000ee900000, 0x00000000eea00000|  0%| F|  |TAMS 0x00000000ee900000, 0x00000000ee900000| Untracked 
| 234|0x00000000eea00000, 0x00000000eea63968, 0x00000000eeb00000| 38%| E|  |TAMS 0x00000000eea00000, 0x00000000eea00000| Complete 
| 235|0x00000000eeb00000, 0x00000000eec00000, 0x00000000eec00000|100%| E|CS|TAMS 0x00000000eeb00000, 0x00000000eeb00000| Complete 
| 236|0x00000000eec00000, 0x00000000eed00000, 0x00000000eed00000|100%| E|CS|TAMS 0x00000000eec00000, 0x00000000eec00000| Complete 
| 237|0x00000000eed00000, 0x00000000eee00000, 0x00000000eee00000|100%| E|CS|TAMS 0x00000000eed00000, 0x00000000eed00000| Complete 
| 238|0x00000000eee00000, 0x00000000eef00000, 0x00000000eef00000|100%| E|CS|TAMS 0x00000000eee00000, 0x00000000eee00000| Complete 
| 239|0x00000000eef00000, 0x00000000ef000000, 0x00000000ef000000|100%| E|CS|TAMS 0x00000000eef00000, 0x00000000eef00000| Complete 
| 240|0x00000000ef000000, 0x00000000ef100000, 0x00000000ef100000|100%| E|CS|TAMS 0x00000000ef000000, 0x00000000ef000000| Complete 
| 241|0x00000000ef100000, 0x00000000ef200000, 0x00000000ef200000|100%| E|CS|TAMS 0x00000000ef100000, 0x00000000ef100000| Complete 
| 242|0x00000000ef200000, 0x00000000ef300000, 0x00000000ef300000|100%| E|CS|TAMS 0x00000000ef200000, 0x00000000ef200000| Complete 
| 243|0x00000000ef300000, 0x00000000ef400000, 0x00000000ef400000|100%| E|CS|TAMS 0x00000000ef300000, 0x00000000ef300000| Complete 
| 244|0x00000000ef400000, 0x00000000ef500000, 0x00000000ef500000|100%| E|CS|TAMS 0x00000000ef400000, 0x00000000ef400000| Complete 
| 245|0x00000000ef500000, 0x00000000ef600000, 0x00000000ef600000|100%| E|CS|TAMS 0x00000000ef500000, 0x00000000ef500000| Complete 
| 246|0x00000000ef600000, 0x00000000ef700000, 0x00000000ef700000|100%| E|CS|TAMS 0x00000000ef600000, 0x00000000ef600000| Complete 
| 247|0x00000000ef700000, 0x00000000ef800000, 0x00000000ef800000|100%| E|CS|TAMS 0x00000000ef700000, 0x00000000ef700000| Complete 
| 248|0x00000000ef800000, 0x00000000ef900000, 0x00000000ef900000|100%| E|CS|TAMS 0x00000000ef800000, 0x00000000ef800000| Complete 
| 249|0x00000000ef900000, 0x00000000efa00000, 0x00000000efa00000|100%| E|CS|TAMS 0x00000000ef900000, 0x00000000ef900000| Complete 
| 250|0x00000000efa00000, 0x00000000efb00000, 0x00000000efb00000|100%| E|CS|TAMS 0x00000000efa00000, 0x00000000efa00000| Complete 
| 251|0x00000000efb00000, 0x00000000efc00000, 0x00000000efc00000|100%| E|CS|TAMS 0x00000000efb00000, 0x00000000efb00000| Complete 
| 252|0x00000000efc00000, 0x00000000efd00000, 0x00000000efd00000|100%| E|CS|TAMS 0x00000000efc00000, 0x00000000efc00000| Complete 
| 253|0x00000000efd00000, 0x00000000efe00000, 0x00000000efe00000|100%| E|CS|TAMS 0x00000000efd00000, 0x00000000efd00000| Complete 
| 254|0x00000000efe00000, 0x00000000eff00000, 0x00000000eff00000|100%| E|CS|TAMS 0x00000000efe00000, 0x00000000efe00000| Complete 
| 255|0x00000000eff00000, 0x00000000f0000000, 0x00000000f0000000|100%| E|CS|TAMS 0x00000000eff00000, 0x00000000eff00000| Complete 

Card table byte_map: [0x00000162f9dc0000,0x00000162f9ec0000] _byte_map_base: 0x00000162f96c0000

Marking Bits (Prev, Next): (CMBitMap*) 0x00000162f9d025d0, (CMBitMap*) 0x00000162f9d02610
 Prev Bits: [0x00000162f9fc0000, 0x00000162fa7c0000)
 Next Bits: [0x00000162fa7c0000, 0x00000162fafc0000)

Polling page: 0x00000162f7c20000

Metaspace:

Usage:
  Non-class:     45.80 MB used.
      Class:      7.26 MB used.
       Both:     53.06 MB used.

Virtual space:
  Non-class space:       48.00 MB reserved,      46.13 MB ( 96%) committed,  6 nodes.
      Class space:      208.00 MB reserved,       7.50 MB (  4%) committed,  1 nodes.
              Both:      256.00 MB reserved,      53.63 MB ( 21%) committed. 

Chunk freelists:
   Non-Class:  1.09 MB
       Class:  336.00 KB
        Both:  1.42 MB

MaxMetaspaceSize: 256.00 MB
CompressedClassSpaceSize: 208.00 MB
 - commit_granule_bytes: 65536.
 - commit_granule_words: 8192.
 - virtual_space_node_default_size: 1048576.
 - enlarge_chunks_in_place: 1.
 - new_chunks_are_fully_committed: 0.
 - uncommit_free_chunks: 1.
 - use_allocation_guard: 0.
 - handle_deallocations: 1.


Internal statistics:

num_allocs_failed_limit: 6.
num_arena_births: 562.
num_arena_deaths: 0.
num_vsnodes_births: 7.
num_vsnodes_deaths: 0.
num_space_committed: 858.
num_space_uncommitted: 0.
num_chunks_returned_to_freelist: 6.
num_chunks_taken_from_freelist: 2663.
num_chunk_merges: 6.
num_chunk_splits: 1772.
num_chunks_enlarged: 1204.
num_purges: 0.

CodeHeap 'non-profiled nmethods': size=120000Kb used=2620Kb max_used=2620Kb free=117379Kb
 bounds [0x00000162903c0000, 0x0000016290650000, 0x00000162978f0000]
CodeHeap 'profiled nmethods': size=120000Kb used=11492Kb max_used=11492Kb free=108507Kb
 bounds [0x0000016288e90000, 0x00000162899d0000, 0x00000162903c0000]
CodeHeap 'non-nmethods': size=5760Kb used=2341Kb max_used=2372Kb free=3418Kb
 bounds [0x00000162888f0000, 0x0000016288b60000, 0x0000016288e90000]
 total_blobs=6485 nmethods=5630 adapters=766
 compilation: enabled
              stopped_count=0, restarted_count=0
 full_count=0

Compilation events (20 events):
Event: 13.224 Thread 0x00000162fd585280 5673       3       com.sun.tools.javac.util.JCDiagnostic$DiagnosticInfo::of (108 bytes)
Event: 13.225 Thread 0x00000162fd585280 nmethod 5673 0x00000162899c0790 code [0x00000162899c0a60, 0x00000162899c1738]
Event: 13.225 Thread 0x00000162fd585280 5671       3       com.sun.tools.javac.code.Types$MembersClosureCache::visitClassType (10 bytes)
Event: 13.225 Thread 0x00000162fd585280 nmethod 5671 0x00000162899c1c10 code [0x00000162899c1dc0, 0x00000162899c2068]
Event: 13.226 Thread 0x00000162fd585280 5675       1       sun.nio.fs.WindowsException::lastError (5 bytes)
Event: 13.226 Thread 0x00000162fd585280 nmethod 5675 0x000001629064da10 code [0x000001629064dba0, 0x000001629064dc78]
Event: 13.231 Thread 0x00000162fd585280 5676       3       com.sun.tools.javac.code.Symbol::erasure (24 bytes)
Event: 13.232 Thread 0x00000162fd585280 nmethod 5676 0x00000162899c2190 code [0x00000162899c23a0, 0x00000162899c2c48]
Event: 13.232 Thread 0x00000162fd585280 5678       3       java.net.URI$Parser::scan (76 bytes)
Event: 13.233 Thread 0x00000162fd585280 nmethod 5678 0x00000162899c2f10 code [0x00000162899c3140, 0x00000162899c3a38]
Event: 13.233 Thread 0x00000162fd585280 5677       3       com.sun.tools.javac.util.ByteBuffer::appendChar (63 bytes)
Event: 13.233 Thread 0x00000162fd585280 nmethod 5677 0x00000162899c3e10 code [0x00000162899c3fc0, 0x00000162899c41e8]
Event: 13.233 Thread 0x00000162fd585280 5679       3       java.util.concurrent.ConcurrentHashMap$ValuesView::iterator (34 bytes)
Event: 13.233 Thread 0x00000162fd585280 nmethod 5679 0x00000162899c4310 code [0x00000162899c44c0, 0x00000162899c46e8]
Event: 13.247 Thread 0x00000162fd585280 5680       3       sun.nio.cs.StreamEncoder::ensureOpen (18 bytes)
Event: 13.247 Thread 0x00000162fd585280 nmethod 5680 0x00000162899c4810 code [0x00000162899c49c0, 0x00000162899c4be8]
Event: 13.261 Thread 0x00000162fd585280 5682       1       com.google.common.cache.LocalCache$StrongAccessEntry::getNextInAccessQueue (5 bytes)
Event: 13.261 Thread 0x00000162fd585280 nmethod 5682 0x000001629064e010 code [0x000001629064e1a0, 0x000001629064e278]
Event: 13.262 Thread 0x00000162fd585280 5683       1       java.lang.ThreadLocal::initialValue (2 bytes)
Event: 13.262 Thread 0x00000162fd585280 nmethod 5683 0x000001629064e310 code [0x000001629064e4a0, 0x000001629064e578]

GC Heap History (12 events):
Event: 1.794 GC heap before
{Heap before GC invocations=0 (full 0):
 garbage-first heap   total 262144K, used 15360K [0x00000000e0000000, 0x0000000100000000)
  region size 1024K, 13 young (13312K), 0 survivors (0K)
 Metaspace       used 1086K, committed 1216K, reserved 221184K
  class space    used 74K, committed 128K, reserved 212992K
}
Event: 1.798 GC heap after
{Heap after GC invocations=1 (full 0):
 garbage-first heap   total 262144K, used 3518K [0x00000000e0000000, 0x0000000100000000)
  region size 1024K, 2 young (2048K), 2 survivors (2048K)
 Metaspace       used 1086K, committed 1216K, reserved 221184K
  class space    used 74K, committed 128K, reserved 212992K
}
Event: 2.399 GC heap before
{Heap before GC invocations=1 (full 0):
 garbage-first heap   total 262144K, used 20926K [0x00000000e0000000, 0x0000000100000000)
  region size 1024K, 17 young (17408K), 2 survivors (2048K)
 Metaspace       used 3635K, committed 3840K, reserved 221184K
  class space    used 427K, committed 512K, reserved 212992K
}
Event: 2.404 GC heap after
{Heap after GC invocations=2 (full 0):
 garbage-first heap   total 262144K, used 9437K [0x00000000e0000000, 0x0000000100000000)
  region size 1024K, 3 young (3072K), 3 survivors (3072K)
 Metaspace       used 3635K, committed 3840K, reserved 221184K
  class space    used 427K, committed 512K, reserved 212992K
}
Event: 3.006 GC heap before
{Heap before GC invocations=2 (full 0):
 garbage-first heap   total 262144K, used 30941K [0x00000000e0000000, 0x0000000100000000)
  region size 1024K, 24 young (24576K), 3 survivors (3072K)
 Metaspace       used 4226K, committed 4416K, reserved 221184K
  class space    used 488K, committed 576K, reserved 212992K
}
Event: 3.009 GC heap after
{Heap after GC invocations=3 (full 0):
 garbage-first heap   total 262144K, used 10046K [0x00000000e0000000, 0x0000000100000000)
  region size 1024K, 1 young (1024K), 1 survivors (1024K)
 Metaspace       used 4226K, committed 4416K, reserved 221184K
  class space    used 488K, committed 576K, reserved 212992K
}
Event: 6.777 GC heap before
{Heap before GC invocations=3 (full 0):
 garbage-first heap   total 262144K, used 117566K [0x00000000e0000000, 0x0000000100000000)
  region size 1024K, 107 young (109568K), 1 survivors (1024K)
 Metaspace       used 20943K, committed 21248K, reserved 237568K
  class space    used 3027K, committed 3200K, reserved 212992K
}
Event: 6.801 GC heap after
{Heap after GC invocations=4 (full 0):
 garbage-first heap   total 262144K, used 20231K [0x00000000e0000000, 0x0000000100000000)
  region size 1024K, 11 young (11264K), 11 survivors (11264K)
 Metaspace       used 20943K, committed 21248K, reserved 237568K
  class space    used 3027K, committed 3200K, reserved 212992K
}
Event: 9.257 GC heap before
{Heap before GC invocations=5 (full 0):
 garbage-first heap   total 262144K, used 126727K [0x00000000e0000000, 0x0000000100000000)
  region size 1024K, 113 young (115712K), 11 survivors (11264K)
 Metaspace       used 35141K, committed 35520K, reserved 245760K
  class space    used 4772K, committed 4992K, reserved 212992K
}
Event: 9.280 GC heap after
{Heap after GC invocations=6 (full 0):
 garbage-first heap   total 262144K, used 29526K [0x00000000e0000000, 0x0000000100000000)
  region size 1024K, 10 young (10240K), 10 survivors (10240K)
 Metaspace       used 35141K, committed 35520K, reserved 245760K
  class space    used 4772K, committed 4992K, reserved 212992K
}
Event: 12.082 GC heap before
{Heap before GC invocations=7 (full 0):
 garbage-first heap   total 262144K, used 143190K [0x00000000e0000000, 0x0000000100000000)
  region size 1024K, 120 young (122880K), 10 survivors (10240K)
 Metaspace       used 46162K, committed 46656K, reserved 253952K
  class space    used 6423K, committed 6656K, reserved 212992K
}
Event: 12.107 GC heap after
{Heap after GC invocations=8 (full 0):
 garbage-first heap   total 262144K, used 38965K [0x00000000e0000000, 0x0000000100000000)
  region size 1024K, 10 young (10240K), 10 survivors (10240K)
 Metaspace       used 46162K, committed 46656K, reserved 253952K
  class space    used 6423K, committed 6656K, reserved 212992K
}

Deoptimization events (20 events):
Event: 13.038 Thread 0x00000162ff40a6b0 Uncommon trap: trap_request=0xffffff45 fr.pc=0x000001629063d59c relative=0x00000000000001fc
Event: 13.038 Thread 0x00000162ff40a6b0 Uncommon trap: reason=unstable_if action=reinterpret pc=0x000001629063d59c method=com.sun.tools.javac.util.Name$Table.equals([BI[BII)Z @ 22 c2
Event: 13.038 Thread 0x00000162ff40a6b0 DEOPT PACKING pc=0x000001629063d59c sp=0x0000004f3eaf8310
Event: 13.038 Thread 0x00000162ff40a6b0 DEOPT UNPACKING pc=0x000001628893d72e sp=0x0000004f3eaf8288 mode 2
Event: 13.051 Thread 0x00000162ff40a6b0 Uncommon trap: trap_request=0xffffff45 fr.pc=0x00000162903db35c relative=0x00000000000003bc
Event: 13.051 Thread 0x00000162ff40a6b0 Uncommon trap: reason=unstable_if action=reinterpret pc=0x00000162903db35c method=java.lang.StringUTF16.compress([CII)[B @ 13 c2
Event: 13.051 Thread 0x00000162ff40a6b0 DEOPT PACKING pc=0x00000162903db35c sp=0x0000004f3eaf8720
Event: 13.051 Thread 0x00000162ff40a6b0 DEOPT UNPACKING pc=0x000001628893d72e sp=0x0000004f3eaf8660 mode 2
Event: 13.051 Thread 0x00000162ff40a6b0 Uncommon trap: trap_request=0xffffff45 fr.pc=0x00000162903db898 relative=0x00000000000001f8
Event: 13.051 Thread 0x00000162ff40a6b0 Uncommon trap: reason=unstable_if action=reinterpret pc=0x00000162903db898 method=java.lang.StringUTF16.compress([CII)[B @ 13 c2
Event: 13.051 Thread 0x00000162ff40a6b0 DEOPT PACKING pc=0x00000162903db898 sp=0x0000004f3eaf86b0
Event: 13.051 Thread 0x00000162ff40a6b0 DEOPT UNPACKING pc=0x000001628893d72e sp=0x0000004f3eaf8650 mode 2
Event: 13.224 Thread 0x00000162ff40a6b0 Uncommon trap: trap_request=0xffffff3d fr.pc=0x00000162906452b0 relative=0x0000000000000210
Event: 13.224 Thread 0x00000162ff40a6b0 Uncommon trap: reason=unstable_fused_if action=reinterpret pc=0x00000162906452b0 method=com.sun.tools.javac.util.Convert.chars2utf([CI[BII)I @ 28 c2
Event: 13.224 Thread 0x00000162ff40a6b0 DEOPT PACKING pc=0x00000162906452b0 sp=0x0000004f3eaf8e60
Event: 13.224 Thread 0x00000162ff40a6b0 DEOPT UNPACKING pc=0x000001628893d72e sp=0x0000004f3eaf8dc0 mode 2
Event: 13.244 Thread 0x00000162ff40a6b0 Uncommon trap: trap_request=0xffffffc6 fr.pc=0x000001629063ce60 relative=0x00000000000001a0
Event: 13.244 Thread 0x00000162ff40a6b0 Uncommon trap: reason=bimorphic_or_optimized_type_check action=maybe_recompile pc=0x000001629063ce60 method=java.util.ArrayList$ArrayListSpliterator.tryAdvance(Ljava/util/function/Consumer;)Z @ 48 c2
Event: 13.244 Thread 0x00000162ff40a6b0 DEOPT PACKING pc=0x000001629063ce60 sp=0x0000004f3eaf9460
Event: 13.244 Thread 0x00000162ff40a6b0 DEOPT UNPACKING pc=0x000001628893d72e sp=0x0000004f3eaf93e0 mode 2

Classes unloaded (0 events):
No events

Classes redefined (0 events):
No events

Internal exceptions (20 events):
Event: 13.089 Thread 0x00000162ff40a6b0 Exception <a 'sun/nio/fs/WindowsException'{0x00000000ef0f1b50}> (0x00000000ef0f1b50) 
thrown [c:\wsjdk\correttojdksrc\installers\windows\zip\corretto-build\buildroot\src\hotspot\share\prims\jni.cpp, line 579]
Event: 13.089 Thread 0x00000162ff40a6b0 Exception <a 'sun/nio/fs/WindowsException'{0x00000000ef0f1f00}> (0x00000000ef0f1f00) 
thrown [c:\wsjdk\correttojdksrc\installers\windows\zip\corretto-build\buildroot\src\hotspot\share\prims\jni.cpp, line 579]
Event: 13.103 Thread 0x00000162ff40a6b0 Exception <a 'sun/nio/fs/WindowsException'{0x00000000eef76d98}> (0x00000000eef76d98) 
thrown [c:\wsjdk\correttojdksrc\installers\windows\zip\corretto-build\buildroot\src\hotspot\share\prims\jni.cpp, line 579]
Event: 13.103 Thread 0x00000162ff40a6b0 Exception <a 'sun/nio/fs/WindowsException'{0x00000000eef770f8}> (0x00000000eef770f8) 
thrown [c:\wsjdk\correttojdksrc\installers\windows\zip\corretto-build\buildroot\src\hotspot\share\prims\jni.cpp, line 579]
Event: 13.117 Thread 0x00000162ff40a6b0 Exception <a 'sun/nio/fs/WindowsException'{0x00000000eefe54c8}> (0x00000000eefe54c8) 
thrown [c:\wsjdk\correttojdksrc\installers\windows\zip\corretto-build\buildroot\src\hotspot\share\prims\jni.cpp, line 579]
Event: 13.117 Thread 0x00000162ff40a6b0 Exception <a 'sun/nio/fs/WindowsException'{0x00000000eefe5868}> (0x00000000eefe5868) 
thrown [c:\wsjdk\correttojdksrc\installers\windows\zip\corretto-build\buildroot\src\hotspot\share\prims\jni.cpp, line 579]
Event: 13.120 Thread 0x00000162ff40a6b0 Exception <a 'sun/nio/fs/WindowsException'{0x00000000eee1c548}> (0x00000000eee1c548) 
thrown [c:\wsjdk\correttojdksrc\installers\windows\zip\corretto-build\buildroot\src\hotspot\share\prims\jni.cpp, line 579]
Event: 13.120 Thread 0x00000162ff40a6b0 Exception <a 'sun/nio/fs/WindowsException'{0x00000000eee1c8d0}> (0x00000000eee1c8d0) 
thrown [c:\wsjdk\correttojdksrc\installers\windows\zip\corretto-build\buildroot\src\hotspot\share\prims\jni.cpp, line 579]
Event: 13.144 Thread 0x00000162ff40a6b0 Exception <a 'sun/nio/fs/WindowsException'{0x00000000eed11b20}> (0x00000000eed11b20) 
thrown [c:\wsjdk\correttojdksrc\installers\windows\zip\corretto-build\buildroot\src\hotspot\share\prims\jni.cpp, line 579]
Event: 13.144 Thread 0x00000162ff40a6b0 Exception <a 'sun/nio/fs/WindowsException'{0x00000000eed11ec8}> (0x00000000eed11ec8) 
thrown [c:\wsjdk\correttojdksrc\installers\windows\zip\corretto-build\buildroot\src\hotspot\share\prims\jni.cpp, line 579]
Event: 13.225 Thread 0x00000162ff40a6b0 Exception <a 'sun/nio/fs/WindowsException'{0x00000000eeca68c0}> (0x00000000eeca68c0) 
thrown [c:\wsjdk\correttojdksrc\installers\windows\zip\corretto-build\buildroot\src\hotspot\share\prims\jni.cpp, line 579]
Event: 13.225 Thread 0x00000162ff40a6b0 Exception <a 'sun/nio/fs/WindowsException'{0x00000000eeca7b00}> (0x00000000eeca7b00) 
thrown [c:\wsjdk\correttojdksrc\installers\windows\zip\corretto-build\buildroot\src\hotspot\share\prims\jni.cpp, line 579]
Event: 13.225 Thread 0x00000162ff40a6b0 Exception <a 'sun/nio/fs/WindowsException'{0x00000000eeca8d08}> (0x00000000eeca8d08) 
thrown [c:\wsjdk\correttojdksrc\installers\windows\zip\corretto-build\buildroot\src\hotspot\share\prims\jni.cpp, line 579]
Event: 13.225 Thread 0x00000162ff40a6b0 Exception <a 'sun/nio/fs/WindowsException'{0x00000000eeca9f00}> (0x00000000eeca9f00) 
thrown [c:\wsjdk\correttojdksrc\installers\windows\zip\corretto-build\buildroot\src\hotspot\share\prims\jni.cpp, line 579]
Event: 13.225 Thread 0x00000162ff40a6b0 Exception <a 'sun/nio/fs/WindowsException'{0x00000000eecaa258}> (0x00000000eecaa258) 
thrown [c:\wsjdk\correttojdksrc\installers\windows\zip\corretto-build\buildroot\src\hotspot\share\prims\jni.cpp, line 579]
Event: 13.225 Thread 0x00000162ff40a6b0 Exception <a 'sun/nio/fs/WindowsException'{0x00000000eecac460}> (0x00000000eecac460) 
thrown [c:\wsjdk\correttojdksrc\installers\windows\zip\corretto-build\buildroot\src\hotspot\share\prims\jni.cpp, line 579]
Event: 13.225 Thread 0x00000162ff40a6b0 Exception <a 'sun/nio/fs/WindowsException'{0x00000000eecac7a8}> (0x00000000eecac7a8) 
thrown [c:\wsjdk\correttojdksrc\installers\windows\zip\corretto-build\buildroot\src\hotspot\share\prims\jni.cpp, line 579]
Event: 13.226 Thread 0x00000162ff40a6b0 Exception <a 'sun/nio/fs/WindowsException'{0x00000000eecae9b0}> (0x00000000eecae9b0) 
thrown [c:\wsjdk\correttojdksrc\installers\windows\zip\corretto-build\buildroot\src\hotspot\share\prims\jni.cpp, line 579]
Event: 13.251 Thread 0x00000162ff40a6b0 Exception <a 'java/lang/NoSuchMethodError'{0x00000000eecddd98}: 'int java.lang.invoke.DirectMethodHandle$Holder.invokeStatic(java.lang.Object)'> (0x00000000eecddd98) 
thrown [c:\wsjdk\correttojdksrc\installers\windows\zip\corretto-build\buildroot\src\hotspot\share\interpreter\linkResolver.cpp, line 790]
Event: 13.251 Thread 0x00000162ff40a6b0 Exception <a 'java/lang/NoSuchMethodError'{0x00000000eece1e38}: 'int java.lang.invoke.DirectMethodHandle$Holder.invokeStaticInit(java.lang.Object)'> (0x00000000eece1e38) 
thrown [c:\wsjdk\correttojdksrc\installers\windows\zip\corretto-build\buildroot\src\hotspot\share\interpreter\linkResolver.cpp, line 790]

Events (20 events):
Event: 12.919 loading class jdk/internal/jimage/ImageReader$LinkNode
Event: 12.919 loading class jdk/internal/jimage/ImageReader$LinkNode done
Event: 12.920 Executing  VM operation: HandshakeAllThreads
Event: 12.920 Executing  VM operation: HandshakeAllThreads done
Event: 13.109 Executing  VM operation: ICBufferFull
Event: 13.109 Executing  VM operation: ICBufferFull done
Event: 13.181 loading class java/text/BreakIterator
Event: 13.181 loading class java/text/BreakIterator done
Event: 13.203 loading class java/util/function/ToIntBiFunction
Event: 13.204 loading class java/util/function/ToIntBiFunction done
Event: 13.226 loading class java/nio/file/Path$1
Event: 13.226 loading class java/nio/file/Path$1 done
Event: 13.228 loading class java/nio/channels/Channels$1
Event: 13.229 loading class java/nio/channels/Channels$1 done
Event: 13.245 loading class java/util/EnumMap$Values
Event: 13.246 loading class java/util/EnumMap$Values done
Event: 13.246 loading class java/util/EnumMap$ValueIterator
Event: 13.246 loading class java/util/EnumMap$EnumMapIterator
Event: 13.247 loading class java/util/EnumMap$EnumMapIterator done
Event: 13.247 loading class java/util/EnumMap$ValueIterator done


Dynamic libraries:
0x00007ff782270000 - 0x00007ff78227d000 	C:\Users\flori\.jdks\corretto-16.0.2\bin\java.exe
0x00007ffdc2e60000 - 0x00007ffdc3069000 	C:\WINDOWS\SYSTEM32\ntdll.dll
0x00007ffdc1980000 - 0x00007ffdc1a3d000 	C:\WINDOWS\System32\KERNEL32.DLL
0x00007ffdc0800000 - 0x00007ffdc0b7c000 	C:\WINDOWS\System32\KERNELBASE.dll
0x00007ffdc0340000 - 0x00007ffdc0451000 	C:\WINDOWS\System32\ucrtbase.dll
0x00007ffda8600000 - 0x00007ffda8618000 	C:\Users\flori\.jdks\corretto-16.0.2\bin\jli.dll
0x00007ffdc13d0000 - 0x00007ffdc157d000 	C:\WINDOWS\System32\USER32.dll
0x00007ffdc07d0000 - 0x00007ffdc07f6000 	C:\WINDOWS\System32\win32u.dll
0x00007ffdc2b70000 - 0x00007ffdc2b99000 	C:\WINDOWS\System32\GDI32.dll
0x00007ffdc0460000 - 0x00007ffdc0579000 	C:\WINDOWS\System32\gdi32full.dll
0x00007ffdc0580000 - 0x00007ffdc061d000 	C:\WINDOWS\System32\msvcp_win.dll
0x00007ffda9a50000 - 0x00007ffda9cf5000 	C:\WINDOWS\WinSxS\amd64_microsoft.windows.common-controls_6595b64144ccf1df_6.0.22000.120_none_9d947278b86cc467\COMCTL32.dll
0x00007ffdc1a40000 - 0x00007ffdc1ae3000 	C:\WINDOWS\System32\msvcrt.dll
0x00007ffda95f0000 - 0x00007ffda9605000 	C:\Users\flori\.jdks\corretto-16.0.2\bin\VCRUNTIME140.dll
0x00007ffdc2de0000 - 0x00007ffdc2e11000 	C:\WINDOWS\System32\IMM32.DLL
0x00007ffd85f70000 - 0x00007ffd8600b000 	C:\Users\flori\.jdks\corretto-16.0.2\bin\msvcp140.dll
0x00007ffd48a00000 - 0x00007ffd49609000 	C:\Users\flori\.jdks\corretto-16.0.2\bin\server\jvm.dll
0x00007ffdc1320000 - 0x00007ffdc13ce000 	C:\WINDOWS\System32\ADVAPI32.dll
0x00007ffdc23d0000 - 0x00007ffdc246e000 	C:\WINDOWS\System32\sechost.dll
0x00007ffdc1090000 - 0x00007ffdc11b0000 	C:\WINDOWS\System32\RPCRT4.dll
0x00007ffdc0f60000 - 0x00007ffdc0f68000 	C:\WINDOWS\System32\PSAPI.DLL
0x00007ffd36ac0000 - 0x00007ffd36ac9000 	C:\WINDOWS\SYSTEM32\WSOCK32.dll
0x00007ffdc2b00000 - 0x00007ffdc2b6f000 	C:\WINDOWS\System32\WS2_32.dll
0x00007ffdba450000 - 0x00007ffdba483000 	C:\WINDOWS\SYSTEM32\WINMM.dll
0x00007ffdb7140000 - 0x00007ffdb714a000 	C:\WINDOWS\SYSTEM32\VERSION.dll
0x00007ffdbf430000 - 0x00007ffdbf448000 	C:\WINDOWS\SYSTEM32\kernel.appcore.dll
0x00007ffdb5cd0000 - 0x00007ffdb5cda000 	C:\Users\flori\.jdks\corretto-16.0.2\bin\jimage.dll
0x00007ffdab880000 - 0x00007ffdabaa1000 	C:\WINDOWS\SYSTEM32\DBGHELP.DLL
0x00007ffda50b0000 - 0x00007ffda50e1000 	C:\WINDOWS\SYSTEM32\dbgcore.DLL
0x00007ffdc0690000 - 0x00007ffdc070f000 	C:\WINDOWS\System32\bcryptPrimitives.dll
0x00007ffda09f0000 - 0x00007ffda0a15000 	C:\Users\flori\.jdks\corretto-16.0.2\bin\java.dll
0x00007ffdc1b90000 - 0x00007ffdc2348000 	C:\WINDOWS\System32\SHELL32.dll
0x00007ffdbe4a0000 - 0x00007ffdbed08000 	C:\WINDOWS\SYSTEM32\windows.storage.dll
0x00007ffdc1600000 - 0x00007ffdc1979000 	C:\WINDOWS\System32\combase.dll
0x00007ffdbe330000 - 0x00007ffdbe496000 	C:\WINDOWS\SYSTEM32\wintypes.dll
0x00007ffdc11b0000 - 0x00007ffdc129a000 	C:\WINDOWS\System32\SHCORE.dll
0x00007ffdc2370000 - 0x00007ffdc23cd000 	C:\WINDOWS\System32\shlwapi.dll
0x00007ffdc0270000 - 0x00007ffdc0291000 	C:\WINDOWS\SYSTEM32\profapi.dll
0x00007ffda7f50000 - 0x00007ffda7f69000 	C:\Users\flori\.jdks\corretto-16.0.2\bin\net.dll
0x00007ffdb8880000 - 0x00007ffdb898c000 	C:\WINDOWS\SYSTEM32\WINHTTP.dll
0x00007ffdbf860000 - 0x00007ffdbf8c7000 	C:\WINDOWS\system32\mswsock.dll
0x00007ffda73b0000 - 0x00007ffda73c3000 	C:\Users\flori\.jdks\corretto-16.0.2\bin\nio.dll
0x00007ffda5f60000 - 0x00007ffda5f78000 	C:\Users\flori\.jdks\corretto-16.0.2\bin\zip.dll
0x00007ffdb58e0000 - 0x00007ffdb58f0000 	C:\Users\flori\.jdks\corretto-16.0.2\bin\verify.dll
0x00007ffda8cd0000 - 0x00007ffda8cf7000 	C:\Users\flori\.gradle\native\e1d6ef7f7dcc3fd88c89a11ec53ec762bb8ba0a96d01ffa2cd45eb1d1d8dd5c5\windows-amd64\native-platform.dll
0x00007ffd85470000 - 0x00007ffd855b4000 	C:\Users\flori\.gradle\native\0d407fdbe67a94daf76414ababcb853783967236a71b16ec16e742cd7a986fd3\windows-amd64\native-platform-file-events.dll
0x00007ffdb4c40000 - 0x00007ffdb4c49000 	C:\Users\flori\.jdks\corretto-16.0.2\bin\management.dll
0x00007ffdb4b10000 - 0x00007ffdb4b1b000 	C:\Users\flori\.jdks\corretto-16.0.2\bin\management_ext.dll
0x00007ffdbfaa0000 - 0x00007ffdbfab8000 	C:\WINDOWS\SYSTEM32\CRYPTSP.dll
0x00007ffdbf390000 - 0x00007ffdbf3c5000 	C:\WINDOWS\system32\rsaenh.dll
0x00007ffdbf950000 - 0x00007ffdbf979000 	C:\WINDOWS\SYSTEM32\USERENV.dll
0x00007ffdbfc30000 - 0x00007ffdbfc57000 	C:\WINDOWS\SYSTEM32\bcrypt.dll
0x00007ffdbfac0000 - 0x00007ffdbfacc000 	C:\WINDOWS\SYSTEM32\CRYPTBASE.dll
0x00007ffdbef60000 - 0x00007ffdbef8d000 	C:\WINDOWS\SYSTEM32\IPHLPAPI.DLL
0x00007ffdc1af0000 - 0x00007ffdc1af9000 	C:\WINDOWS\System32\NSI.dll
0x00007ffdb93f0000 - 0x00007ffdb9409000 	C:\WINDOWS\SYSTEM32\dhcpcsvc6.DLL
0x00007ffdb99f0000 - 0x00007ffdb9a0e000 	C:\WINDOWS\SYSTEM32\dhcpcsvc.DLL
0x00007ffdbefd0000 - 0x00007ffdbf0b8000 	C:\WINDOWS\SYSTEM32\DNSAPI.dll
0x00007ffdae700000 - 0x00007ffdae70e000 	C:\Users\flori\.jdks\corretto-16.0.2\bin\sunmscapi.dll
0x00007ffdc0b80000 - 0x00007ffdc0ce2000 	C:\WINDOWS\System32\CRYPT32.dll
0x00007ffdbfc00000 - 0x00007ffdbfc28000 	C:\WINDOWS\SYSTEM32\ncrypt.dll
0x00007ffdbfbc0000 - 0x00007ffdbfbf7000 	C:\WINDOWS\SYSTEM32\NTASN1.dll
0x00007ffdb5d70000 - 0x00007ffdb5d78000 	C:\WINDOWS\system32\wshunix.dll

dbghelp: loaded successfully - version: 4.0.5 - missing functions: none
symbol engine: initialized successfully - sym options: 0x614 - pdb path: .;C:\Users\flori\.jdks\corretto-16.0.2\bin;C:\WINDOWS\SYSTEM32;C:\WINDOWS\WinSxS\amd64_microsoft.windows.common-controls_6595b64144ccf1df_6.0.22000.120_none_9d947278b86cc467;C:\Users\flori\.jdks\corretto-16.0.2\bin\server;C:\Users\flori\.gradle\native\e1d6ef7f7dcc3fd88c89a11ec53ec762bb8ba0a96d01ffa2cd45eb1d1d8dd5c5\windows-amd64;C:\Users\flori\.gradle\native\0d407fdbe67a94daf76414ababcb853783967236a71b16ec16e742cd7a986fd3\windows-amd64

VM Arguments:
jvm_args: --add-opens=java.base/java.util=ALL-UNNAMED --add-opens=java.base/java.lang=ALL-UNNAMED --add-opens=java.base/java.lang.invoke=ALL-UNNAMED --add-opens=java.base/java.util=ALL-UNNAMED --add-opens=java.prefs/java.util.prefs=ALL-UNNAMED --add-opens=java.prefs/java.util.prefs=ALL-UNNAMED --add-opens=java.base/java.nio.charset=ALL-UNNAMED --add-opens=java.base/java.net=ALL-UNNAMED --add-opens=java.base/java.util.concurrent.atomic=ALL-UNNAMED -XX:MaxMetaspaceSize=256m -XX:+HeapDumpOnOutOfMemoryError -Xms256m -Xmx512m -Dfile.encoding=windows-1252 -Duser.country=DE -Duser.language=de -Duser.variant 
java_command: org.gradle.launcher.daemon.bootstrap.GradleDaemon 7.5.1
java_class_path (initial): C:\Users\flori\.gradle\wrapper\dists\gradle-7.5.1-bin\7jzzequgds1hbszbhq3npc5ng\gradle-7.5.1\lib\gradle-launcher-7.5.1.jar
Launcher Type: SUN_STANDARD

[Global flags]
     intx CICompilerCount                          = 3                                         {product} {ergonomic}
   size_t CompressedClassSpaceSize                 = 218103808                                 {product} {ergonomic}
     uint ConcGCThreads                            = 1                                         {product} {ergonomic}
     uint G1ConcRefinementThreads                  = 4                                         {product} {ergonomic}
   size_t G1HeapRegionSize                         = 1048576                                   {product} {ergonomic}
    uintx GCDrainStackTargetSize                   = 64                                        {product} {ergonomic}
     bool HeapDumpOnOutOfMemoryError               = true                                   {manageable} {command line}
   size_t InitialHeapSize                          = 268435456                                 {product} {command line}
   size_t MarkStackSize                            = 4194304                                   {product} {ergonomic}
   size_t MaxHeapSize                              = 536870912                                 {product} {command line}
   size_t MaxMetaspaceSize                         = 268435456                                 {product} {command line}
   size_t MaxNewSize                               = 321912832                                 {product} {ergonomic}
   size_t MinHeapDeltaBytes                        = 1048576                                   {product} {ergonomic}
   size_t MinHeapSize                              = 268435456                                 {product} {command line}
    uintx NonNMethodCodeHeapSize                   = 5832780                                {pd product} {ergonomic}
    uintx NonProfiledCodeHeapSize                  = 122912730                              {pd product} {ergonomic}
    uintx ProfiledCodeHeapSize                     = 122912730                              {pd product} {ergonomic}
    uintx ReservedCodeCacheSize                    = 251658240                              {pd product} {ergonomic}
     bool SegmentedCodeCache                       = true                                      {product} {ergonomic}
   size_t SoftMaxHeapSize                          = 536870912                              {manageable} {ergonomic}
     bool UseCompressedClassPointers               = true                           {product lp64_product} {ergonomic}
     bool UseCompressedOops                        = true                           {product lp64_product} {ergonomic}
     bool UseG1GC                                  = true                                      {product} {ergonomic}
     bool UseLargePagesIndividualAllocation        = false                                  {pd product} {ergonomic}

Logging:
Log output configuration:
 #0: stdout all=warning uptime,level,tags
 #1: stderr all=off uptime,level,tags

Environment Variables:
PATH=C:\WINDOWS\system32;C:\WINDOWS;C:\WINDOWS\System32\Wbem;C:\WINDOWS\System32\WindowsPowerShell\v1.0\;C:\WINDOWS\System32\OpenSSH\;C:\Program Files\Microsoft SQL Server\120\Tools\Binn\;C:\Users\flori\AppData\Local\Microsoft\WindowsApps;%DASHLANE_DLL_DIR%;;C:\Users\flori\Downloads\Tina\Neuer Ordner\IntelliJ IDEA Community Edition 2022.2.1\bin;
USERNAME=flori
OS=Windows_NT
PROCESSOR_IDENTIFIER=AMD64 Family 23 Model 24 Stepping 1, AuthenticAMD



---------------  S Y S T E M  ---------------

OS:
 Windows 10 , 64 bit Build 22000 (10.0.22000.708)
OS uptime: 13 days 16:25 hours

CPU: total 4 (initial active 4) (4 cores per cpu, 2 threads per core) family 23 model 24 stepping 1 microcode 0x0, cx8, cmov, fxsr, ht, mmx, 3dnowpref, sse, sse2, sse3, ssse3, sse4a, sse4.1, sse4.2, popcnt, lzcnt, tsc, tscinvbit, avx, avx2, aes, clmul, bmi1, bmi2, adx, sha, fma, vzeroupper, clflush, clflushopt

Memory: 4k page, system-wide physical 6058M (329M free)
TotalPageFile size 24490M (AvailPageFile size 0M)
current process WorkingSet (physical memory assigned to process): 330M, peak: 330M
current process commit charge ("private bytes"): 453M, peak: 454M

vm_info: OpenJDK 64-Bit Server VM (16.0.2+7) for windows-amd64 JRE (16.0.2+7), built on Jul 22 2021 01:11:46 by "Administrator" with MS VC++ 15.9 (VS2017)

END.
