#
# There is insufficient memory for the Java Runtime Environment to continue.
# Native memory allocation (malloc) failed to allocate 258912 bytes for Chunk::new
# Possible reasons:
#   The system is out of physical RAM or swap space
#   The process is running with CompressedOops enabled, and the Java Heap may be blocking the growth of the native heap
# Possible solutions:
#   Reduce memory load on the system
#   Increase physical memory or swap space
#   Check if swap backing store is full
#   Decrease Java heap size (-Xmx/-Xms)
#   Decrease number of Java threads
#   Decrease Java thread stack sizes (-Xss)
#   Set larger code cache with -XX:ReservedCodeCacheSize=
#   JVM is running with Unscaled Compressed Oops mode in which the Java heap is
#     placed in the first 4GB address space. The Java Heap base address is the
#     maximum limit for the native heap growth. Please use -XX:HeapBaseMinAddress
#     to set the Java Heap base and to place the Java Heap above 4GB virtual address.
# This output file may be truncated or incomplete.
#
#  Out of Memory Error (arena.cpp:195), pid=24444, tid=24952
#
# JRE version: OpenJDK Runtime Environment Corretto-16.0.2.7.1 (16.0.2+7) (build 16.0.2+7)
# Java VM: OpenJDK 64-Bit Server VM Corretto-16.0.2.7.1 (16.0.2+7, mixed mode, sharing, tiered, compressed oops, compressed class ptrs, g1 gc, windows-amd64)
# No core dump will be written. Minidumps are not enabled by default on client versions of Windows
#

---------------  S U M M A R Y ------------

Command Line: --add-opens=java.base/java.util=ALL-UNNAMED --add-opens=java.base/java.lang=ALL-UNNAMED --add-opens=java.base/java.lang.invoke=ALL-UNNAMED --add-opens=java.base/java.util=ALL-UNNAMED --add-opens=java.prefs/java.util.prefs=ALL-UNNAMED --add-opens=java.prefs/java.util.prefs=ALL-UNNAMED --add-opens=java.base/java.nio.charset=ALL-UNNAMED --add-opens=java.base/java.net=ALL-UNNAMED --add-opens=java.base/java.util.concurrent.atomic=ALL-UNNAMED -XX:MaxMetaspaceSize=256m -XX:+HeapDumpOnOutOfMemoryError -Xms256m -Xmx512m -Dfile.encoding=windows-1252 -Duser.country=DE -Duser.language=de -Duser.variant org.gradle.launcher.daemon.bootstrap.GradleDaemon 7.5.1

Host: AMD Athlon 300U with Radeon Vega Mobile Gfx    , 4 cores, 5G,  Windows 10 , 64 bit Build 22000 (10.0.22000.708)
Time: Mon Oct 10 16:15:54 2022 Mitteleuropäische Sommerzeit elapsed time: 431653.902548 seconds (4d 23h 54m 13s)

---------------  T H R E A D  ---------------

Current thread (0x00000179217ef110):  JavaThread "C2 CompilerThread0" daemon [_thread_in_native, id=24952, stack(0x0000002357e00000,0x0000002357f00000)]


Current CompileTask:
C2:431653903 7333   !   4       java.util.concurrent.locks.AbstractQueuedSynchronizer::acquire (407 bytes)

Stack: [0x0000002357e00000,0x0000002357f00000]
Native frames: (J=compiled Java code, j=interpreted, Vv=VM code, C=native code)
V  [jvm.dll+0x647e0a]
V  [jvm.dll+0x7f0549]
V  [jvm.dll+0x7f1cfe]
V  [jvm.dll+0x7f2343]
V  [jvm.dll+0x23dd88]
V  [jvm.dll+0xc879a]
V  [jvm.dll+0xc8d4c]
V  [jvm.dll+0x351627]
V  [jvm.dll+0x1b730a]
V  [jvm.dll+0x210a7f]
V  [jvm.dll+0x20ff17]
V  [jvm.dll+0x1a0d9b]
V  [jvm.dll+0x21f909]
V  [jvm.dll+0x21da9b]
V  [jvm.dll+0x7a8662]
V  [jvm.dll+0x7a223a]
V  [jvm.dll+0x646c46]
C  [ucrtbase.dll+0x26c0c]
C  [KERNEL32.DLL+0x154e0]
C  [ntdll.dll+0x485b]


---------------  P R O C E S S  ---------------

Threads class SMR info:
_java_thread_list=0x000001792650d230, length=51, elements={
0x000001790665bce0, 0x00000179217d26b0, 0x00000179217d32b0, 0x00000179217e64b0,
0x00000179217ecfe0, 0x00000179217ed9e0, 0x00000179217ee3e0, 0x00000179217ef110,
0x00000179217f0b20, 0x000001792186e4e0, 0x00000179224be780, 0x00000179224c7cc0,
0x000001792350bc80, 0x000001792350e1b0, 0x000001792350b1e0, 0x000001792350c1d0,
0x000001792350d1c0, 0x000001792350b730, 0x00000179239e35b0, 0x00000179239e45a0,
0x00000179239e9aa0, 0x00000179239e4050, 0x00000179239e6ad0, 0x00000179239e8560,
0x00000179239e7ac0, 0x00000179239e4af0, 0x00000179239e25c0, 0x00000179239e6030,
0x00000179239e9550, 0x00000179261b5a50, 0x00000179261b5fa0, 0x00000179261b4510,
0x00000179261b6a40, 0x00000179261b6f90, 0x00000179261b1a90, 0x00000179261b7f80,
0x00000179261b74e0, 0x00000179261b84d0, 0x00000179261b0aa0, 0x00000179261b64f0,
0x00000179261b4fb0, 0x00000179261b5500, 0x00000179261b1fe0, 0x00000179261b0ff0,
0x00000179261b2fd0, 0x00000179261b2530, 0x00000179261b2a80, 0x00000179261b1540,
0x00000179261b3520, 0x00000179261b3a70, 0x00000179239e7020
}

Java Threads: ( => current thread )
  0x000001790665bce0 JavaThread "main" [_thread_blocked, id=7808, stack(0x0000002357100000,0x0000002357200000)]
  0x00000179217d26b0 JavaThread "Reference Handler" daemon [_thread_blocked, id=19984, stack(0x0000002357800000,0x0000002357900000)]
  0x00000179217d32b0 JavaThread "Finalizer" daemon [_thread_blocked, id=23684, stack(0x0000002357900000,0x0000002357a00000)]
  0x00000179217e64b0 JavaThread "Signal Dispatcher" daemon [_thread_blocked, id=2308, stack(0x0000002357a00000,0x0000002357b00000)]
  0x00000179217ecfe0 JavaThread "Attach Listener" daemon [_thread_blocked, id=2572, stack(0x0000002357b00000,0x0000002357c00000)]
  0x00000179217ed9e0 JavaThread "Service Thread" daemon [_thread_blocked, id=9004, stack(0x0000002357c00000,0x0000002357d00000)]
  0x00000179217ee3e0 JavaThread "Monitor Deflation Thread" daemon [_thread_blocked, id=13348, stack(0x0000002357d00000,0x0000002357e00000)]
=>0x00000179217ef110 JavaThread "C2 CompilerThread0" daemon [_thread_in_native, id=24952, stack(0x0000002357e00000,0x0000002357f00000)]
  0x00000179217f0b20 JavaThread "C1 CompilerThread0" daemon [_thread_blocked, id=6148, stack(0x0000002357f00000,0x0000002358000000)]
  0x000001792186e4e0 JavaThread "Sweeper thread" daemon [_thread_blocked, id=10292, stack(0x0000002358000000,0x0000002358100000)]
  0x00000179224be780 JavaThread "Common-Cleaner" daemon [_thread_blocked, id=21840, stack(0x0000002358100000,0x0000002358200000)]
  0x00000179224c7cc0 JavaThread "Notification Thread" daemon [_thread_blocked, id=21924, stack(0x0000002358200000,0x0000002358300000)]
  0x000001792350bc80 JavaThread "Daemon health stats" [_thread_blocked, id=12008, stack(0x0000002358900000,0x0000002358a00000)]
  0x000001792350e1b0 JavaThread "Incoming local TCP Connector on port 57410" [_thread_in_native, id=1484, stack(0x0000002358a00000,0x0000002358b00000)]
  0x000001792350b1e0 JavaThread "Daemon periodic checks" [_thread_blocked, id=10132, stack(0x0000002358b00000,0x0000002358c00000)]
  0x000001792350c1d0 JavaThread "Daemon" [_thread_blocked, id=580, stack(0x0000002358c00000,0x0000002358d00000)]
  0x000001792350d1c0 JavaThread "Daemon worker" [_thread_blocked, id=25416, stack(0x0000002358f00000,0x0000002359000000)]
  0x000001792350b730 JavaThread "Cache worker for journal cache (C:\Users\flori\.gradle\caches\journal-1)" [_thread_blocked, id=9256, stack(0x0000002359300000,0x0000002359400000)]
  0x00000179239e35b0 JavaThread "File lock request listener" [_thread_in_native, id=18248, stack(0x0000002359400000,0x0000002359500000)]
  0x00000179239e45a0 JavaThread "Cache worker for file hash cache (C:\Users\flori\.gradle\caches\7.5.1\fileHashes)" [_thread_blocked, id=17480, stack(0x0000002359500000,0x0000002359600000)]
  0x00000179239e9aa0 JavaThread "File watcher server" daemon [_thread_in_native, id=7292, stack(0x0000002359600000,0x0000002359700000)]
  0x00000179239e4050 JavaThread "File watcher consumer" daemon [_thread_blocked, id=21636, stack(0x0000002359700000,0x0000002359800000)]
  0x00000179239e6ad0 JavaThread "Cache worker for file content cache (C:\Users\flori\.gradle\caches\7.5.1\fileContent)" [_thread_blocked, id=17208, stack(0x0000002359a00000,0x0000002359b00000)]
  0x00000179239e8560 JavaThread "Cache worker for execution history cache (C:\Users\flori\.gradle\caches\7.5.1\executionHistory)" [_thread_blocked, id=10472, stack(0x0000002359d00000,0x0000002359e00000)]
  0x00000179239e7ac0 JavaThread "jar transforms" [_thread_blocked, id=9248, stack(0x0000002358500000,0x0000002358600000)]
  0x00000179239e4af0 JavaThread "jar transforms Thread 2" [_thread_blocked, id=19832, stack(0x0000002359e00000,0x0000002359f00000)]
  0x00000179239e25c0 JavaThread "jar transforms Thread 3" [_thread_blocked, id=30672, stack(0x000000235a000000,0x000000235a100000)]
  0x00000179239e6030 JavaThread "jar transforms Thread 4" [_thread_blocked, id=29292, stack(0x000000235a100000,0x000000235a200000)]
  0x00000179239e9550 JavaThread "Memory manager" [_thread_blocked, id=13616, stack(0x000000235a500000,0x000000235a600000)]
  0x00000179261b5a50 JavaThread "Cache worker for Java compile cache (C:\Users\flori\.gradle\caches\7.5.1\javaCompile)" [_thread_blocked, id=26676, stack(0x000000235ab00000,0x000000235ac00000)]
  0x00000179261b5fa0 JavaThread "Exec process" [_thread_in_native, id=28964, stack(0x000000235ad00000,0x000000235ae00000)]
  0x00000179261b4510 JavaThread "Exec process Thread 2" [_thread_blocked, id=17528, stack(0x000000235af00000,0x000000235b000000)]
  0x00000179261b6a40 JavaThread "Exec process Thread 3" [_thread_in_native, id=24744, stack(0x000000235b000000,0x000000235b100000)]
  0x00000179261b6f90 JavaThread "Exec process Thread 4" [_thread_in_native, id=6896, stack(0x000000235b100000,0x000000235b200000)]
  0x00000179261b1a90 JavaThread "Handler for socket connection from /127.0.0.1:57410 to /127.0.0.1:57452" [_thread_in_native, id=6576, stack(0x0000002358d00000,0x0000002358e00000)]
  0x00000179261b7f80 JavaThread "Cancel handler" [_thread_blocked, id=10100, stack(0x0000002358e00000,0x0000002358f00000)]
  0x00000179261b74e0 JavaThread "Asynchronous log dispatcher for DefaultDaemonConnection: socket connection from /127.0.0.1:57410 to /127.0.0.1:57452" [_thread_blocked, id=26404, stack(0x0000002359000000,0x0000002359100000)]
  0x00000179261b84d0 JavaThread "Stdin handler" [_thread_blocked, id=22548, stack(0x0000002359100000,0x0000002359200000)]
  0x00000179261b0aa0 JavaThread "Daemon client event forwarder" [_thread_blocked, id=10908, stack(0x0000002359200000,0x0000002359300000)]
  0x00000179261b64f0 JavaThread "Cache worker for checksums cache (C:\Users\flori\IdeaProjects\prog-exercise-2-florentinahajdini\.gradle\7.5.1\checksums)" [_thread_blocked, id=18552, stack(0x0000002359800000,0x0000002359900000)]
  0x00000179261b4fb0 JavaThread "Cache worker for cache directory md-rule (C:\Users\flori\.gradle\caches\7.5.1\md-rule)" [_thread_blocked, id=7008, stack(0x0000002359900000,0x0000002359a00000)]
  0x00000179261b5500 JavaThread "Cache worker for file hash cache (C:\Users\flori\IdeaProjects\prog-exercise-2-florentinahajdini\.gradle\7.5.1\fileHashes)" [_thread_blocked, id=11204, stack(0x0000002359b00000,0x0000002359c00000)]
  0x00000179261b1fe0 JavaThread "Cache worker for cache directory md-supplier (C:\Users\flori\.gradle\caches\7.5.1\md-supplier)" [_thread_blocked, id=16152, stack(0x0000002359c00000,0x0000002359d00000)]
  0x00000179261b0ff0 JavaThread "Cache worker for dependencies-accessors (C:\Users\flori\IdeaProjects\prog-exercise-2-florentinahajdini\.gradle\7.5.1\dependencies-accessors)" [_thread_blocked, id=30332, stack(0x000000235a200000,0x000000235a300000)]
  0x00000179261b2fd0 JavaThread "Cache worker for Build Output Cleanup Cache (C:\Users\flori\IdeaProjects\prog-exercise-2-florentinahajdini\.gradle\buildOutputCleanup)" [_thread_blocked, id=26952, stack(0x000000235a400000,0x000000235a500000)]
  0x00000179261b2530 JavaThread "included builds" [_thread_blocked, id=6404, stack(0x000000235a800000,0x000000235a900000)]
  0x00000179261b2a80 JavaThread "Execution worker" [_thread_blocked, id=8940, stack(0x000000235a900000,0x000000235aa00000)]
  0x00000179261b1540 JavaThread "Execution worker Thread 2" [_thread_blocked, id=30468, stack(0x000000235aa00000,0x000000235ab00000)]
  0x00000179261b3520 JavaThread "Execution worker Thread 3" [_thread_blocked, id=18496, stack(0x000000235ae00000,0x000000235af00000)]
  0x00000179261b3a70 JavaThread "Cache worker for execution history cache (C:\Users\flori\IdeaProjects\prog-exercise-2-florentinahajdini\.gradle\7.5.1\executionHistory)" [_thread_blocked, id=25764, stack(0x000000235b300000,0x000000235b400000)]
  0x00000179239e7020 JavaThread "DisconnectableInputStream source reader" daemon [_thread_blocked, id=14460, stack(0x000000235b400000,0x000000235b500000)]

Other Threads:
  0x00000179217cddd0 VMThread "VM Thread" [stack: 0x0000002357700000,0x0000002357800000] [id=24072]
  0x00000179224c85f0 WatcherThread [stack: 0x0000002358300000,0x0000002358400000] [id=24192]
  0x0000017906680af0 GCTaskThread "GC Thread#0" [stack: 0x0000002357200000,0x0000002357300000] [id=17944]
  0x00000179227f09f0 GCTaskThread "GC Thread#1" [stack: 0x0000002358600000,0x0000002358700000] [id=16380]
  0x000001792266b0d0 GCTaskThread "GC Thread#2" [stack: 0x0000002358700000,0x0000002358800000] [id=29944]
  0x0000017922cb3370 GCTaskThread "GC Thread#3" [stack: 0x0000002358800000,0x0000002358900000] [id=2324]
  0x0000017906686b40 ConcurrentGCThread "G1 Main Marker" [stack: 0x0000002357300000,0x0000002357400000] [id=27036]
  0x0000017906687710 ConcurrentGCThread "G1 Conc#0" [stack: 0x0000002357400000,0x0000002357500000] [id=18356]
  0x000001790673d490 ConcurrentGCThread "G1 Refine#0" [stack: 0x0000002357500000,0x0000002357600000] [id=24148]
  0x0000017924788730 ConcurrentGCThread "G1 Refine#1" [stack: 0x000000235a300000,0x000000235a400000] [id=30420]
  0x0000017924787a30 ConcurrentGCThread "G1 Refine#2" [stack: 0x000000235ac00000,0x000000235ad00000] [id=17540]
  0x000001790673e070 ConcurrentGCThread "G1 Service" [stack: 0x0000002357600000,0x0000002357700000] [id=12412]

Threads with active compile tasks:
C2 CompilerThread0  431653950 7333   !   4       java.util.concurrent.locks.AbstractQueuedSynchronizer::acquire (407 bytes)

VM state: not at safepoint (normal execution)

VM Mutex/Monitor currently owned by a thread: None

Heap address: 0x00000000e0000000, size: 512 MB, Compressed Oops mode: 32-bit

CDS archive(s) mapped at: [0x0000000800000000-0x0000000800be0000-0x0000000800be0000), size 12451840, SharedBaseAddress: 0x0000000800000000, ArchiveRelocationMode: 0.
Compressed class space mapped at: 0x0000000800c00000-0x000000080dc00000, reserved size: 218103808
Narrow klass base: 0x0000000800000000, Narrow klass shift: 3, Narrow klass range: 0x100000000

GC Precious Log:
 CPUs: 4 total, 4 available
 Memory: 6058M
 Large Page Support: Disabled
 NUMA Support: Disabled
 Compressed Oops: Enabled (32-bit)
 Heap Region Size: 1M
 Heap Min Capacity: 256M
 Heap Initial Capacity: 256M
 Heap Max Capacity: 512M
 Pre-touch: Disabled
 Parallel Workers: 4
 Concurrent Workers: 1
 Concurrent Refinement Workers: 4
 Periodic GC: Disabled

Heap:
 garbage-first heap   total 262144K, used 53940K [0x00000000e0000000, 0x0000000100000000)
  region size 1024K, 14 young (14336K), 1 survivors (1024K)
 Metaspace       used 55981K, committed 56512K, reserved 262144K
  class space    used 7572K, committed 7808K, reserved 212992K

Heap Regions: E=young(eden), S=young(survivor), O=old, HS=humongous(starts), HC=humongous(continues), CS=collection set, F=free, OA=open archive, CA=closed archive, TAMS=top-at-mark-start (previous, next)
|   0|0x00000000e0000000, 0x00000000e0100000, 0x00000000e0100000|100%|HS|  |TAMS 0x00000000e0100000, 0x00000000e0000000| Complete 
|   1|0x00000000e0100000, 0x00000000e0200000, 0x00000000e0200000|100%|HC|  |TAMS 0x00000000e0200000, 0x00000000e0100000| Complete 
|   2|0x00000000e0200000, 0x00000000e0300000, 0x00000000e0300000|100%|HC|  |TAMS 0x00000000e0300000, 0x00000000e0200000| Complete 
|   3|0x00000000e0300000, 0x00000000e0400000, 0x00000000e0400000|100%| O|  |TAMS 0x00000000e0400000, 0x00000000e0300000| Untracked 
|   4|0x00000000e0400000, 0x00000000e0500000, 0x00000000e0500000|100%| O|  |TAMS 0x00000000e0500000, 0x00000000e0400000| Untracked 
|   5|0x00000000e0500000, 0x00000000e0600000, 0x00000000e0600000|100%| O|  |TAMS 0x00000000e0600000, 0x00000000e0500000| Untracked 
|   6|0x00000000e0600000, 0x00000000e0700000, 0x00000000e0700000|100%| O|  |TAMS 0x00000000e0700000, 0x00000000e0600000| Untracked 
|   7|0x00000000e0700000, 0x00000000e0800000, 0x00000000e0800000|100%| O|  |TAMS 0x00000000e0800000, 0x00000000e0700000| Untracked 
|   8|0x00000000e0800000, 0x00000000e0900000, 0x00000000e0900000|100%| O|  |TAMS 0x00000000e0900000, 0x00000000e0800000| Untracked 
|   9|0x00000000e0900000, 0x00000000e0a00000, 0x00000000e0a00000|100%| O|  |TAMS 0x00000000e094f600, 0x00000000e0900000| Untracked 
|  10|0x00000000e0a00000, 0x00000000e0b00000, 0x00000000e0b00000|100%| O|  |TAMS 0x00000000e0a00000, 0x00000000e0a00000| Untracked 
|  11|0x00000000e0b00000, 0x00000000e0c00000, 0x00000000e0c00000|100%| O|  |TAMS 0x00000000e0b00000, 0x00000000e0b00000| Untracked 
|  12|0x00000000e0c00000, 0x00000000e0d00000, 0x00000000e0d00000|100%| O|  |TAMS 0x00000000e0c00000, 0x00000000e0c00000| Untracked 
|  13|0x00000000e0d00000, 0x00000000e0e00000, 0x00000000e0e00000|100%| O|  |TAMS 0x00000000e0d00000, 0x00000000e0d00000| Untracked 
|  14|0x00000000e0e00000, 0x00000000e0f00000, 0x00000000e0f00000|100%| O|  |TAMS 0x00000000e0e00000, 0x00000000e0e00000| Untracked 
|  15|0x00000000e0f00000, 0x00000000e1000000, 0x00000000e1000000|100%| O|  |TAMS 0x00000000e0f00000, 0x00000000e0f00000| Untracked 
|  16|0x00000000e1000000, 0x00000000e1100000, 0x00000000e1100000|100%| O|  |TAMS 0x00000000e1000000, 0x00000000e1000000| Untracked 
|  17|0x00000000e1100000, 0x00000000e1200000, 0x00000000e1200000|100%| O|  |TAMS 0x00000000e1100000, 0x00000000e1100000| Untracked 
|  18|0x00000000e1200000, 0x00000000e1300000, 0x00000000e1300000|100%| O|  |TAMS 0x00000000e1200000, 0x00000000e1200000| Untracked 
|  19|0x00000000e1300000, 0x00000000e1400000, 0x00000000e1400000|100%| O|  |TAMS 0x00000000e1300000, 0x00000000e1300000| Untracked 
|  20|0x00000000e1400000, 0x00000000e1500000, 0x00000000e1500000|100%| O|  |TAMS 0x00000000e1400000, 0x00000000e1400000| Untracked 
|  21|0x00000000e1500000, 0x00000000e1600000, 0x00000000e1600000|100%| O|  |TAMS 0x00000000e1500000, 0x00000000e1500000| Untracked 
|  22|0x00000000e1600000, 0x00000000e1700000, 0x00000000e1700000|100%| O|  |TAMS 0x00000000e1600000, 0x00000000e1600000| Untracked 
|  23|0x00000000e1700000, 0x00000000e1800000, 0x00000000e1800000|100%| O|  |TAMS 0x00000000e1700000, 0x00000000e1700000| Untracked 
|  24|0x00000000e1800000, 0x00000000e1900000, 0x00000000e1900000|100%| O|  |TAMS 0x00000000e1800000, 0x00000000e1800000| Untracked 
|  25|0x00000000e1900000, 0x00000000e1a00000, 0x00000000e1a00000|100%| O|  |TAMS 0x00000000e1900000, 0x00000000e1900000| Untracked 
|  26|0x00000000e1a00000, 0x00000000e1b00000, 0x00000000e1b00000|100%| O|  |TAMS 0x00000000e1a00000, 0x00000000e1a00000| Untracked 
|  27|0x00000000e1b00000, 0x00000000e1c00000, 0x00000000e1c00000|100%| O|  |TAMS 0x00000000e1b00000, 0x00000000e1b00000| Untracked 
|  28|0x00000000e1c00000, 0x00000000e1d00000, 0x00000000e1d00000|100%| O|  |TAMS 0x00000000e1c00000, 0x00000000e1c00000| Untracked 
|  29|0x00000000e1d00000, 0x00000000e1e00000, 0x00000000e1e00000|100%| O|  |TAMS 0x00000000e1d00000, 0x00000000e1d00000| Untracked 
|  30|0x00000000e1e00000, 0x00000000e1f00000, 0x00000000e1f00000|100%| O|  |TAMS 0x00000000e1e00000, 0x00000000e1e00000| Untracked 
|  31|0x00000000e1f00000, 0x00000000e2000000, 0x00000000e2000000|100%| O|  |TAMS 0x00000000e1f00000, 0x00000000e1f00000| Untracked 
|  32|0x00000000e2000000, 0x00000000e2100000, 0x00000000e2100000|100%| O|  |TAMS 0x00000000e2000000, 0x00000000e2000000| Untracked 
|  33|0x00000000e2100000, 0x00000000e2200000, 0x00000000e2200000|100%| O|  |TAMS 0x00000000e2100000, 0x00000000e2100000| Untracked 
|  34|0x00000000e2200000, 0x00000000e2300000, 0x00000000e2300000|100%| O|  |TAMS 0x00000000e2200000, 0x00000000e2200000| Untracked 
|  35|0x00000000e2300000, 0x00000000e2400000, 0x00000000e2400000|100%| O|  |TAMS 0x00000000e2300000, 0x00000000e2300000| Untracked 
|  36|0x00000000e2400000, 0x00000000e2500000, 0x00000000e2500000|100%| O|  |TAMS 0x00000000e2400000, 0x00000000e2400000| Untracked 
|  37|0x00000000e2500000, 0x00000000e2600000, 0x00000000e2600000|100%| O|  |TAMS 0x00000000e2500000, 0x00000000e2500000| Untracked 
|  38|0x00000000e2600000, 0x00000000e2700000, 0x00000000e2700000|100%| O|  |TAMS 0x00000000e2600000, 0x00000000e2600000| Untracked 
|  39|0x00000000e2700000, 0x00000000e2800000, 0x00000000e2800000|100%| O|  |TAMS 0x00000000e2700000, 0x00000000e2700000| Untracked 
|  40|0x00000000e2800000, 0x00000000e28aa000, 0x00000000e2900000| 66%| O|  |TAMS 0x00000000e2800000, 0x00000000e2800000| Untracked 
|  41|0x00000000e2900000, 0x00000000e2900000, 0x00000000e2a00000|  0%| F|  |TAMS 0x00000000e2900000, 0x00000000e2900000| Untracked 
|  42|0x00000000e2a00000, 0x00000000e2a00000, 0x00000000e2b00000|  0%| F|  |TAMS 0x00000000e2a00000, 0x00000000e2a00000| Untracked 
|  43|0x00000000e2b00000, 0x00000000e2b00000, 0x00000000e2c00000|  0%| F|  |TAMS 0x00000000e2b00000, 0x00000000e2b00000| Untracked 
|  44|0x00000000e2c00000, 0x00000000e2c00000, 0x00000000e2d00000|  0%| F|  |TAMS 0x00000000e2c00000, 0x00000000e2c00000| Untracked 
|  45|0x00000000e2d00000, 0x00000000e2d00000, 0x00000000e2e00000|  0%| F|  |TAMS 0x00000000e2d00000, 0x00000000e2d00000| Untracked 
|  46|0x00000000e2e00000, 0x00000000e2e00000, 0x00000000e2f00000|  0%| F|  |TAMS 0x00000000e2e00000, 0x00000000e2e00000| Untracked 
|  47|0x00000000e2f00000, 0x00000000e2f00000, 0x00000000e3000000|  0%| F|  |TAMS 0x00000000e2f00000, 0x00000000e2f00000| Untracked 
|  48|0x00000000e3000000, 0x00000000e3000000, 0x00000000e3100000|  0%| F|  |TAMS 0x00000000e3000000, 0x00000000e3000000| Untracked 
|  49|0x00000000e3100000, 0x00000000e3100000, 0x00000000e3200000|  0%| F|  |TAMS 0x00000000e3100000, 0x00000000e3100000| Untracked 
|  50|0x00000000e3200000, 0x00000000e3200000, 0x00000000e3300000|  0%| F|  |TAMS 0x00000000e3200000, 0x00000000e3200000| Untracked 
|  51|0x00000000e3300000, 0x00000000e3300000, 0x00000000e3400000|  0%| F|  |TAMS 0x00000000e3300000, 0x00000000e3300000| Untracked 
|  52|0x00000000e3400000, 0x00000000e3400000, 0x00000000e3500000|  0%| F|  |TAMS 0x00000000e3400000, 0x00000000e3400000| Untracked 
|  53|0x00000000e3500000, 0x00000000e3500000, 0x00000000e3600000|  0%| F|  |TAMS 0x00000000e3500000, 0x00000000e3500000| Untracked 
|  54|0x00000000e3600000, 0x00000000e3600000, 0x00000000e3700000|  0%| F|  |TAMS 0x00000000e3600000, 0x00000000e3600000| Untracked 
|  55|0x00000000e3700000, 0x00000000e3700000, 0x00000000e3800000|  0%| F|  |TAMS 0x00000000e3700000, 0x00000000e3700000| Untracked 
|  56|0x00000000e3800000, 0x00000000e3800000, 0x00000000e3900000|  0%| F|  |TAMS 0x00000000e3800000, 0x00000000e3800000| Untracked 
|  57|0x00000000e3900000, 0x00000000e3900000, 0x00000000e3a00000|  0%| F|  |TAMS 0x00000000e3900000, 0x00000000e3900000| Untracked 
|  58|0x00000000e3a00000, 0x00000000e3a00000, 0x00000000e3b00000|  0%| F|  |TAMS 0x00000000e3a00000, 0x00000000e3a00000| Untracked 
|  59|0x00000000e3b00000, 0x00000000e3b00000, 0x00000000e3c00000|  0%| F|  |TAMS 0x00000000e3b00000, 0x00000000e3b00000| Untracked 
|  60|0x00000000e3c00000, 0x00000000e3c00000, 0x00000000e3d00000|  0%| F|  |TAMS 0x00000000e3c00000, 0x00000000e3c00000| Untracked 
|  61|0x00000000e3d00000, 0x00000000e3d00000, 0x00000000e3e00000|  0%| F|  |TAMS 0x00000000e3d00000, 0x00000000e3d00000| Untracked 
|  62|0x00000000e3e00000, 0x00000000e3e00000, 0x00000000e3f00000|  0%| F|  |TAMS 0x00000000e3e00000, 0x00000000e3e00000| Untracked 
|  63|0x00000000e3f00000, 0x00000000e3f00000, 0x00000000e4000000|  0%| F|  |TAMS 0x00000000e3f00000, 0x00000000e3f00000| Untracked 
|  64|0x00000000e4000000, 0x00000000e4000000, 0x00000000e4100000|  0%| F|  |TAMS 0x00000000e4000000, 0x00000000e4000000| Untracked 
|  65|0x00000000e4100000, 0x00000000e4100000, 0x00000000e4200000|  0%| F|  |TAMS 0x00000000e4100000, 0x00000000e4100000| Untracked 
|  66|0x00000000e4200000, 0x00000000e4200000, 0x00000000e4300000|  0%| F|  |TAMS 0x00000000e4200000, 0x00000000e4200000| Untracked 
|  67|0x00000000e4300000, 0x00000000e4300000, 0x00000000e4400000|  0%| F|  |TAMS 0x00000000e4300000, 0x00000000e4300000| Untracked 
|  68|0x00000000e4400000, 0x00000000e4400000, 0x00000000e4500000|  0%| F|  |TAMS 0x00000000e4400000, 0x00000000e4400000| Untracked 
|  69|0x00000000e4500000, 0x00000000e4500000, 0x00000000e4600000|  0%| F|  |TAMS 0x00000000e4500000, 0x00000000e4500000| Untracked 
|  70|0x00000000e4600000, 0x00000000e4600000, 0x00000000e4700000|  0%| F|  |TAMS 0x00000000e4600000, 0x00000000e4600000| Untracked 
|  71|0x00000000e4700000, 0x00000000e4700000, 0x00000000e4800000|  0%| F|  |TAMS 0x00000000e4700000, 0x00000000e4700000| Untracked 
|  72|0x00000000e4800000, 0x00000000e4800000, 0x00000000e4900000|  0%| F|  |TAMS 0x00000000e4800000, 0x00000000e4800000| Untracked 
|  73|0x00000000e4900000, 0x00000000e4900000, 0x00000000e4a00000|  0%| F|  |TAMS 0x00000000e4900000, 0x00000000e4900000| Untracked 
|  74|0x00000000e4a00000, 0x00000000e4a00000, 0x00000000e4b00000|  0%| F|  |TAMS 0x00000000e4a00000, 0x00000000e4a00000| Untracked 
|  75|0x00000000e4b00000, 0x00000000e4b00000, 0x00000000e4c00000|  0%| F|  |TAMS 0x00000000e4b00000, 0x00000000e4b00000| Untracked 
|  76|0x00000000e4c00000, 0x00000000e4c00000, 0x00000000e4d00000|  0%| F|  |TAMS 0x00000000e4c00000, 0x00000000e4c00000| Untracked 
|  77|0x00000000e4d00000, 0x00000000e4d00000, 0x00000000e4e00000|  0%| F|  |TAMS 0x00000000e4d00000, 0x00000000e4d00000| Untracked 
|  78|0x00000000e4e00000, 0x00000000e4e00000, 0x00000000e4f00000|  0%| F|  |TAMS 0x00000000e4e00000, 0x00000000e4e00000| Untracked 
|  79|0x00000000e4f00000, 0x00000000e4f00000, 0x00000000e5000000|  0%| F|  |TAMS 0x00000000e4f00000, 0x00000000e4f00000| Untracked 
|  80|0x00000000e5000000, 0x00000000e5000000, 0x00000000e5100000|  0%| F|  |TAMS 0x00000000e5000000, 0x00000000e5000000| Untracked 
|  81|0x00000000e5100000, 0x00000000e5100000, 0x00000000e5200000|  0%| F|  |TAMS 0x00000000e5100000, 0x00000000e5100000| Untracked 
|  82|0x00000000e5200000, 0x00000000e5200000, 0x00000000e5300000|  0%| F|  |TAMS 0x00000000e5200000, 0x00000000e5200000| Untracked 
|  83|0x00000000e5300000, 0x00000000e5300000, 0x00000000e5400000|  0%| F|  |TAMS 0x00000000e5300000, 0x00000000e5300000| Untracked 
|  84|0x00000000e5400000, 0x00000000e5400000, 0x00000000e5500000|  0%| F|  |TAMS 0x00000000e5400000, 0x00000000e5400000| Untracked 
|  85|0x00000000e5500000, 0x00000000e5500000, 0x00000000e5600000|  0%| F|  |TAMS 0x00000000e5500000, 0x00000000e5500000| Untracked 
|  86|0x00000000e5600000, 0x00000000e5600000, 0x00000000e5700000|  0%| F|  |TAMS 0x00000000e5600000, 0x00000000e5600000| Untracked 
|  87|0x00000000e5700000, 0x00000000e5700000, 0x00000000e5800000|  0%| F|  |TAMS 0x00000000e5700000, 0x00000000e5700000| Untracked 
|  88|0x00000000e5800000, 0x00000000e5800000, 0x00000000e5900000|  0%| F|  |TAMS 0x00000000e5800000, 0x00000000e5800000| Untracked 
|  89|0x00000000e5900000, 0x00000000e5900000, 0x00000000e5a00000|  0%| F|  |TAMS 0x00000000e5900000, 0x00000000e5900000| Untracked 
|  90|0x00000000e5a00000, 0x00000000e5a00000, 0x00000000e5b00000|  0%| F|  |TAMS 0x00000000e5a00000, 0x00000000e5a00000| Untracked 
|  91|0x00000000e5b00000, 0x00000000e5b00000, 0x00000000e5c00000|  0%| F|  |TAMS 0x00000000e5b00000, 0x00000000e5b00000| Untracked 
|  92|0x00000000e5c00000, 0x00000000e5c00000, 0x00000000e5d00000|  0%| F|  |TAMS 0x00000000e5c00000, 0x00000000e5c00000| Untracked 
|  93|0x00000000e5d00000, 0x00000000e5d00000, 0x00000000e5e00000|  0%| F|  |TAMS 0x00000000e5d00000, 0x00000000e5d00000| Untracked 
|  94|0x00000000e5e00000, 0x00000000e5e00000, 0x00000000e5f00000|  0%| F|  |TAMS 0x00000000e5e00000, 0x00000000e5e00000| Untracked 
|  95|0x00000000e5f00000, 0x00000000e5f00000, 0x00000000e6000000|  0%| F|  |TAMS 0x00000000e5f00000, 0x00000000e5f00000| Untracked 
|  96|0x00000000e6000000, 0x00000000e6000000, 0x00000000e6100000|  0%| F|  |TAMS 0x00000000e6000000, 0x00000000e6000000| Untracked 
|  97|0x00000000e6100000, 0x00000000e6100000, 0x00000000e6200000|  0%| F|  |TAMS 0x00000000e6100000, 0x00000000e6100000| Untracked 
|  98|0x00000000e6200000, 0x00000000e6200000, 0x00000000e6300000|  0%| F|  |TAMS 0x00000000e6200000, 0x00000000e6200000| Untracked 
|  99|0x00000000e6300000, 0x00000000e6300000, 0x00000000e6400000|  0%| F|  |TAMS 0x00000000e6300000, 0x00000000e6300000| Untracked 
| 100|0x00000000e6400000, 0x00000000e6400000, 0x00000000e6500000|  0%| F|  |TAMS 0x00000000e6400000, 0x00000000e6400000| Untracked 
| 101|0x00000000e6500000, 0x00000000e6500000, 0x00000000e6600000|  0%| F|  |TAMS 0x00000000e6500000, 0x00000000e6500000| Untracked 
| 102|0x00000000e6600000, 0x00000000e6603060, 0x00000000e6700000|  1%| S|CS|TAMS 0x00000000e6600000, 0x00000000e6600000| Complete 
| 103|0x00000000e6700000, 0x00000000e6700000, 0x00000000e6800000|  0%| F|  |TAMS 0x00000000e6700000, 0x00000000e6700000| Untracked 
| 104|0x00000000e6800000, 0x00000000e6800000, 0x00000000e6900000|  0%| F|  |TAMS 0x00000000e6800000, 0x00000000e6800000| Untracked 
| 105|0x00000000e6900000, 0x00000000e6900000, 0x00000000e6a00000|  0%| F|  |TAMS 0x00000000e6900000, 0x00000000e6900000| Untracked 
| 106|0x00000000e6a00000, 0x00000000e6a00000, 0x00000000e6b00000|  0%| F|  |TAMS 0x00000000e6a00000, 0x00000000e6a00000| Untracked 
| 107|0x00000000e6b00000, 0x00000000e6b00000, 0x00000000e6c00000|  0%| F|  |TAMS 0x00000000e6b00000, 0x00000000e6b00000| Untracked 
| 108|0x00000000e6c00000, 0x00000000e6c00000, 0x00000000e6d00000|  0%| F|  |TAMS 0x00000000e6c00000, 0x00000000e6c00000| Untracked 
| 109|0x00000000e6d00000, 0x00000000e6d00000, 0x00000000e6e00000|  0%| F|  |TAMS 0x00000000e6d00000, 0x00000000e6d00000| Untracked 
| 110|0x00000000e6e00000, 0x00000000e6e00000, 0x00000000e6f00000|  0%| F|  |TAMS 0x00000000e6e00000, 0x00000000e6e00000| Untracked 
| 111|0x00000000e6f00000, 0x00000000e6f00000, 0x00000000e7000000|  0%| F|  |TAMS 0x00000000e6f00000, 0x00000000e6f00000| Untracked 
| 112|0x00000000e7000000, 0x00000000e7000000, 0x00000000e7100000|  0%| F|  |TAMS 0x00000000e7000000, 0x00000000e7000000| Untracked 
| 113|0x00000000e7100000, 0x00000000e7100000, 0x00000000e7200000|  0%| F|  |TAMS 0x00000000e7100000, 0x00000000e7100000| Untracked 
| 114|0x00000000e7200000, 0x00000000e7200000, 0x00000000e7300000|  0%| F|  |TAMS 0x00000000e7200000, 0x00000000e7200000| Untracked 
| 115|0x00000000e7300000, 0x00000000e7300000, 0x00000000e7400000|  0%| F|  |TAMS 0x00000000e7300000, 0x00000000e7300000| Untracked 
| 116|0x00000000e7400000, 0x00000000e7400000, 0x00000000e7500000|  0%| F|  |TAMS 0x00000000e7400000, 0x00000000e7400000| Untracked 
| 117|0x00000000e7500000, 0x00000000e7500000, 0x00000000e7600000|  0%| F|  |TAMS 0x00000000e7500000, 0x00000000e7500000| Untracked 
| 118|0x00000000e7600000, 0x00000000e7600000, 0x00000000e7700000|  0%| F|  |TAMS 0x00000000e7600000, 0x00000000e7600000| Untracked 
| 119|0x00000000e7700000, 0x00000000e7700000, 0x00000000e7800000|  0%| F|  |TAMS 0x00000000e7700000, 0x00000000e7700000| Untracked 
| 120|0x00000000e7800000, 0x00000000e7800000, 0x00000000e7900000|  0%| F|  |TAMS 0x00000000e7800000, 0x00000000e7800000| Untracked 
| 121|0x00000000e7900000, 0x00000000e7900000, 0x00000000e7a00000|  0%| F|  |TAMS 0x00000000e7900000, 0x00000000e7900000| Untracked 
| 122|0x00000000e7a00000, 0x00000000e7a00000, 0x00000000e7b00000|  0%| F|  |TAMS 0x00000000e7a00000, 0x00000000e7a00000| Untracked 
| 123|0x00000000e7b00000, 0x00000000e7b00000, 0x00000000e7c00000|  0%| F|  |TAMS 0x00000000e7b00000, 0x00000000e7b00000| Untracked 
| 124|0x00000000e7c00000, 0x00000000e7c00000, 0x00000000e7d00000|  0%| F|  |TAMS 0x00000000e7c00000, 0x00000000e7c00000| Untracked 
| 125|0x00000000e7d00000, 0x00000000e7d00000, 0x00000000e7e00000|  0%| F|  |TAMS 0x00000000e7d00000, 0x00000000e7d00000| Untracked 
| 126|0x00000000e7e00000, 0x00000000e7e00000, 0x00000000e7f00000|  0%| F|  |TAMS 0x00000000e7e00000, 0x00000000e7e00000| Untracked 
| 127|0x00000000e7f00000, 0x00000000e7f00000, 0x00000000e8000000|  0%| F|  |TAMS 0x00000000e7f00000, 0x00000000e7f00000| Untracked 
| 128|0x00000000e8000000, 0x00000000e8000000, 0x00000000e8100000|  0%| F|  |TAMS 0x00000000e8000000, 0x00000000e8000000| Untracked 
| 129|0x00000000e8100000, 0x00000000e8100000, 0x00000000e8200000|  0%| F|  |TAMS 0x00000000e8100000, 0x00000000e8100000| Untracked 
| 130|0x00000000e8200000, 0x00000000e8200000, 0x00000000e8300000|  0%| F|  |TAMS 0x00000000e8200000, 0x00000000e8200000| Untracked 
| 131|0x00000000e8300000, 0x00000000e8300000, 0x00000000e8400000|  0%| F|  |TAMS 0x00000000e8300000, 0x00000000e8300000| Untracked 
| 132|0x00000000e8400000, 0x00000000e8400000, 0x00000000e8500000|  0%| F|  |TAMS 0x00000000e8400000, 0x00000000e8400000| Untracked 
| 133|0x00000000e8500000, 0x00000000e8500000, 0x00000000e8600000|  0%| F|  |TAMS 0x00000000e8500000, 0x00000000e8500000| Untracked 
| 134|0x00000000e8600000, 0x00000000e8600000, 0x00000000e8700000|  0%| F|  |TAMS 0x00000000e8600000, 0x00000000e8600000| Untracked 
| 135|0x00000000e8700000, 0x00000000e8700000, 0x00000000e8800000|  0%| F|  |TAMS 0x00000000e8700000, 0x00000000e8700000| Untracked 
| 136|0x00000000e8800000, 0x00000000e8800000, 0x00000000e8900000|  0%| F|  |TAMS 0x00000000e8800000, 0x00000000e8800000| Untracked 
| 137|0x00000000e8900000, 0x00000000e8900000, 0x00000000e8a00000|  0%| F|  |TAMS 0x00000000e8900000, 0x00000000e8900000| Untracked 
| 138|0x00000000e8a00000, 0x00000000e8a00000, 0x00000000e8b00000|  0%| F|  |TAMS 0x00000000e8a00000, 0x00000000e8a00000| Untracked 
| 139|0x00000000e8b00000, 0x00000000e8b00000, 0x00000000e8c00000|  0%| F|  |TAMS 0x00000000e8b00000, 0x00000000e8b00000| Untracked 
| 140|0x00000000e8c00000, 0x00000000e8c00000, 0x00000000e8d00000|  0%| F|  |TAMS 0x00000000e8c00000, 0x00000000e8c00000| Untracked 
| 141|0x00000000e8d00000, 0x00000000e8d00000, 0x00000000e8e00000|  0%| F|  |TAMS 0x00000000e8d00000, 0x00000000e8d00000| Untracked 
| 142|0x00000000e8e00000, 0x00000000e8e00000, 0x00000000e8f00000|  0%| F|  |TAMS 0x00000000e8e00000, 0x00000000e8e00000| Untracked 
| 143|0x00000000e8f00000, 0x00000000e8f00000, 0x00000000e9000000|  0%| F|  |TAMS 0x00000000e8f00000, 0x00000000e8f00000| Untracked 
| 144|0x00000000e9000000, 0x00000000e9000000, 0x00000000e9100000|  0%| F|  |TAMS 0x00000000e9000000, 0x00000000e9000000| Untracked 
| 145|0x00000000e9100000, 0x00000000e9100000, 0x00000000e9200000|  0%| F|  |TAMS 0x00000000e9100000, 0x00000000e9100000| Untracked 
| 146|0x00000000e9200000, 0x00000000e9200000, 0x00000000e9300000|  0%| F|  |TAMS 0x00000000e9200000, 0x00000000e9200000| Untracked 
| 147|0x00000000e9300000, 0x00000000e9300000, 0x00000000e9400000|  0%| F|  |TAMS 0x00000000e9300000, 0x00000000e9300000| Untracked 
| 148|0x00000000e9400000, 0x00000000e9400000, 0x00000000e9500000|  0%| F|  |TAMS 0x00000000e9400000, 0x00000000e9400000| Untracked 
| 149|0x00000000e9500000, 0x00000000e9500000, 0x00000000e9600000|  0%| F|  |TAMS 0x00000000e9500000, 0x00000000e9500000| Untracked 
| 150|0x00000000e9600000, 0x00000000e9600000, 0x00000000e9700000|  0%| F|  |TAMS 0x00000000e9600000, 0x00000000e9600000| Untracked 
| 151|0x00000000e9700000, 0x00000000e9700000, 0x00000000e9800000|  0%| F|  |TAMS 0x00000000e9700000, 0x00000000e9700000| Untracked 
| 152|0x00000000e9800000, 0x00000000e9800000, 0x00000000e9900000|  0%| F|  |TAMS 0x00000000e9800000, 0x00000000e9800000| Untracked 
| 153|0x00000000e9900000, 0x00000000e9900000, 0x00000000e9a00000|  0%| F|  |TAMS 0x00000000e9900000, 0x00000000e9900000| Untracked 
| 154|0x00000000e9a00000, 0x00000000e9a00000, 0x00000000e9b00000|  0%| F|  |TAMS 0x00000000e9a00000, 0x00000000e9a00000| Untracked 
| 155|0x00000000e9b00000, 0x00000000e9b00000, 0x00000000e9c00000|  0%| F|  |TAMS 0x00000000e9b00000, 0x00000000e9b00000| Untracked 
| 156|0x00000000e9c00000, 0x00000000e9c00000, 0x00000000e9d00000|  0%| F|  |TAMS 0x00000000e9c00000, 0x00000000e9c00000| Untracked 
| 157|0x00000000e9d00000, 0x00000000e9d00000, 0x00000000e9e00000|  0%| F|  |TAMS 0x00000000e9d00000, 0x00000000e9d00000| Untracked 
| 158|0x00000000e9e00000, 0x00000000e9e00000, 0x00000000e9f00000|  0%| F|  |TAMS 0x00000000e9e00000, 0x00000000e9e00000| Untracked 
| 159|0x00000000e9f00000, 0x00000000e9f00000, 0x00000000ea000000|  0%| F|  |TAMS 0x00000000e9f00000, 0x00000000e9f00000| Untracked 
| 160|0x00000000ea000000, 0x00000000ea000000, 0x00000000ea100000|  0%| F|  |TAMS 0x00000000ea000000, 0x00000000ea000000| Untracked 
| 161|0x00000000ea100000, 0x00000000ea100000, 0x00000000ea200000|  0%| F|  |TAMS 0x00000000ea100000, 0x00000000ea100000| Untracked 
| 162|0x00000000ea200000, 0x00000000ea200000, 0x00000000ea300000|  0%| F|  |TAMS 0x00000000ea200000, 0x00000000ea200000| Untracked 
| 163|0x00000000ea300000, 0x00000000ea300000, 0x00000000ea400000|  0%| F|  |TAMS 0x00000000ea300000, 0x00000000ea300000| Untracked 
| 164|0x00000000ea400000, 0x00000000ea400000, 0x00000000ea500000|  0%| F|  |TAMS 0x00000000ea400000, 0x00000000ea400000| Untracked 
| 165|0x00000000ea500000, 0x00000000ea500000, 0x00000000ea600000|  0%| F|  |TAMS 0x00000000ea500000, 0x00000000ea500000| Untracked 
| 166|0x00000000ea600000, 0x00000000ea600000, 0x00000000ea700000|  0%| F|  |TAMS 0x00000000ea600000, 0x00000000ea600000| Untracked 
| 167|0x00000000ea700000, 0x00000000ea700000, 0x00000000ea800000|  0%| F|  |TAMS 0x00000000ea700000, 0x00000000ea700000| Untracked 
| 168|0x00000000ea800000, 0x00000000ea800000, 0x00000000ea900000|  0%| F|  |TAMS 0x00000000ea800000, 0x00000000ea800000| Untracked 
| 169|0x00000000ea900000, 0x00000000ea900000, 0x00000000eaa00000|  0%| F|  |TAMS 0x00000000ea900000, 0x00000000ea900000| Untracked 
| 170|0x00000000eaa00000, 0x00000000eaa00000, 0x00000000eab00000|  0%| F|  |TAMS 0x00000000eaa00000, 0x00000000eaa00000| Untracked 
| 171|0x00000000eab00000, 0x00000000eab00000, 0x00000000eac00000|  0%| F|  |TAMS 0x00000000eab00000, 0x00000000eab00000| Untracked 
| 172|0x00000000eac00000, 0x00000000eac00000, 0x00000000ead00000|  0%| F|  |TAMS 0x00000000eac00000, 0x00000000eac00000| Untracked 
| 173|0x00000000ead00000, 0x00000000ead00000, 0x00000000eae00000|  0%| F|  |TAMS 0x00000000ead00000, 0x00000000ead00000| Untracked 
| 174|0x00000000eae00000, 0x00000000eae00000, 0x00000000eaf00000|  0%| F|  |TAMS 0x00000000eae00000, 0x00000000eae00000| Untracked 
| 175|0x00000000eaf00000, 0x00000000eaf00000, 0x00000000eb000000|  0%| F|  |TAMS 0x00000000eaf00000, 0x00000000eaf00000| Untracked 
| 176|0x00000000eb000000, 0x00000000eb000000, 0x00000000eb100000|  0%| F|  |TAMS 0x00000000eb000000, 0x00000000eb000000| Untracked 
| 177|0x00000000eb100000, 0x00000000eb100000, 0x00000000eb200000|  0%| F|  |TAMS 0x00000000eb100000, 0x00000000eb100000| Untracked 
| 178|0x00000000eb200000, 0x00000000eb200000, 0x00000000eb300000|  0%| F|  |TAMS 0x00000000eb200000, 0x00000000eb200000| Untracked 
| 179|0x00000000eb300000, 0x00000000eb300000, 0x00000000eb400000|  0%| F|  |TAMS 0x00000000eb300000, 0x00000000eb300000| Untracked 
| 180|0x00000000eb400000, 0x00000000eb400000, 0x00000000eb500000|  0%| F|  |TAMS 0x00000000eb400000, 0x00000000eb400000| Untracked 
| 181|0x00000000eb500000, 0x00000000eb500000, 0x00000000eb600000|  0%| F|  |TAMS 0x00000000eb500000, 0x00000000eb500000| Untracked 
| 182|0x00000000eb600000, 0x00000000eb600000, 0x00000000eb700000|  0%| F|  |TAMS 0x00000000eb600000, 0x00000000eb600000| Untracked 
| 183|0x00000000eb700000, 0x00000000eb700000, 0x00000000eb800000|  0%| F|  |TAMS 0x00000000eb700000, 0x00000000eb700000| Untracked 
| 184|0x00000000eb800000, 0x00000000eb800000, 0x00000000eb900000|  0%| F|  |TAMS 0x00000000eb800000, 0x00000000eb800000| Untracked 
| 185|0x00000000eb900000, 0x00000000eb900000, 0x00000000eba00000|  0%| F|  |TAMS 0x00000000eb900000, 0x00000000eb900000| Untracked 
| 186|0x00000000eba00000, 0x00000000eba00000, 0x00000000ebb00000|  0%| F|  |TAMS 0x00000000eba00000, 0x00000000eba00000| Untracked 
| 187|0x00000000ebb00000, 0x00000000ebb00000, 0x00000000ebc00000|  0%| F|  |TAMS 0x00000000ebb00000, 0x00000000ebb00000| Untracked 
| 188|0x00000000ebc00000, 0x00000000ebc00000, 0x00000000ebd00000|  0%| F|  |TAMS 0x00000000ebc00000, 0x00000000ebc00000| Untracked 
| 189|0x00000000ebd00000, 0x00000000ebd00000, 0x00000000ebe00000|  0%| F|  |TAMS 0x00000000ebd00000, 0x00000000ebd00000| Untracked 
| 190|0x00000000ebe00000, 0x00000000ebe00000, 0x00000000ebf00000|  0%| F|  |TAMS 0x00000000ebe00000, 0x00000000ebe00000| Untracked 
| 191|0x00000000ebf00000, 0x00000000ebf00000, 0x00000000ec000000|  0%| F|  |TAMS 0x00000000ebf00000, 0x00000000ebf00000| Untracked 
| 192|0x00000000ec000000, 0x00000000ec000000, 0x00000000ec100000|  0%| F|  |TAMS 0x00000000ec000000, 0x00000000ec000000| Untracked 
| 193|0x00000000ec100000, 0x00000000ec100000, 0x00000000ec200000|  0%| F|  |TAMS 0x00000000ec100000, 0x00000000ec100000| Untracked 
| 194|0x00000000ec200000, 0x00000000ec200000, 0x00000000ec300000|  0%| F|  |TAMS 0x00000000ec200000, 0x00000000ec200000| Untracked 
| 195|0x00000000ec300000, 0x00000000ec300000, 0x00000000ec400000|  0%| F|  |TAMS 0x00000000ec300000, 0x00000000ec300000| Untracked 
| 196|0x00000000ec400000, 0x00000000ec400000, 0x00000000ec500000|  0%| F|  |TAMS 0x00000000ec400000, 0x00000000ec400000| Untracked 
| 197|0x00000000ec500000, 0x00000000ec500000, 0x00000000ec600000|  0%| F|  |TAMS 0x00000000ec500000, 0x00000000ec500000| Untracked 
| 198|0x00000000ec600000, 0x00000000ec600000, 0x00000000ec700000|  0%| F|  |TAMS 0x00000000ec600000, 0x00000000ec600000| Untracked 
| 199|0x00000000ec700000, 0x00000000ec700000, 0x00000000ec800000|  0%| F|  |TAMS 0x00000000ec700000, 0x00000000ec700000| Untracked 
| 200|0x00000000ec800000, 0x00000000ec800000, 0x00000000ec900000|  0%| F|  |TAMS 0x00000000ec800000, 0x00000000ec800000| Untracked 
| 201|0x00000000ec900000, 0x00000000ec900000, 0x00000000eca00000|  0%| F|  |TAMS 0x00000000ec900000, 0x00000000ec900000| Untracked 
| 202|0x00000000eca00000, 0x00000000eca00000, 0x00000000ecb00000|  0%| F|  |TAMS 0x00000000eca00000, 0x00000000eca00000| Untracked 
| 203|0x00000000ecb00000, 0x00000000ecb00000, 0x00000000ecc00000|  0%| F|  |TAMS 0x00000000ecb00000, 0x00000000ecb00000| Untracked 
| 204|0x00000000ecc00000, 0x00000000ecc00000, 0x00000000ecd00000|  0%| F|  |TAMS 0x00000000ecc00000, 0x00000000ecc00000| Untracked 
| 205|0x00000000ecd00000, 0x00000000ecd00000, 0x00000000ece00000|  0%| F|  |TAMS 0x00000000ecd00000, 0x00000000ecd00000| Untracked 
| 206|0x00000000ece00000, 0x00000000ece00000, 0x00000000ecf00000|  0%| F|  |TAMS 0x00000000ece00000, 0x00000000ece00000| Untracked 
| 207|0x00000000ecf00000, 0x00000000ecf00000, 0x00000000ed000000|  0%| F|  |TAMS 0x00000000ecf00000, 0x00000000ecf00000| Untracked 
| 208|0x00000000ed000000, 0x00000000ed000000, 0x00000000ed100000|  0%| F|  |TAMS 0x00000000ed000000, 0x00000000ed000000| Untracked 
| 209|0x00000000ed100000, 0x00000000ed100000, 0x00000000ed200000|  0%| F|  |TAMS 0x00000000ed100000, 0x00000000ed100000| Untracked 
| 210|0x00000000ed200000, 0x00000000ed200000, 0x00000000ed300000|  0%| F|  |TAMS 0x00000000ed200000, 0x00000000ed200000| Untracked 
| 211|0x00000000ed300000, 0x00000000ed300000, 0x00000000ed400000|  0%| F|  |TAMS 0x00000000ed300000, 0x00000000ed300000| Untracked 
| 212|0x00000000ed400000, 0x00000000ed400000, 0x00000000ed500000|  0%| F|  |TAMS 0x00000000ed400000, 0x00000000ed400000| Untracked 
| 213|0x00000000ed500000, 0x00000000ed500000, 0x00000000ed600000|  0%| F|  |TAMS 0x00000000ed500000, 0x00000000ed500000| Untracked 
| 214|0x00000000ed600000, 0x00000000ed600000, 0x00000000ed700000|  0%| F|  |TAMS 0x00000000ed600000, 0x00000000ed600000| Untracked 
| 215|0x00000000ed700000, 0x00000000ed700000, 0x00000000ed800000|  0%| F|  |TAMS 0x00000000ed700000, 0x00000000ed700000| Untracked 
| 216|0x00000000ed800000, 0x00000000ed800000, 0x00000000ed900000|  0%| F|  |TAMS 0x00000000ed800000, 0x00000000ed800000| Untracked 
| 217|0x00000000ed900000, 0x00000000ed900000, 0x00000000eda00000|  0%| F|  |TAMS 0x00000000ed900000, 0x00000000ed900000| Untracked 
| 218|0x00000000eda00000, 0x00000000eda00000, 0x00000000edb00000|  0%| F|  |TAMS 0x00000000eda00000, 0x00000000eda00000| Untracked 
| 219|0x00000000edb00000, 0x00000000edb00000, 0x00000000edc00000|  0%| F|  |TAMS 0x00000000edb00000, 0x00000000edb00000| Untracked 
| 220|0x00000000edc00000, 0x00000000edc00000, 0x00000000edd00000|  0%| F|  |TAMS 0x00000000edc00000, 0x00000000edc00000| Untracked 
| 221|0x00000000edd00000, 0x00000000edd00000, 0x00000000ede00000|  0%| F|  |TAMS 0x00000000edd00000, 0x00000000edd00000| Untracked 
| 222|0x00000000ede00000, 0x00000000ede00000, 0x00000000edf00000|  0%| F|  |TAMS 0x00000000ede00000, 0x00000000ede00000| Untracked 
| 223|0x00000000edf00000, 0x00000000edf00000, 0x00000000ee000000|  0%| F|  |TAMS 0x00000000edf00000, 0x00000000edf00000| Untracked 
| 224|0x00000000ee000000, 0x00000000ee000000, 0x00000000ee100000|  0%| F|  |TAMS 0x00000000ee000000, 0x00000000ee000000| Untracked 
| 225|0x00000000ee100000, 0x00000000ee100000, 0x00000000ee200000|  0%| F|  |TAMS 0x00000000ee100000, 0x00000000ee100000| Untracked 
| 226|0x00000000ee200000, 0x00000000ee200000, 0x00000000ee300000|  0%| F|  |TAMS 0x00000000ee200000, 0x00000000ee200000| Untracked 
| 227|0x00000000ee300000, 0x00000000ee300000, 0x00000000ee400000|  0%| F|  |TAMS 0x00000000ee300000, 0x00000000ee300000| Untracked 
| 228|0x00000000ee400000, 0x00000000ee400000, 0x00000000ee500000|  0%| F|  |TAMS 0x00000000ee400000, 0x00000000ee400000| Untracked 
| 229|0x00000000ee500000, 0x00000000ee500000, 0x00000000ee600000|  0%| F|  |TAMS 0x00000000ee500000, 0x00000000ee500000| Untracked 
| 230|0x00000000ee600000, 0x00000000ee600000, 0x00000000ee700000|  0%| F|  |TAMS 0x00000000ee600000, 0x00000000ee600000| Untracked 
| 231|0x00000000ee700000, 0x00000000ee700000, 0x00000000ee800000|  0%| F|  |TAMS 0x00000000ee700000, 0x00000000ee700000| Untracked 
| 232|0x00000000ee800000, 0x00000000ee800000, 0x00000000ee900000|  0%| F|  |TAMS 0x00000000ee800000, 0x00000000ee800000| Untracked 
| 233|0x00000000ee900000, 0x00000000ee900000, 0x00000000eea00000|  0%| F|  |TAMS 0x00000000ee900000, 0x00000000ee900000| Untracked 
| 234|0x00000000eea00000, 0x00000000eea00000, 0x00000000eeb00000|  0%| F|  |TAMS 0x00000000eea00000, 0x00000000eea00000| Untracked 
| 235|0x00000000eeb00000, 0x00000000eeb00000, 0x00000000eec00000|  0%| F|  |TAMS 0x00000000eeb00000, 0x00000000eeb00000| Untracked 
| 236|0x00000000eec00000, 0x00000000eec00000, 0x00000000eed00000|  0%| F|  |TAMS 0x00000000eec00000, 0x00000000eec00000| Untracked 
| 237|0x00000000eed00000, 0x00000000eed00000, 0x00000000eee00000|  0%| F|  |TAMS 0x00000000eed00000, 0x00000000eed00000| Untracked 
| 238|0x00000000eee00000, 0x00000000eee00000, 0x00000000eef00000|  0%| F|  |TAMS 0x00000000eee00000, 0x00000000eee00000| Untracked 
| 239|0x00000000eef00000, 0x00000000eef00000, 0x00000000ef000000|  0%| F|  |TAMS 0x00000000eef00000, 0x00000000eef00000| Untracked 
| 240|0x00000000ef000000, 0x00000000ef000000, 0x00000000ef100000|  0%| F|  |TAMS 0x00000000ef000000, 0x00000000ef000000| Untracked 
| 241|0x00000000ef100000, 0x00000000ef100000, 0x00000000ef200000|  0%| F|  |TAMS 0x00000000ef100000, 0x00000000ef100000| Untracked 
| 242|0x00000000ef200000, 0x00000000ef200000, 0x00000000ef300000|  0%| F|  |TAMS 0x00000000ef200000, 0x00000000ef200000| Untracked 
| 243|0x00000000ef300000, 0x00000000ef400000, 0x00000000ef400000|100%| E|  |TAMS 0x00000000ef300000, 0x00000000ef300000| Complete 
| 244|0x00000000ef400000, 0x00000000ef500000, 0x00000000ef500000|100%| E|CS|TAMS 0x00000000ef400000, 0x00000000ef400000| Complete 
| 245|0x00000000ef500000, 0x00000000ef600000, 0x00000000ef600000|100%| E|CS|TAMS 0x00000000ef500000, 0x00000000ef500000| Complete 
| 246|0x00000000ef600000, 0x00000000ef700000, 0x00000000ef700000|100%| E|CS|TAMS 0x00000000ef600000, 0x00000000ef600000| Complete 
| 247|0x00000000ef700000, 0x00000000ef800000, 0x00000000ef800000|100%| E|CS|TAMS 0x00000000ef700000, 0x00000000ef700000| Complete 
| 248|0x00000000ef800000, 0x00000000ef900000, 0x00000000ef900000|100%| E|CS|TAMS 0x00000000ef800000, 0x00000000ef800000| Complete 
| 249|0x00000000ef900000, 0x00000000efa00000, 0x00000000efa00000|100%| E|CS|TAMS 0x00000000ef900000, 0x00000000ef900000| Complete 
| 250|0x00000000efa00000, 0x00000000efb00000, 0x00000000efb00000|100%| E|CS|TAMS 0x00000000efa00000, 0x00000000efa00000| Complete 
| 251|0x00000000efb00000, 0x00000000efc00000, 0x00000000efc00000|100%| E|CS|TAMS 0x00000000efb00000, 0x00000000efb00000| Complete 
| 252|0x00000000efc00000, 0x00000000efd00000, 0x00000000efd00000|100%| E|CS|TAMS 0x00000000efc00000, 0x00000000efc00000| Complete 
| 253|0x00000000efd00000, 0x00000000efe00000, 0x00000000efe00000|100%| E|CS|TAMS 0x00000000efd00000, 0x00000000efd00000| Complete 
| 254|0x00000000efe00000, 0x00000000eff00000, 0x00000000eff00000|100%| E|CS|TAMS 0x00000000efe00000, 0x00000000efe00000| Complete 
| 255|0x00000000eff00000, 0x00000000f0000000, 0x00000000f0000000|100%| E|CS|TAMS 0x00000000eff00000, 0x00000000eff00000| Complete 

Card table byte_map: [0x000001791e030000,0x000001791e130000] _byte_map_base: 0x000001791d930000

Marking Bits (Prev, Next): (CMBitMap*) 0x0000017906682170, (CMBitMap*) 0x00000179066821b0
 Prev Bits: [0x000001791e230000, 0x000001791ea30000)
 Next Bits: [0x000001791ea30000, 0x000001791f230000)

Polling page: 0x0000017904670000

Metaspace:

Usage:
  Non-class:     47.27 MB used.
      Class:      7.39 MB used.
       Both:     54.67 MB used.

Virtual space:
  Non-class space:       48.00 MB reserved,      47.56 MB (>99%) committed,  6 nodes.
      Class space:      208.00 MB reserved,       7.63 MB (  4%) committed,  1 nodes.
              Both:      256.00 MB reserved,      55.19 MB ( 22%) committed. 

Chunk freelists:
   Non-Class:  453.00 KB
       Class:  225.00 KB
        Both:  678.00 KB

MaxMetaspaceSize: 256.00 MB
CompressedClassSpaceSize: 208.00 MB
 - commit_granule_bytes: 65536.
 - commit_granule_words: 8192.
 - virtual_space_node_default_size: 1048576.
 - enlarge_chunks_in_place: 1.
 - new_chunks_are_fully_committed: 0.
 - uncommit_free_chunks: 1.
 - use_allocation_guard: 0.
 - handle_deallocations: 1.


Internal statistics:

num_allocs_failed_limit: 6.
num_arena_births: 658.
num_arena_deaths: 0.
num_vsnodes_births: 7.
num_vsnodes_deaths: 0.
num_space_committed: 883.
num_space_uncommitted: 0.
num_chunks_returned_to_freelist: 6.
num_chunks_taken_from_freelist: 2859.
num_chunk_merges: 6.
num_chunk_splits: 1868.
num_chunks_enlarged: 1227.
num_purges: 0.

CodeHeap 'non-profiled nmethods': size=120000Kb used=4190Kb max_used=4190Kb free=115809Kb
 bounds [0x0000017916b00000, 0x0000017916f20000, 0x000001791e030000]
CodeHeap 'profiled nmethods': size=120000Kb used=12827Kb max_used=12827Kb free=107173Kb
 bounds [0x000001790f5d0000, 0x0000017910260000, 0x0000017916b00000]
CodeHeap 'non-nmethods': size=5760Kb used=2349Kb max_used=2401Kb free=3410Kb
 bounds [0x000001790f030000, 0x000001790f2a0000, 0x000001790f5d0000]
 total_blobs=7344 nmethods=6483 adapters=771
 compilation: enabled
              stopped_count=0, restarted_count=0
 full_count=0

Compilation events (20 events):
Event: 431347.766 Thread 0x00000179217f0b20 nmethod 7323 0x0000017916f17090 code [0x0000017916f17220, 0x0000017916f172f8]
Event: 431347.767 Thread 0x00000179217f0b20 7325       3       java.util.concurrent.locks.AbstractQueuedSynchronizer$ConditionObject::signalAll (34 bytes)
Event: 431347.774 Thread 0x00000179217f0b20 nmethod 7325 0x0000017910250b10 code [0x0000017910250ce0, 0x0000017910251048]
Event: 431347.774 Thread 0x00000179217f0b20 7324       1       com.google.common.collect.RegularImmutableList::internalArrayStart (2 bytes)
Event: 431347.774 Thread 0x00000179217f0b20 nmethod 7324 0x0000017916f17390 code [0x0000017916f17520, 0x0000017916f175f8]
Event: 431359.659 Thread 0x00000179217f0b20 7326       3       sun.nio.ch.IOStatus::okayToRetry (22 bytes)
Event: 431359.660 Thread 0x00000179217f0b20 nmethod 7326 0x0000017910251190 code [0x0000017910251320, 0x00000179102514b8]
Event: 431359.669 Thread 0x00000179217f0b20 7327       3       java.io.ObjectInputStream$HandleTable::assign (48 bytes)
Event: 431359.670 Thread 0x00000179217f0b20 nmethod 7327 0x0000017910251590 code [0x0000017910251760, 0x0000017910251ae8]
Event: 431359.670 Thread 0x00000179217f0b20 7328       3       java.io.ObjectInputStream$HandleTable::finish (111 bytes)
Event: 431359.676 Thread 0x00000179217f0b20 nmethod 7328 0x0000017910251c90 code [0x0000017910251e80, 0x0000017910252488]
Event: 431553.127 Thread 0x00000179217f0b20 7329       3       org.gradle.internal.serialize.InputStreamBackedDecoder::readBoolean (8 bytes)
Event: 431553.133 Thread 0x00000179217f0b20 nmethod 7329 0x0000017910252690 code [0x0000017910252860, 0x0000017910252bf8]
Event: 431569.096 Thread 0x00000179217f0b20 7330   !   3       sun.nio.ch.WindowsSelectorImpl$SubSelector::processFDSet (192 bytes)
Event: 431569.136 Thread 0x00000179217f0b20 nmethod 7330 0x0000017910252d90 code [0x0000017910253000, 0x0000017910253e98]
Event: 431569.136 Thread 0x00000179217f0b20 7331       1       sun.nio.ch.SelectionKeyImpl::nioReadyOps (5 bytes)
Event: 431569.136 Thread 0x00000179217f0b20 nmethod 7331 0x0000017916f17690 code [0x0000017916f17820, 0x0000017916f178f8]
Event: 431572.183 Thread 0x00000179217f0b20 7332   !   3       java.util.concurrent.locks.AbstractQueuedSynchronizer::acquire (407 bytes)
Event: 431572.199 Thread 0x00000179217f0b20 nmethod 7332 0x0000017910254410 code [0x00000179102547a0, 0x0000017910256328]
Event: 431653.836 Thread 0x00000179217ef110 7333   !   4       java.util.concurrent.locks.AbstractQueuedSynchronizer::acquire (407 bytes)

GC Heap History (20 events):
Event: 356505.376 GC heap before
{Heap before GC invocations=52 (full 0):
 garbage-first heap   total 262144K, used 197298K [0x00000000e0000000, 0x0000000100000000)
  region size 1024K, 153 young (156672K), 1 survivors (1024K)
 Metaspace       used 55917K, committed 56448K, reserved 262144K
  class space    used 7570K, committed 7808K, reserved 212992K
}
Event: 356505.443 GC heap after
{Heap after GC invocations=53 (full 0):
 garbage-first heap   total 262144K, used 41646K [0x00000000e0000000, 0x0000000100000000)
  region size 1024K, 1 young (1024K), 1 survivors (1024K)
 Metaspace       used 55917K, committed 56448K, reserved 262144K
  class space    used 7570K, committed 7808K, reserved 212992K
}
Event: 364574.597 GC heap before
{Heap before GC invocations=53 (full 0):
 garbage-first heap   total 262144K, used 197294K [0x00000000e0000000, 0x0000000100000000)
  region size 1024K, 153 young (156672K), 1 survivors (1024K)
 Metaspace       used 55917K, committed 56448K, reserved 262144K
  class space    used 7570K, committed 7808K, reserved 212992K
}
Event: 364574.664 GC heap after
{Heap after GC invocations=54 (full 0):
 garbage-first heap   total 262144K, used 41650K [0x00000000e0000000, 0x0000000100000000)
  region size 1024K, 1 young (1024K), 1 survivors (1024K)
 Metaspace       used 55917K, committed 56448K, reserved 262144K
  class space    used 7570K, committed 7808K, reserved 212992K
}
Event: 372352.944 GC heap before
{Heap before GC invocations=54 (full 0):
 garbage-first heap   total 262144K, used 197298K [0x00000000e0000000, 0x0000000100000000)
  region size 1024K, 153 young (156672K), 1 survivors (1024K)
 Metaspace       used 55917K, committed 56448K, reserved 262144K
  class space    used 7570K, committed 7808K, reserved 212992K
}
Event: 372352.997 GC heap after
{Heap after GC invocations=55 (full 0):
 garbage-first heap   total 262144K, used 41648K [0x00000000e0000000, 0x0000000100000000)
  region size 1024K, 1 young (1024K), 1 survivors (1024K)
 Metaspace       used 55917K, committed 56448K, reserved 262144K
  class space    used 7570K, committed 7808K, reserved 212992K
}
Event: 423575.969 GC heap before
{Heap before GC invocations=55 (full 0):
 garbage-first heap   total 262144K, used 197296K [0x00000000e0000000, 0x0000000100000000)
  region size 1024K, 153 young (156672K), 1 survivors (1024K)
 Metaspace       used 55917K, committed 56448K, reserved 262144K
  class space    used 7570K, committed 7808K, reserved 212992K
}
Event: 423576.245 GC heap after
{Heap after GC invocations=56 (full 0):
 garbage-first heap   total 262144K, used 41672K [0x00000000e0000000, 0x0000000100000000)
  region size 1024K, 1 young (1024K), 1 survivors (1024K)
 Metaspace       used 55917K, committed 56448K, reserved 262144K
  class space    used 7570K, committed 7808K, reserved 212992K
}
Event: 423581.017 GC heap before
{Heap before GC invocations=56 (full 0):
 garbage-first heap   total 262144K, used 197320K [0x00000000e0000000, 0x0000000100000000)
  region size 1024K, 153 young (156672K), 1 survivors (1024K)
 Metaspace       used 55917K, committed 56448K, reserved 262144K
  class space    used 7570K, committed 7808K, reserved 212992K
}
Event: 423581.023 GC heap after
{Heap after GC invocations=57 (full 0):
 garbage-first heap   total 262144K, used 41650K [0x00000000e0000000, 0x0000000100000000)
  region size 1024K, 1 young (1024K), 1 survivors (1024K)
 Metaspace       used 55917K, committed 56448K, reserved 262144K
  class space    used 7570K, committed 7808K, reserved 212992K
}
Event: 423584.308 GC heap before
{Heap before GC invocations=57 (full 0):
 garbage-first heap   total 262144K, used 197298K [0x00000000e0000000, 0x0000000100000000)
  region size 1024K, 153 young (156672K), 1 survivors (1024K)
 Metaspace       used 55917K, committed 56448K, reserved 262144K
  class space    used 7570K, committed 7808K, reserved 212992K
}
Event: 423584.312 GC heap after
{Heap after GC invocations=58 (full 0):
 garbage-first heap   total 262144K, used 41650K [0x00000000e0000000, 0x0000000100000000)
  region size 1024K, 1 young (1024K), 1 survivors (1024K)
 Metaspace       used 55917K, committed 56448K, reserved 262144K
  class space    used 7570K, committed 7808K, reserved 212992K
}
Event: 423588.268 GC heap before
{Heap before GC invocations=58 (full 0):
 garbage-first heap   total 262144K, used 197298K [0x00000000e0000000, 0x0000000100000000)
  region size 1024K, 153 young (156672K), 1 survivors (1024K)
 Metaspace       used 55917K, committed 56448K, reserved 262144K
  class space    used 7570K, committed 7808K, reserved 212992K
}
Event: 423588.270 GC heap after
{Heap after GC invocations=59 (full 0):
 garbage-first heap   total 262144K, used 41648K [0x00000000e0000000, 0x0000000100000000)
  region size 1024K, 1 young (1024K), 1 survivors (1024K)
 Metaspace       used 55917K, committed 56448K, reserved 262144K
  class space    used 7570K, committed 7808K, reserved 212992K
}
Event: 423627.469 GC heap before
{Heap before GC invocations=59 (full 0):
 garbage-first heap   total 262144K, used 197296K [0x00000000e0000000, 0x0000000100000000)
  region size 1024K, 153 young (156672K), 1 survivors (1024K)
 Metaspace       used 55917K, committed 56448K, reserved 262144K
  class space    used 7570K, committed 7808K, reserved 212992K
}
Event: 423627.472 GC heap after
{Heap after GC invocations=60 (full 0):
 garbage-first heap   total 262144K, used 41680K [0x00000000e0000000, 0x0000000100000000)
  region size 1024K, 1 young (1024K), 1 survivors (1024K)
 Metaspace       used 55917K, committed 56448K, reserved 262144K
  class space    used 7570K, committed 7808K, reserved 212992K
}
Event: 424013.410 GC heap before
{Heap before GC invocations=60 (full 0):
 garbage-first heap   total 262144K, used 197328K [0x00000000e0000000, 0x0000000100000000)
  region size 1024K, 153 young (156672K), 1 survivors (1024K)
 Metaspace       used 55917K, committed 56448K, reserved 262144K
  class space    used 7570K, committed 7808K, reserved 212992K
}
Event: 424013.418 GC heap after
{Heap after GC invocations=61 (full 0):
 garbage-first heap   total 262144K, used 41650K [0x00000000e0000000, 0x0000000100000000)
  region size 1024K, 1 young (1024K), 1 survivors (1024K)
 Metaspace       used 55917K, committed 56448K, reserved 262144K
  class space    used 7570K, committed 7808K, reserved 212992K
}
Event: 431234.358 GC heap before
{Heap before GC invocations=61 (full 0):
 garbage-first heap   total 262144K, used 197298K [0x00000000e0000000, 0x0000000100000000)
  region size 1024K, 153 young (156672K), 1 survivors (1024K)
 Metaspace       used 55958K, committed 56512K, reserved 262144K
  class space    used 7571K, committed 7808K, reserved 212992K
}
Event: 431234.415 GC heap after
{Heap after GC invocations=62 (full 0):
 garbage-first heap   total 262144K, used 41652K [0x00000000e0000000, 0x0000000100000000)
  region size 1024K, 1 young (1024K), 1 survivors (1024K)
 Metaspace       used 55958K, committed 56512K, reserved 262144K
  class space    used 7571K, committed 7808K, reserved 212992K
}

Deoptimization events (20 events):
Event: 424563.166 Thread 0x000001792350b1e0 Uncommon trap: trap_request=0xffffff45 fr.pc=0x0000017916edb184 relative=0x0000000000000c84
Event: 424563.169 Thread 0x000001792350b1e0 Uncommon trap: reason=unstable_if action=reinterpret pc=0x0000017916edb184 method=org.gradle.launcher.daemon.registry.PersistentDaemonRegistry.getDaemonsMatching(Lorg/gradle/api/specs/Spec;)Ljava/util/List; @ 60 c2
Event: 424563.174 Thread 0x000001792350b1e0 DEOPT PACKING pc=0x0000017916edb184 sp=0x0000002358bff270
Event: 424563.183 Thread 0x000001792350b1e0 DEOPT UNPACKING pc=0x000001790f07d72e sp=0x0000002358bff0e0 mode 2
Event: 430394.494 Thread 0x000001792350e1b0 DEOPT PACKING pc=0x000001790f68d0dd sp=0x0000002358afde60
Event: 430394.498 Thread 0x000001792350e1b0 DEOPT UNPACKING pc=0x000001790f07dece sp=0x0000002358afd2f8 mode 0
Event: 431336.657 Thread 0x00000179239e5040 DEOPT PACKING pc=0x000001790fa61deb sp=0x00000023570fe620
Event: 431336.664 Thread 0x00000179239e5040 DEOPT UNPACKING pc=0x000001790f07dece sp=0x00000023570fdad0 mode 0
Event: 431393.132 Thread 0x000001792350b1e0 Uncommon trap: trap_request=0xffffff45 fr.pc=0x0000017916ec5dcc relative=0x00000000000004ec
Event: 431393.135 Thread 0x000001792350b1e0 Uncommon trap: reason=unstable_if action=reinterpret pc=0x0000017916ec5dcc method=org.gradle.launcher.daemon.registry.DaemonRegistryContent$Serializer.readStopEvents(Lorg/gradle/internal/serialize/Decoder;)Ljava/util/List; @ 22 c2
Event: 431393.135 Thread 0x000001792350b1e0 DEOPT PACKING pc=0x0000017916ec5dcc sp=0x0000002358bfee80
Event: 431393.135 Thread 0x000001792350b1e0 DEOPT UNPACKING pc=0x000001790f07d72e sp=0x0000002358bfed88 mode 2
Event: 431393.658 Thread 0x000001792350b1e0 Uncommon trap: trap_request=0xffffff45 fr.pc=0x0000017916e5960c relative=0x00000000000002cc
Event: 431393.658 Thread 0x000001792350b1e0 Uncommon trap: reason=unstable_if action=reinterpret pc=0x0000017916e5960c method=java.io.DataInputStream.readBoolean()Z @ 21 c2
Event: 431393.658 Thread 0x000001792350b1e0 DEOPT PACKING pc=0x0000017916e5960c sp=0x0000002358bfec60
Event: 431393.659 Thread 0x000001792350b1e0 DEOPT UNPACKING pc=0x000001790f07d72e sp=0x0000002358bfebb8 mode 2
Event: 431569.099 Thread 0x00000179239e2b10 Uncommon trap: trap_request=0xffffff45 fr.pc=0x0000017916b9d60c relative=0x000000000000024c
Event: 431569.099 Thread 0x00000179239e2b10 Uncommon trap: reason=unstable_if action=reinterpret pc=0x0000017916b9d60c method=java.util.concurrent.locks.AbstractQueuedSynchronizer.acquire(Ljava/util/concurrent/locks/AbstractQueuedSynchronizer$Node;IZZZJ)I @ 189 c2
Event: 431569.100 Thread 0x00000179239e2b10 DEOPT PACKING pc=0x0000017916b9d60c sp=0x00000023570ff220
Event: 431569.101 Thread 0x00000179239e2b10 DEOPT UNPACKING pc=0x000001790f07d72e sp=0x00000023570ff1c0 mode 2

Classes unloaded (0 events):
No events

Classes redefined (0 events):
No events

Internal exceptions (20 events):
Event: 11.471 Thread 0x00000179261b4a60 Exception <a 'sun/nio/fs/WindowsException'{0x00000000eeda2d38}> (0x00000000eeda2d38) 
thrown [c:\wsjdk\correttojdksrc\installers\windows\zip\corretto-build\buildroot\src\hotspot\share\prims\jni.cpp, line 579]
Event: 11.488 Thread 0x00000179261b4a60 Exception <a 'java/lang/NoSuchMethodError'{0x00000000eedd4190}: 'int java.lang.invoke.DirectMethodHandle$Holder.invokeStatic(java.lang.Object)'> (0x00000000eedd4190) 
thrown [c:\wsjdk\correttojdksrc\installers\windows\zip\corretto-build\buildroot\src\hotspot\share\interpreter\linkResolver.cpp, line 790]
Event: 11.489 Thread 0x00000179261b4a60 Exception <a 'java/lang/NoSuchMethodError'{0x00000000eedd84c0}: 'int java.lang.invoke.DirectMethodHandle$Holder.invokeStaticInit(java.lang.Object)'> (0x00000000eedd84c0) 
thrown [c:\wsjdk\correttojdksrc\installers\windows\zip\corretto-build\buildroot\src\hotspot\share\interpreter\linkResolver.cpp, line 790]
Event: 11.615 Thread 0x000001792350e700 Exception <a 'java/lang/NoSuchMethodError'{0x00000000eff083c8}: static Lorg/gradle/internal/build/event/types/DefaultTaskFinishedProgressEvent;.<clinit>()V> (0x00000000eff083c8) 
thrown [c:\wsjdk\correttojdksrc\installers\windows\zip\corretto-build\buildroot\src\hotspot\share\prims\jni.cpp, line 1210]
Event: 11.619 Thread 0x000001792350e700 Exception <a 'java/lang/NoSuchMethodError'{0x00000000eeab6168}: static Lorg/gradle/internal/build/event/types/DefaultJavaCompileTaskSuccessResult;.<clinit>()V> (0x00000000eeab6168) 
thrown [c:\wsjdk\correttojdksrc\installers\windows\zip\corretto-build\buildroot\src\hotspot\share\prims\jni.cpp, line 1210]
Event: 11.619 Thread 0x000001792350e700 Exception <a 'java/lang/NoSuchMethodError'{0x00000000eeab7990}: static Lorg/gradle/internal/build/event/types/DefaultTaskSuccessResult;.<clinit>()V> (0x00000000eeab7990) 
thrown [c:\wsjdk\correttojdksrc\installers\windows\zip\corretto-build\buildroot\src\hotspot\share\prims\jni.cpp, line 1210]
Event: 11.620 Thread 0x000001792350e700 Exception <a 'java/lang/NoSuchMethodError'{0x00000000eeab8bc0}: static Lorg/gradle/internal/build/event/types/AbstractTaskResult;.<clinit>()V> (0x00000000eeab8bc0) 
thrown [c:\wsjdk\correttojdksrc\installers\windows\zip\corretto-build\buildroot\src\hotspot\share\prims\jni.cpp, line 1210]
Event: 11.620 Thread 0x000001792350e700 Exception <a 'java/lang/NoSuchMethodError'{0x00000000eeaba1a0}: static Lorg/gradle/internal/build/event/types/AbstractResult;.<clinit>()V> (0x00000000eeaba1a0) 
thrown [c:\wsjdk\correttojdksrc\installers\windows\zip\corretto-build\buildroot\src\hotspot\share\prims\jni.cpp, line 1210]
Event: 11.623 Thread 0x000001792350e700 Exception <a 'java/lang/NoSuchMethodError'{0x00000000eead2610}: static [Ljava/lang/Object;.<clinit>()V> (0x00000000eead2610) 
thrown [c:\wsjdk\correttojdksrc\installers\windows\zip\corretto-build\buildroot\src\hotspot\share\prims\jni.cpp, line 1210]
Event: 11.642 Thread 0x000001792350e700 Exception <a 'java/lang/NoSuchMethodError'{0x00000000eeadb8e8}: static Lorg/gradle/internal/build/event/types/DefaultTaskSkippedResult;.<clinit>()V> (0x00000000eeadb8e8) 
thrown [c:\wsjdk\correttojdksrc\installers\windows\zip\corretto-build\buildroot\src\hotspot\share\prims\jni.cpp, line 1210]
Event: 11.664 Thread 0x00000179261b4a60 Exception <a 'java/lang/NoSuchMethodError'{0x00000000ee91be50}: 'void java.lang.invoke.DirectMethodHandle$Holder.invokeInterface(java.lang.Object, java.lang.Object, java.lang.Object, java.lang.Object)'> (0x00000000ee91be50) 
thrown [c:\wsjdk\correttojdksrc\installers\windows\zip\corretto-build\buildroot\src\hotspot\share\interpreter\linkResolver.cpp, line 790]
Event: 11.755 Thread 0x00000179261b5fa0 Exception <a 'java/lang/NoSuchMethodError'{0x00000000ee84bdc0}: 'void java.lang.invoke.DirectMethodHandle$Holder.invokeStatic(java.lang.Object, long)'> (0x00000000ee84bdc0) 
thrown [c:\wsjdk\correttojdksrc\installers\windows\zip\corretto-build\buildroot\src\hotspot\share\interpreter\linkResolver.cpp, line 790]
Event: 11.755 Thread 0x00000179261b5fa0 Exception <a 'java/lang/NoSuchMethodError'{0x00000000ee851290}: 'java.lang.Object java.lang.invoke.DirectMethodHandle$Holder.newInvokeSpecial(java.lang.Object, long)'> (0x00000000ee851290) 
thrown [c:\wsjdk\correttojdksrc\installers\windows\zip\corretto-build\buildroot\src\hotspot\share\interpreter\linkResolver.cpp, line 790]
Event: 11.758 Thread 0x00000179261b5fa0 Exception <a 'java/lang/NoSuchMethodError'{0x00000000ee858060}: 'java.lang.Object java.lang.invoke.DirectMethodHandle$Holder.invokeStatic(java.lang.Object, java.lang.Object, long, java.lang.Object)'> (0x00000000ee858060) 
thrown [c:\wsjdk\correttojdksrc\installers\windows\zip\corretto-build\buildroot\src\hotspot\share\interpreter\linkResolver.cpp, line 790]
Event: 11.759 Thread 0x00000179261b5fa0 Exception <a 'java/lang/NoSuchMethodError'{0x00000000ee85bce8}: 'java.lang.Object java.lang.invoke.DirectMethodHandle$Holder.invokeStaticInit(java.lang.Object, java.lang.Object, long, java.lang.Object)'> (0x00000000ee85bce8) 
thrown [c:\wsjdk\correttojdksrc\installers\windows\zip\corretto-build\buildroot\src\hotspot\share\interpreter\linkResolver.cpp, line 790]
Event: 43.119 Thread 0x000001792350b1e0 Implicit null exception at 0x0000017916b41172 to 0x0000017916b41764
Event: 43.119 Thread 0x000001792350b1e0 Implicit null exception at 0x0000017916b38b72 to 0x0000017916b39130
Event: 105.224 Thread 0x00000179239e8010 Exception <a 'java/lang/NoSuchMethodError'{0x00000000eddd5688}: 'void java.lang.invoke.DirectMethodHandle$Holder.invokeSpecial(java.lang.Object, java.lang.Object, java.lang.Object, int)'> (0x00000000eddd5688) 
thrown [c:\wsjdk\correttojdksrc\installers\windows\zip\corretto-build\buildroot\src\hotspot\share\interpreter\linkResolver.cpp, line 790]
Event: 105.230 Thread 0x00000179239e8010 Exception <a 'java/lang/NoSuchMethodError'{0x00000000edde9e98}: static Lorg/gradle/launcher/daemon/protocol/Command;.<clinit>()V> (0x00000000edde9e98) 
thrown [c:\wsjdk\correttojdksrc\installers\windows\zip\corretto-build\buildroot\src\hotspot\share\prims\jni.cpp, line 1210]
Event: 105.231 Thread 0x00000179239e8010 Exception <a 'java/lang/NoSuchMethodError'{0x00000000eddf1a90}: static Lorg/gradle/launcher/daemon/protocol/InvalidateVirtualFileSystem;.<clinit>()V> (0x00000000eddf1a90) 
thrown [c:\wsjdk\correttojdksrc\installers\windows\zip\corretto-build\buildroot\src\hotspot\share\prims\jni.cpp, line 1210]

Events (20 events):
Event: 431348.401 Executing  VM operation: Cleanup done
Event: 431359.660 Thread 0x00000179239e5040 Thread added: 0x00000179239e5040
Event: 431359.673 Thread 0x00000179239e5040 Thread exited: 0x00000179239e5040
Event: 431383.605 Thread 0x00000179239e6580 Thread added: 0x00000179239e6580
Event: 431383.608 Thread 0x00000179239e6580 Thread exited: 0x00000179239e6580
Event: 431393.861 Executing  VM operation: Cleanup
Event: 431393.861 Executing  VM operation: Cleanup done
Event: 431403.943 Executing  VM operation: Cleanup
Event: 431403.943 Executing  VM operation: Cleanup done
Event: 431443.611 Thread 0x00000179239e2b10 Thread exited: 0x00000179239e2b10
Event: 431480.989 Thread 0x00000179239e2b10 Thread added: 0x00000179239e2b10
Event: 431480.991 Thread 0x00000179239e5040 Thread added: 0x00000179239e5040
Event: 431481.045 Thread 0x00000179239e5040 Thread exited: 0x00000179239e5040
Event: 431541.052 Thread 0x00000179239e2b10 Thread exited: 0x00000179239e2b10
Event: 431563.135 Executing  VM operation: Cleanup
Event: 431563.136 Executing  VM operation: Cleanup done
Event: 431569.094 Thread 0x00000179239e5040 Thread added: 0x00000179239e5040
Event: 431569.095 Thread 0x00000179239e2b10 Thread added: 0x00000179239e2b10
Event: 431569.101 Thread 0x00000179239e2b10 Thread exited: 0x00000179239e2b10
Event: 431629.102 Thread 0x00000179239e5040 Thread exited: 0x00000179239e5040


Dynamic libraries:
0x00007ff782270000 - 0x00007ff78227d000 	C:\Users\flori\.jdks\corretto-16.0.2\bin\java.exe
0x00007ffdc2e60000 - 0x00007ffdc3069000 	C:\WINDOWS\SYSTEM32\ntdll.dll
0x00007ffdc1980000 - 0x00007ffdc1a3d000 	C:\WINDOWS\System32\KERNEL32.DLL
0x00007ffdc0800000 - 0x00007ffdc0b7c000 	C:\WINDOWS\System32\KERNELBASE.dll
0x00007ffdc0340000 - 0x00007ffdc0451000 	C:\WINDOWS\System32\ucrtbase.dll
0x00007ffda8600000 - 0x00007ffda8618000 	C:\Users\flori\.jdks\corretto-16.0.2\bin\jli.dll
0x00007ffdc13d0000 - 0x00007ffdc157d000 	C:\WINDOWS\System32\USER32.dll
0x00007ffdc07d0000 - 0x00007ffdc07f6000 	C:\WINDOWS\System32\win32u.dll
0x00007ffdc2b70000 - 0x00007ffdc2b99000 	C:\WINDOWS\System32\GDI32.dll
0x00007ffdc0460000 - 0x00007ffdc0579000 	C:\WINDOWS\System32\gdi32full.dll
0x00007ffdc0580000 - 0x00007ffdc061d000 	C:\WINDOWS\System32\msvcp_win.dll
0x00007ffda95f0000 - 0x00007ffda9605000 	C:\Users\flori\.jdks\corretto-16.0.2\bin\VCRUNTIME140.dll
0x00007ffda9a50000 - 0x00007ffda9cf5000 	C:\WINDOWS\WinSxS\amd64_microsoft.windows.common-controls_6595b64144ccf1df_6.0.22000.120_none_9d947278b86cc467\COMCTL32.dll
0x00007ffdc1a40000 - 0x00007ffdc1ae3000 	C:\WINDOWS\System32\msvcrt.dll
0x00007ffdc2de0000 - 0x00007ffdc2e11000 	C:\WINDOWS\System32\IMM32.DLL
0x00007ffd85f70000 - 0x00007ffd8600b000 	C:\Users\flori\.jdks\corretto-16.0.2\bin\msvcp140.dll
0x00007ffd48a00000 - 0x00007ffd49609000 	C:\Users\flori\.jdks\corretto-16.0.2\bin\server\jvm.dll
0x00007ffdc1320000 - 0x00007ffdc13ce000 	C:\WINDOWS\System32\ADVAPI32.dll
0x00007ffdc23d0000 - 0x00007ffdc246e000 	C:\WINDOWS\System32\sechost.dll
0x00007ffdc1090000 - 0x00007ffdc11b0000 	C:\WINDOWS\System32\RPCRT4.dll
0x00007ffdc0f60000 - 0x00007ffdc0f68000 	C:\WINDOWS\System32\PSAPI.DLL
0x00007ffd36ac0000 - 0x00007ffd36ac9000 	C:\WINDOWS\SYSTEM32\WSOCK32.dll
0x00007ffdc2b00000 - 0x00007ffdc2b6f000 	C:\WINDOWS\System32\WS2_32.dll
0x00007ffdba450000 - 0x00007ffdba483000 	C:\WINDOWS\SYSTEM32\WINMM.dll
0x00007ffdb7140000 - 0x00007ffdb714a000 	C:\WINDOWS\SYSTEM32\VERSION.dll
0x00007ffdbf430000 - 0x00007ffdbf448000 	C:\WINDOWS\SYSTEM32\kernel.appcore.dll
0x00007ffdb5cd0000 - 0x00007ffdb5cda000 	C:\Users\flori\.jdks\corretto-16.0.2\bin\jimage.dll
0x00007ffdab880000 - 0x00007ffdabaa1000 	C:\WINDOWS\SYSTEM32\DBGHELP.DLL
0x00007ffda50b0000 - 0x00007ffda50e1000 	C:\WINDOWS\SYSTEM32\dbgcore.DLL
0x00007ffdc0690000 - 0x00007ffdc070f000 	C:\WINDOWS\System32\bcryptPrimitives.dll
0x00007ffda09f0000 - 0x00007ffda0a15000 	C:\Users\flori\.jdks\corretto-16.0.2\bin\java.dll
0x00007ffdc1b90000 - 0x00007ffdc2348000 	C:\WINDOWS\System32\SHELL32.dll
0x00007ffdbe4a0000 - 0x00007ffdbed08000 	C:\WINDOWS\SYSTEM32\windows.storage.dll
0x00007ffdc1600000 - 0x00007ffdc1979000 	C:\WINDOWS\System32\combase.dll
0x00007ffdbe330000 - 0x00007ffdbe496000 	C:\WINDOWS\SYSTEM32\wintypes.dll
0x00007ffdc11b0000 - 0x00007ffdc129a000 	C:\WINDOWS\System32\SHCORE.dll
0x00007ffdc2370000 - 0x00007ffdc23cd000 	C:\WINDOWS\System32\shlwapi.dll
0x00007ffdc0270000 - 0x00007ffdc0291000 	C:\WINDOWS\SYSTEM32\profapi.dll
0x00007ffda7f50000 - 0x00007ffda7f69000 	C:\Users\flori\.jdks\corretto-16.0.2\bin\net.dll
0x00007ffdb8880000 - 0x00007ffdb898c000 	C:\WINDOWS\SYSTEM32\WINHTTP.dll
0x00007ffdbf860000 - 0x00007ffdbf8c7000 	C:\WINDOWS\system32\mswsock.dll
0x00007ffda73b0000 - 0x00007ffda73c3000 	C:\Users\flori\.jdks\corretto-16.0.2\bin\nio.dll
0x00007ffda5f60000 - 0x00007ffda5f78000 	C:\Users\flori\.jdks\corretto-16.0.2\bin\zip.dll
0x00007ffdb58e0000 - 0x00007ffdb58f0000 	C:\Users\flori\.jdks\corretto-16.0.2\bin\verify.dll
0x00007ffda8cd0000 - 0x00007ffda8cf7000 	C:\Users\flori\.gradle\native\e1d6ef7f7dcc3fd88c89a11ec53ec762bb8ba0a96d01ffa2cd45eb1d1d8dd5c5\windows-amd64\native-platform.dll
0x00007ffd85470000 - 0x00007ffd855b4000 	C:\Users\flori\.gradle\native\0d407fdbe67a94daf76414ababcb853783967236a71b16ec16e742cd7a986fd3\windows-amd64\native-platform-file-events.dll
0x00007ffdb4c40000 - 0x00007ffdb4c49000 	C:\Users\flori\.jdks\corretto-16.0.2\bin\management.dll
0x00007ffdb4b10000 - 0x00007ffdb4b1b000 	C:\Users\flori\.jdks\corretto-16.0.2\bin\management_ext.dll
0x00007ffdbfaa0000 - 0x00007ffdbfab8000 	C:\WINDOWS\SYSTEM32\CRYPTSP.dll
0x00007ffdbf390000 - 0x00007ffdbf3c5000 	C:\WINDOWS\system32\rsaenh.dll
0x00007ffdbf950000 - 0x00007ffdbf979000 	C:\WINDOWS\SYSTEM32\USERENV.dll
0x00007ffdbfc30000 - 0x00007ffdbfc57000 	C:\WINDOWS\SYSTEM32\bcrypt.dll
0x00007ffdbfac0000 - 0x00007ffdbfacc000 	C:\WINDOWS\SYSTEM32\CRYPTBASE.dll
0x00007ffdbef60000 - 0x00007ffdbef8d000 	C:\WINDOWS\SYSTEM32\IPHLPAPI.DLL
0x00007ffdc1af0000 - 0x00007ffdc1af9000 	C:\WINDOWS\System32\NSI.dll
0x00007ffdb93f0000 - 0x00007ffdb9409000 	C:\WINDOWS\SYSTEM32\dhcpcsvc6.DLL
0x00007ffdb99f0000 - 0x00007ffdb9a0e000 	C:\WINDOWS\SYSTEM32\dhcpcsvc.DLL
0x00007ffdbefd0000 - 0x00007ffdbf0b8000 	C:\WINDOWS\SYSTEM32\DNSAPI.dll
0x00007ffdae700000 - 0x00007ffdae70e000 	C:\Users\flori\.jdks\corretto-16.0.2\bin\sunmscapi.dll
0x00007ffdc0b80000 - 0x00007ffdc0ce2000 	C:\WINDOWS\System32\CRYPT32.dll
0x00007ffdbfc00000 - 0x00007ffdbfc28000 	C:\WINDOWS\SYSTEM32\ncrypt.dll
0x00007ffdbfbc0000 - 0x00007ffdbfbf7000 	C:\WINDOWS\SYSTEM32\NTASN1.dll
0x00007ffdb5d70000 - 0x00007ffdb5d78000 	C:\WINDOWS\system32\wshunix.dll

dbghelp: loaded successfully - version: 4.0.5 - missing functions: none
symbol engine: initialized successfully - sym options: 0x614 - pdb path: .;C:\Users\flori\.jdks\corretto-16.0.2\bin;C:\WINDOWS\SYSTEM32;C:\WINDOWS\WinSxS\amd64_microsoft.windows.common-controls_6595b64144ccf1df_6.0.22000.120_none_9d947278b86cc467;C:\Users\flori\.jdks\corretto-16.0.2\bin\server;C:\Users\flori\.gradle\native\e1d6ef7f7dcc3fd88c89a11ec53ec762bb8ba0a96d01ffa2cd45eb1d1d8dd5c5\windows-amd64;C:\Users\flori\.gradle\native\0d407fdbe67a94daf76414ababcb853783967236a71b16ec16e742cd7a986fd3\windows-amd64

VM Arguments:
jvm_args: --add-opens=java.base/java.util=ALL-UNNAMED --add-opens=java.base/java.lang=ALL-UNNAMED --add-opens=java.base/java.lang.invoke=ALL-UNNAMED --add-opens=java.base/java.util=ALL-UNNAMED --add-opens=java.prefs/java.util.prefs=ALL-UNNAMED --add-opens=java.prefs/java.util.prefs=ALL-UNNAMED --add-opens=java.base/java.nio.charset=ALL-UNNAMED --add-opens=java.base/java.net=ALL-UNNAMED --add-opens=java.base/java.util.concurrent.atomic=ALL-UNNAMED -XX:MaxMetaspaceSize=256m -XX:+HeapDumpOnOutOfMemoryError -Xms256m -Xmx512m -Dfile.encoding=windows-1252 -Duser.country=DE -Duser.language=de -Duser.variant 
java_command: org.gradle.launcher.daemon.bootstrap.GradleDaemon 7.5.1
java_class_path (initial): C:\Users\flori\.gradle\wrapper\dists\gradle-7.5.1-bin\7jzzequgds1hbszbhq3npc5ng\gradle-7.5.1\lib\gradle-launcher-7.5.1.jar
Launcher Type: SUN_STANDARD

[Global flags]
     intx CICompilerCount                          = 3                                         {product} {ergonomic}
   size_t CompressedClassSpaceSize                 = 218103808                                 {product} {ergonomic}
     uint ConcGCThreads                            = 1                                         {product} {ergonomic}
     uint G1ConcRefinementThreads                  = 4                                         {product} {ergonomic}
   size_t G1HeapRegionSize                         = 1048576                                   {product} {ergonomic}
    uintx GCDrainStackTargetSize                   = 64                                        {product} {ergonomic}
     bool HeapDumpOnOutOfMemoryError               = true                                   {manageable} {command line}
   size_t InitialHeapSize                          = 268435456                                 {product} {command line}
   size_t MarkStackSize                            = 4194304                                   {product} {ergonomic}
   size_t MaxHeapSize                              = 536870912                                 {product} {command line}
   size_t MaxMetaspaceSize                         = 268435456                                 {product} {command line}
   size_t MaxNewSize                               = 321912832                                 {product} {ergonomic}
   size_t MinHeapDeltaBytes                        = 1048576                                   {product} {ergonomic}
   size_t MinHeapSize                              = 268435456                                 {product} {command line}
    uintx NonNMethodCodeHeapSize                   = 5832780                                {pd product} {ergonomic}
    uintx NonProfiledCodeHeapSize                  = 122912730                              {pd product} {ergonomic}
    uintx ProfiledCodeHeapSize                     = 122912730                              {pd product} {ergonomic}
    uintx ReservedCodeCacheSize                    = 251658240                              {pd product} {ergonomic}
     bool SegmentedCodeCache                       = true                                      {product} {ergonomic}
   size_t SoftMaxHeapSize                          = 536870912                              {manageable} {ergonomic}
     bool UseCompressedClassPointers               = true                           {product lp64_product} {ergonomic}
     bool UseCompressedOops                        = true                           {product lp64_product} {ergonomic}
     bool UseG1GC                                  = true                                      {product} {ergonomic}
     bool UseLargePagesIndividualAllocation        = false                                  {pd product} {ergonomic}

Logging:
Log output configuration:
 #0: stdout all=warning uptime,level,tags
 #1: stderr all=off uptime,level,tags

Environment Variables:
PATH=C:\WINDOWS\system32;C:\WINDOWS;C:\WINDOWS\System32\Wbem;C:\WINDOWS\System32\WindowsPowerShell\v1.0\;C:\WINDOWS\System32\OpenSSH\;C:\Program Files\Microsoft SQL Server\120\Tools\Binn\;C:\Users\flori\AppData\Local\Microsoft\WindowsApps;%DASHLANE_DLL_DIR%;;C:\Users\flori\Downloads\Tina\Neuer Ordner\IntelliJ IDEA Community Edition 2022.2.1\bin;
USERNAME=flori
OS=Windows_NT
PROCESSOR_IDENTIFIER=AMD64 Family 23 Model 24 Stepping 1, AuthenticAMD



---------------  S Y S T E M  ---------------

OS:
 Windows 10 , 64 bit Build 22000 (10.0.22000.708)
OS uptime: 13 days 16:29 hours

CPU: total 4 (initial active 4) (4 cores per cpu, 2 threads per core) family 23 model 24 stepping 1 microcode 0x0, cx8, cmov, fxsr, ht, mmx, 3dnowpref, sse, sse2, sse3, ssse3, sse4a, sse4.1, sse4.2, popcnt, lzcnt, tsc, tscinvbit, avx, avx2, aes, clmul, bmi1, bmi2, adx, sha, fma, vzeroupper, clflush, clflushopt

Memory: 4k page, system-wide physical 6058M (421M free)
TotalPageFile size 24490M (AvailPageFile size 0M)
current process WorkingSet (physical memory assigned to process): 33M, peak: 348M
current process commit charge ("private bytes"): 454M, peak: 477M

vm_info: OpenJDK 64-Bit Server VM (16.0.2+7) for windows-amd64 JRE (16.0.2+7), built on Jul 22 2021 01:11:46 by "Administrator" with MS VC++ 15.9 (VS2017)

END.
